{"/Users/joelnewton/Desktop/2026-Code/projects/production/ModelLab/server.js": {"path":"/Users/joelnewton/Desktop/2026-Code/projects/production/ModelLab/server.js","statementMap":{"0":{"start":{"line":6,"column":16},"end":{"line":6,"column":34}},"1":{"start":{"line":7,"column":13},"end":{"line":7,"column":28}},"2":{"start":{"line":8,"column":13},"end":{"line":8,"column":28}},"3":{"start":{"line":9,"column":15},"end":{"line":9,"column":32}},"4":{"start":{"line":10,"column":18},"end":{"line":10,"column":47}},"5":{"start":{"line":11,"column":15},"end":{"line":11,"column":32}},"6":{"start":{"line":12,"column":0},"end":{"line":12,"column":27}},"7":{"start":{"line":14,"column":12},"end":{"line":14,"column":21}},"8":{"start":{"line":17,"column":13},"end":{"line":17,"column":37}},"9":{"start":{"line":18,"column":17},"end":{"line":18,"column":54}},"10":{"start":{"line":19,"column":24},"end":{"line":21,"column":81}},"11":{"start":{"line":24,"column":0},"end":{"line":34,"column":4}},"12":{"start":{"line":37,"column":20},"end":{"line":50,"column":1}},"13":{"start":{"line":40,"column":4},"end":{"line":40,"column":45}},"14":{"start":{"line":40,"column":17},"end":{"line":40,"column":45}},"15":{"start":{"line":42,"column":4},"end":{"line":46,"column":5}},"16":{"start":{"line":43,"column":6},"end":{"line":43,"column":27}},"17":{"start":{"line":45,"column":6},"end":{"line":45,"column":49}},"18":{"start":{"line":52,"column":0},"end":{"line":52,"column":27}},"19":{"start":{"line":55,"column":0},"end":{"line":61,"column":1}},"20":{"start":{"line":57,"column":2},"end":{"line":57,"column":30}},"21":{"start":{"line":60,"column":2},"end":{"line":60,"column":25}},"22":{"start":{"line":64,"column":0},"end":{"line":64,"column":41}},"23":{"start":{"line":65,"column":0},"end":{"line":65,"column":63}},"24":{"start":{"line":68,"column":19},"end":{"line":77,"column":2}},"25":{"start":{"line":80,"column":22},"end":{"line":87,"column":2}},"26":{"start":{"line":90,"column":0},"end":{"line":90,"column":29}},"27":{"start":{"line":93,"column":23},"end":{"line":93,"column":60}},"28":{"start":{"line":94,"column":19},"end":{"line":94,"column":52}},"29":{"start":{"line":95,"column":24},"end":{"line":95,"column":62}},"30":{"start":{"line":96,"column":23},"end":{"line":96,"column":60}},"31":{"start":{"line":99,"column":0},"end":{"line":99,"column":49}},"32":{"start":{"line":100,"column":0},"end":{"line":100,"column":50}},"33":{"start":{"line":101,"column":0},"end":{"line":101,"column":42}},"34":{"start":{"line":102,"column":0},"end":{"line":102,"column":52}},"35":{"start":{"line":103,"column":0},"end":{"line":103,"column":50}},"36":{"start":{"line":106,"column":0},"end":{"line":133,"column":3}},"37":{"start":{"line":107,"column":13},"end":{"line":107,"column":38}},"38":{"start":{"line":109,"column":2},"end":{"line":132,"column":3}},"39":{"start":{"line":111,"column":17},"end":{"line":111,"column":35}},"40":{"start":{"line":112,"column":22},"end":{"line":112,"column":53}},"41":{"start":{"line":114,"column":4},"end":{"line":124,"column":7}},"42":{"start":{"line":126,"column":4},"end":{"line":131,"column":7}},"43":{"start":{"line":136,"column":48},"end":{"line":136,"column":77}},"44":{"start":{"line":137,"column":0},"end":{"line":137,"column":38}},"45":{"start":{"line":138,"column":0},"end":{"line":138,"column":64}},"46":{"start":{"line":141,"column":0},"end":{"line":197,"column":3}},"47":{"start":{"line":142,"column":2},"end":{"line":196,"column":5}},"48":{"start":{"line":204,"column":0},"end":{"line":210,"column":3}},"49":{"start":{"line":205,"column":2},"end":{"line":209,"column":5}},"50":{"start":{"line":213,"column":0},"end":{"line":268,"column":3}},"51":{"start":{"line":215,"column":2},"end":{"line":221,"column":5}},"52":{"start":{"line":224,"column":2},"end":{"line":229,"column":3}},"53":{"start":{"line":225,"column":4},"end":{"line":228,"column":7}},"54":{"start":{"line":232,"column":2},"end":{"line":238,"column":3}},"55":{"start":{"line":233,"column":4},"end":{"line":237,"column":7}},"56":{"start":{"line":241,"column":2},"end":{"line":250,"column":3}},"57":{"start":{"line":246,"column":4},"end":{"line":249,"column":7}},"58":{"start":{"line":253,"column":2},"end":{"line":258,"column":3}},"59":{"start":{"line":254,"column":4},"end":{"line":257,"column":7}},"60":{"start":{"line":261,"column":2},"end":{"line":267,"column":5}},"61":{"start":{"line":271,"column":15},"end":{"line":298,"column":2}},"62":{"start":{"line":272,"column":2},"end":{"line":297,"column":5}},"63":{"start":{"line":301,"column":25},"end":{"line":325,"column":1}},"64":{"start":{"line":302,"column":2},"end":{"line":302,"column":67}},"65":{"start":{"line":304,"column":2},"end":{"line":318,"column":5}},"66":{"start":{"line":305,"column":4},"end":{"line":305,"column":38}},"67":{"start":{"line":308,"column":15},"end":{"line":308,"column":40}},"68":{"start":{"line":309,"column":4},"end":{"line":314,"column":5}},"69":{"start":{"line":310,"column":6},"end":{"line":310,"column":17}},"70":{"start":{"line":311,"column":6},"end":{"line":311,"column":48}},"71":{"start":{"line":313,"column":6},"end":{"line":313,"column":54}},"72":{"start":{"line":316,"column":4},"end":{"line":316,"column":37}},"73":{"start":{"line":317,"column":4},"end":{"line":317,"column":20}},"74":{"start":{"line":321,"column":2},"end":{"line":324,"column":12}},"75":{"start":{"line":322,"column":4},"end":{"line":322,"column":51}},"76":{"start":{"line":323,"column":4},"end":{"line":323,"column":20}},"77":{"start":{"line":328,"column":0},"end":{"line":328,"column":57}},"78":{"start":{"line":328,"column":28},"end":{"line":328,"column":55}},"79":{"start":{"line":329,"column":0},"end":{"line":329,"column":55}},"80":{"start":{"line":329,"column":27},"end":{"line":329,"column":53}},"81":{"start":{"line":332,"column":0},"end":{"line":335,"column":3}},"82":{"start":{"line":333,"column":2},"end":{"line":333,"column":46}},"83":{"start":{"line":334,"column":2},"end":{"line":334,"column":41}},"84":{"start":{"line":338,"column":0},"end":{"line":340,"column":3}},"85":{"start":{"line":339,"column":2},"end":{"line":339,"column":71}},"86":{"start":{"line":342,"column":0},"end":{"line":342,"column":21}}},"fnMap":{"0":{"name":"(anonymous_0)","decl":{"start":{"line":38,"column":10},"end":{"line":38,"column":11}},"loc":{"start":{"line":38,"column":38},"end":{"line":47,"column":3}},"line":38},"1":{"name":"(anonymous_1)","decl":{"start":{"line":106,"column":23},"end":{"line":106,"column":24}},"loc":{"start":{"line":106,"column":43},"end":{"line":133,"column":1}},"line":106},"2":{"name":"(anonymous_2)","decl":{"start":{"line":141,"column":21},"end":{"line":141,"column":22}},"loc":{"start":{"line":141,"column":35},"end":{"line":197,"column":1}},"line":141},"3":{"name":"(anonymous_3)","decl":{"start":{"line":204,"column":18},"end":{"line":204,"column":19}},"loc":{"start":{"line":204,"column":32},"end":{"line":210,"column":1}},"line":204},"4":{"name":"(anonymous_4)","decl":{"start":{"line":213,"column":8},"end":{"line":213,"column":9}},"loc":{"start":{"line":213,"column":33},"end":{"line":268,"column":1}},"line":213},"5":{"name":"(anonymous_5)","decl":{"start":{"line":271,"column":32},"end":{"line":271,"column":33}},"loc":{"start":{"line":271,"column":38},"end":{"line":298,"column":1}},"line":271},"6":{"name":"(anonymous_6)","decl":{"start":{"line":301,"column":25},"end":{"line":301,"column":26}},"loc":{"start":{"line":301,"column":37},"end":{"line":325,"column":1}},"line":301},"7":{"name":"(anonymous_7)","decl":{"start":{"line":304,"column":15},"end":{"line":304,"column":16}},"loc":{"start":{"line":304,"column":21},"end":{"line":318,"column":3}},"line":304},"8":{"name":"(anonymous_8)","decl":{"start":{"line":321,"column":13},"end":{"line":321,"column":14}},"loc":{"start":{"line":321,"column":19},"end":{"line":324,"column":3}},"line":321},"9":{"name":"(anonymous_9)","decl":{"start":{"line":328,"column":22},"end":{"line":328,"column":23}},"loc":{"start":{"line":328,"column":28},"end":{"line":328,"column":55}},"line":328},"10":{"name":"(anonymous_10)","decl":{"start":{"line":329,"column":21},"end":{"line":329,"column":22}},"loc":{"start":{"line":329,"column":27},"end":{"line":329,"column":53}},"line":329},"11":{"name":"(anonymous_11)","decl":{"start":{"line":332,"column":32},"end":{"line":332,"column":33}},"loc":{"start":{"line":332,"column":43},"end":{"line":335,"column":1}},"line":332},"12":{"name":"(anonymous_12)","decl":{"start":{"line":338,"column":33},"end":{"line":338,"column":34}},"loc":{"start":{"line":338,"column":54},"end":{"line":340,"column":1}},"line":338}},"branchMap":{"0":{"loc":{"start":{"line":17,"column":13},"end":{"line":17,"column":37}},"type":"binary-expr","locations":[{"start":{"line":17,"column":13},"end":{"line":17,"column":29}},{"start":{"line":17,"column":33},"end":{"line":17,"column":37}}],"line":17},"1":{"loc":{"start":{"line":18,"column":17},"end":{"line":18,"column":54}},"type":"binary-expr","locations":[{"start":{"line":18,"column":17},"end":{"line":18,"column":37}},{"start":{"line":18,"column":41},"end":{"line":18,"column":54}}],"line":18},"2":{"loc":{"start":{"line":19,"column":24},"end":{"line":21,"column":81}},"type":"cond-expr","locations":[{"start":{"line":20,"column":4},"end":{"line":20,"column":42}},{"start":{"line":21,"column":4},"end":{"line":21,"column":81}}],"line":19},"3":{"loc":{"start":{"line":40,"column":4},"end":{"line":40,"column":45}},"type":"if","locations":[{"start":{"line":40,"column":4},"end":{"line":40,"column":45}},{"start":{},"end":{}}],"line":40},"4":{"loc":{"start":{"line":42,"column":4},"end":{"line":46,"column":5}},"type":"if","locations":[{"start":{"line":42,"column":4},"end":{"line":46,"column":5}},{"start":{"line":44,"column":11},"end":{"line":46,"column":5}}],"line":42},"5":{"loc":{"start":{"line":42,"column":8},"end":{"line":42,"column":76}},"type":"binary-expr","locations":[{"start":{"line":42,"column":8},"end":{"line":42,"column":46}},{"start":{"line":42,"column":50},"end":{"line":42,"column":76}}],"line":42},"6":{"loc":{"start":{"line":55,"column":0},"end":{"line":61,"column":1}},"type":"if","locations":[{"start":{"line":55,"column":0},"end":{"line":61,"column":1}},{"start":{"line":58,"column":7},"end":{"line":61,"column":1}}],"line":55},"7":{"loc":{"start":{"line":70,"column":7},"end":{"line":70,"column":45}},"type":"cond-expr","locations":[{"start":{"line":70,"column":35},"end":{"line":70,"column":38}},{"start":{"line":70,"column":41},"end":{"line":70,"column":45}}],"line":70},"8":{"loc":{"start":{"line":82,"column":7},"end":{"line":82,"column":43}},"type":"cond-expr","locations":[{"start":{"line":82,"column":35},"end":{"line":82,"column":37}},{"start":{"line":82,"column":40},"end":{"line":82,"column":43}}],"line":82},"9":{"loc":{"start":{"line":112,"column":22},"end":{"line":112,"column":53}},"type":"cond-expr","locations":[{"start":{"line":112,"column":44},"end":{"line":112,"column":48}},{"start":{"line":112,"column":51},"end":{"line":112,"column":53}}],"line":112},"10":{"loc":{"start":{"line":220,"column":11},"end":{"line":220,"column":61}},"type":"cond-expr","locations":[{"start":{"line":220,"column":40},"end":{"line":220,"column":49}},{"start":{"line":220,"column":52},"end":{"line":220,"column":61}}],"line":220},"11":{"loc":{"start":{"line":224,"column":2},"end":{"line":229,"column":3}},"type":"if","locations":[{"start":{"line":224,"column":2},"end":{"line":229,"column":3}},{"start":{},"end":{}}],"line":224},"12":{"loc":{"start":{"line":232,"column":2},"end":{"line":238,"column":3}},"type":"if","locations":[{"start":{"line":232,"column":2},"end":{"line":238,"column":3}},{"start":{},"end":{}}],"line":232},"13":{"loc":{"start":{"line":241,"column":2},"end":{"line":250,"column":3}},"type":"if","locations":[{"start":{"line":241,"column":2},"end":{"line":250,"column":3}},{"start":{},"end":{}}],"line":241},"14":{"loc":{"start":{"line":241,"column":6},"end":{"line":245,"column":43}},"type":"binary-expr","locations":[{"start":{"line":241,"column":6},"end":{"line":241,"column":36}},{"start":{"line":242,"column":6},"end":{"line":242,"column":40}},{"start":{"line":243,"column":6},"end":{"line":243,"column":38}},{"start":{"line":244,"column":6},"end":{"line":244,"column":38}},{"start":{"line":245,"column":6},"end":{"line":245,"column":14}},{"start":{"line":245,"column":18},"end":{"line":245,"column":43}}],"line":241},"15":{"loc":{"start":{"line":253,"column":2},"end":{"line":258,"column":3}},"type":"if","locations":[{"start":{"line":253,"column":2},"end":{"line":258,"column":3}},{"start":{},"end":{}}],"line":253},"16":{"loc":{"start":{"line":253,"column":6},"end":{"line":253,"column":83}},"type":"binary-expr","locations":[{"start":{"line":253,"column":6},"end":{"line":253,"column":44}},{"start":{"line":253,"column":48},"end":{"line":253,"column":83}}],"line":253},"17":{"loc":{"start":{"line":261,"column":13},"end":{"line":261,"column":30}},"type":"binary-expr","locations":[{"start":{"line":261,"column":13},"end":{"line":261,"column":23}},{"start":{"line":261,"column":27},"end":{"line":261,"column":30}}],"line":261},"18":{"loc":{"start":{"line":262,"column":11},"end":{"line":262,"column":46}},"type":"binary-expr","locations":[{"start":{"line":262,"column":11},"end":{"line":262,"column":19}},{"start":{"line":262,"column":23},"end":{"line":262,"column":46}}],"line":262},"19":{"loc":{"start":{"line":263,"column":13},"end":{"line":265,"column":19}},"type":"cond-expr","locations":[{"start":{"line":264,"column":8},"end":{"line":264,"column":63}},{"start":{"line":265,"column":8},"end":{"line":265,"column":19}}],"line":263},"20":{"loc":{"start":{"line":266,"column":8},"end":{"line":266,"column":58}},"type":"binary-expr","locations":[{"start":{"line":266,"column":8},"end":{"line":266,"column":34}},{"start":{"line":266,"column":38},"end":{"line":266,"column":58}}],"line":266}},"s":{"0":1,"1":1,"2":1,"3":1,"4":1,"5":1,"6":1,"7":1,"8":1,"9":1,"10":1,"11":1,"12":1,"13":4,"14":4,"15":0,"16":0,"17":0,"18":1,"19":1,"20":0,"21":1,"22":1,"23":1,"24":1,"25":1,"26":1,"27":1,"28":1,"29":1,"30":1,"31":1,"32":1,"33":1,"34":1,"35":1,"36":1,"37":4,"38":4,"39":4,"40":4,"41":4,"42":0,"43":1,"44":1,"45":1,"46":1,"47":0,"48":1,"49":0,"50":1,"51":0,"52":0,"53":0,"54":0,"55":0,"56":0,"57":0,"58":0,"59":0,"60":0,"61":1,"62":0,"63":1,"64":0,"65":0,"66":0,"67":0,"68":0,"69":0,"70":0,"71":0,"72":0,"73":0,"74":0,"75":0,"76":0,"77":1,"78":0,"79":1,"80":0,"81":1,"82":0,"83":0,"84":1,"85":0,"86":1},"f":{"0":4,"1":4,"2":0,"3":0,"4":0,"5":0,"6":0,"7":0,"8":0,"9":0,"10":0,"11":0,"12":0},"b":{"0":[1,0],"1":[1,0],"2":[0,1],"3":[4,0],"4":[0,0],"5":[0,0],"6":[0,1],"7":[0,1],"8":[0,1],"9":[4,0],"10":[0,0],"11":[0,0],"12":[0,0],"13":[0,0],"14":[0,0,0,0,0,0],"15":[0,0],"16":[0,0],"17":[0,0],"18":[0,0],"19":[0,0],"20":[0,0]},"_coverageSchema":"1a1c01bbd47fc00a2c39e90264f33305004495a9","hash":"dcfc7136dfe99f6e3f8a7dd4a405346c5d6f412b"}
,"/Users/joelnewton/Desktop/2026-Code/projects/production/ModelLab/lib/database-factory.js": {"path":"/Users/joelnewton/Desktop/2026-Code/projects/production/ModelLab/lib/database-factory.js","statementMap":{"0":{"start":{"line":9,"column":0},"end":{"line":22,"column":1}},"1":{"start":{"line":10,"column":2},"end":{"line":10,"column":45}},"2":{"start":{"line":11,"column":2},"end":{"line":11,"column":32}},"3":{"start":{"line":14,"column":2},"end":{"line":17,"column":5}},"4":{"start":{"line":15,"column":4},"end":{"line":15,"column":68}},"5":{"start":{"line":16,"column":4},"end":{"line":16,"column":20}},"6":{"start":{"line":19,"column":2},"end":{"line":19,"column":41}},"7":{"start":{"line":20,"column":2},"end":{"line":20,"column":29}},"8":{"start":{"line":24,"column":0},"end":{"line":24,"column":20}}},"fnMap":{"0":{"name":"(anonymous_0)","decl":{"start":{"line":14,"column":32},"end":{"line":14,"column":33}},"loc":{"start":{"line":14,"column":39},"end":{"line":17,"column":3}},"line":14}},"branchMap":{"0":{"loc":{"start":{"line":9,"column":0},"end":{"line":22,"column":1}},"type":"if","locations":[{"start":{"line":9,"column":0},"end":{"line":22,"column":1}},{"start":{"line":18,"column":7},"end":{"line":22,"column":1}}],"line":9}},"s":{"0":0,"1":0,"2":0,"3":0,"4":0,"5":0,"6":0,"7":0,"8":0},"f":{"0":0},"b":{"0":[0,0]}}
,"/Users/joelnewton/Desktop/2026-Code/projects/production/ModelLab/lib/database-pg.js": {"path":"/Users/joelnewton/Desktop/2026-Code/projects/production/ModelLab/lib/database-pg.js","statementMap":{"0":{"start":{"line":7,"column":17},"end":{"line":7,"column":30}},"1":{"start":{"line":10,"column":13},"end":{"line":16,"column":2}},"2":{"start":{"line":19,"column":0},"end":{"line":22,"column":3}},"3":{"start":{"line":20,"column":2},"end":{"line":20,"column":67}},"4":{"start":{"line":21,"column":2},"end":{"line":21,"column":19}},"5":{"start":{"line":27,"column":27},"end":{"line":116,"column":1}},"6":{"start":{"line":28,"column":17},"end":{"line":28,"column":37}},"7":{"start":{"line":30,"column":2},"end":{"line":115,"column":3}},"8":{"start":{"line":31,"column":4},"end":{"line":31,"column":32}},"9":{"start":{"line":34,"column":4},"end":{"line":34,"column":69}},"10":{"start":{"line":37,"column":4},"end":{"line":46,"column":7}},"11":{"start":{"line":49,"column":4},"end":{"line":63,"column":7}},"12":{"start":{"line":66,"column":4},"end":{"line":84,"column":7}},"13":{"start":{"line":87,"column":4},"end":{"line":97,"column":7}},"14":{"start":{"line":100,"column":4},"end":{"line":100,"column":101}},"15":{"start":{"line":101,"column":4},"end":{"line":101,"column":93}},"16":{"start":{"line":102,"column":4},"end":{"line":102,"column":93}},"17":{"start":{"line":103,"column":4},"end":{"line":103,"column":85}},"18":{"start":{"line":104,"column":4},"end":{"line":104,"column":95}},"19":{"start":{"line":106,"column":4},"end":{"line":106,"column":33}},"20":{"start":{"line":108,"column":4},"end":{"line":108,"column":53}},"21":{"start":{"line":110,"column":4},"end":{"line":110,"column":35}},"22":{"start":{"line":111,"column":4},"end":{"line":111,"column":68}},"23":{"start":{"line":112,"column":4},"end":{"line":112,"column":16}},"24":{"start":{"line":114,"column":4},"end":{"line":114,"column":21}},"25":{"start":{"line":119,"column":18},"end":{"line":126,"column":1}},"26":{"start":{"line":120,"column":2},"end":{"line":120,"column":26}},"27":{"start":{"line":120,"column":14},"end":{"line":120,"column":26}},"28":{"start":{"line":121,"column":2},"end":{"line":125,"column":3}},"29":{"start":{"line":122,"column":4},"end":{"line":122,"column":29}},"30":{"start":{"line":124,"column":4},"end":{"line":124,"column":17}},"31":{"start":{"line":129,"column":22},"end":{"line":132,"column":1}},"32":{"start":{"line":130,"column":2},"end":{"line":130,"column":26}},"33":{"start":{"line":130,"column":14},"end":{"line":130,"column":26}},"34":{"start":{"line":131,"column":2},"end":{"line":131,"column":31}},"35":{"start":{"line":136,"column":22},"end":{"line":149,"column":1}},"36":{"start":{"line":137,"column":17},"end":{"line":137,"column":37}},"37":{"start":{"line":138,"column":2},"end":{"line":148,"column":3}},"38":{"start":{"line":139,"column":19},"end":{"line":144,"column":5}},"39":{"start":{"line":145,"column":4},"end":{"line":145,"column":26}},"40":{"start":{"line":147,"column":4},"end":{"line":147,"column":21}},"41":{"start":{"line":151,"column":19},"end":{"line":162,"column":1}},"42":{"start":{"line":152,"column":17},"end":{"line":152,"column":37}},"43":{"start":{"line":153,"column":2},"end":{"line":161,"column":3}},"44":{"start":{"line":154,"column":19},"end":{"line":157,"column":5}},"45":{"start":{"line":158,"column":4},"end":{"line":158,"column":34}},"46":{"start":{"line":160,"column":4},"end":{"line":160,"column":21}},"47":{"start":{"line":164,"column":23},"end":{"line":174,"column":1}},"48":{"start":{"line":165,"column":17},"end":{"line":165,"column":37}},"49":{"start":{"line":166,"column":2},"end":{"line":173,"column":3}},"50":{"start":{"line":167,"column":19},"end":{"line":169,"column":5}},"51":{"start":{"line":170,"column":4},"end":{"line":170,"column":23}},"52":{"start":{"line":172,"column":4},"end":{"line":172,"column":21}},"53":{"start":{"line":176,"column":22},"end":{"line":203,"column":1}},"54":{"start":{"line":177,"column":17},"end":{"line":177,"column":37}},"55":{"start":{"line":178,"column":2},"end":{"line":202,"column":3}},"56":{"start":{"line":179,"column":19},"end":{"line":179,"column":21}},"57":{"start":{"line":180,"column":19},"end":{"line":180,"column":21}},"58":{"start":{"line":181,"column":21},"end":{"line":181,"column":22}},"59":{"start":{"line":183,"column":4},"end":{"line":186,"column":5}},"60":{"start":{"line":184,"column":6},"end":{"line":184,"column":45}},"61":{"start":{"line":185,"column":6},"end":{"line":185,"column":32}},"62":{"start":{"line":187,"column":4},"end":{"line":190,"column":5}},"63":{"start":{"line":188,"column":6},"end":{"line":188,"column":52}},"64":{"start":{"line":189,"column":6},"end":{"line":189,"column":39}},"65":{"start":{"line":191,"column":4},"end":{"line":191,"column":50}},"66":{"start":{"line":193,"column":4},"end":{"line":193,"column":20}},"67":{"start":{"line":195,"column":19},"end":{"line":198,"column":5}},"68":{"start":{"line":199,"column":4},"end":{"line":199,"column":34}},"69":{"start":{"line":201,"column":4},"end":{"line":201,"column":21}},"70":{"start":{"line":205,"column":22},"end":{"line":212,"column":1}},"71":{"start":{"line":206,"column":17},"end":{"line":206,"column":37}},"72":{"start":{"line":207,"column":2},"end":{"line":211,"column":3}},"73":{"start":{"line":208,"column":4},"end":{"line":208,"column":67}},"74":{"start":{"line":210,"column":4},"end":{"line":210,"column":21}},"75":{"start":{"line":216,"column":22},"end":{"line":240,"column":1}},"76":{"start":{"line":217,"column":17},"end":{"line":217,"column":37}},"77":{"start":{"line":218,"column":2},"end":{"line":239,"column":3}},"78":{"start":{"line":219,"column":19},"end":{"line":233,"column":5}},"79":{"start":{"line":234,"column":16},"end":{"line":234,"column":30}},"80":{"start":{"line":235,"column":4},"end":{"line":235,"column":41}},"81":{"start":{"line":236,"column":4},"end":{"line":236,"column":15}},"82":{"start":{"line":238,"column":4},"end":{"line":238,"column":21}},"83":{"start":{"line":242,"column":19},"end":{"line":256,"column":1}},"84":{"start":{"line":243,"column":17},"end":{"line":243,"column":37}},"85":{"start":{"line":244,"column":2},"end":{"line":255,"column":3}},"86":{"start":{"line":245,"column":19},"end":{"line":248,"column":5}},"87":{"start":{"line":249,"column":4},"end":{"line":249,"column":46}},"88":{"start":{"line":249,"column":34},"end":{"line":249,"column":46}},"89":{"start":{"line":250,"column":16},"end":{"line":250,"column":30}},"90":{"start":{"line":251,"column":4},"end":{"line":251,"column":41}},"91":{"start":{"line":252,"column":4},"end":{"line":252,"column":15}},"92":{"start":{"line":254,"column":4},"end":{"line":254,"column":21}},"93":{"start":{"line":258,"column":20},"end":{"line":271,"column":1}},"94":{"start":{"line":259,"column":17},"end":{"line":259,"column":37}},"95":{"start":{"line":260,"column":2},"end":{"line":270,"column":3}},"96":{"start":{"line":261,"column":19},"end":{"line":263,"column":5}},"97":{"start":{"line":264,"column":4},"end":{"line":267,"column":8}},"98":{"start":{"line":264,"column":35},"end":{"line":267,"column":5}},"99":{"start":{"line":269,"column":4},"end":{"line":269,"column":21}},"100":{"start":{"line":273,"column":31},"end":{"line":287,"column":1}},"101":{"start":{"line":274,"column":17},"end":{"line":274,"column":37}},"102":{"start":{"line":275,"column":2},"end":{"line":286,"column":3}},"103":{"start":{"line":276,"column":19},"end":{"line":279,"column":5}},"104":{"start":{"line":280,"column":4},"end":{"line":283,"column":8}},"105":{"start":{"line":280,"column":35},"end":{"line":283,"column":5}},"106":{"start":{"line":285,"column":4},"end":{"line":285,"column":21}},"107":{"start":{"line":289,"column":22},"end":{"line":319,"column":1}},"108":{"start":{"line":290,"column":17},"end":{"line":290,"column":37}},"109":{"start":{"line":291,"column":2},"end":{"line":318,"column":3}},"110":{"start":{"line":292,"column":19},"end":{"line":292,"column":21}},"111":{"start":{"line":293,"column":19},"end":{"line":293,"column":21}},"112":{"start":{"line":294,"column":21},"end":{"line":294,"column":22}},"113":{"start":{"line":296,"column":4},"end":{"line":299,"column":5}},"114":{"start":{"line":297,"column":6},"end":{"line":297,"column":45}},"115":{"start":{"line":298,"column":6},"end":{"line":298,"column":32}},"116":{"start":{"line":300,"column":4},"end":{"line":303,"column":5}},"117":{"start":{"line":301,"column":6},"end":{"line":301,"column":52}},"118":{"start":{"line":302,"column":6},"end":{"line":302,"column":39}},"119":{"start":{"line":304,"column":4},"end":{"line":304,"column":50}},"120":{"start":{"line":306,"column":4},"end":{"line":306,"column":20}},"121":{"start":{"line":308,"column":19},"end":{"line":311,"column":5}},"122":{"start":{"line":312,"column":4},"end":{"line":312,"column":46}},"123":{"start":{"line":312,"column":34},"end":{"line":312,"column":46}},"124":{"start":{"line":313,"column":16},"end":{"line":313,"column":30}},"125":{"start":{"line":314,"column":4},"end":{"line":314,"column":41}},"126":{"start":{"line":315,"column":4},"end":{"line":315,"column":15}},"127":{"start":{"line":317,"column":4},"end":{"line":317,"column":21}},"128":{"start":{"line":321,"column":22},"end":{"line":328,"column":1}},"129":{"start":{"line":322,"column":17},"end":{"line":322,"column":37}},"130":{"start":{"line":323,"column":2},"end":{"line":327,"column":3}},"131":{"start":{"line":324,"column":4},"end":{"line":324,"column":67}},"132":{"start":{"line":326,"column":4},"end":{"line":326,"column":21}},"133":{"start":{"line":332,"column":18},"end":{"line":361,"column":1}},"134":{"start":{"line":333,"column":17},"end":{"line":333,"column":37}},"135":{"start":{"line":334,"column":2},"end":{"line":360,"column":3}},"136":{"start":{"line":335,"column":19},"end":{"line":352,"column":5}},"137":{"start":{"line":353,"column":16},"end":{"line":353,"column":30}},"138":{"start":{"line":354,"column":4},"end":{"line":354,"column":57}},"139":{"start":{"line":355,"column":4},"end":{"line":355,"column":41}},"140":{"start":{"line":356,"column":4},"end":{"line":356,"column":35}},"141":{"start":{"line":357,"column":4},"end":{"line":357,"column":15}},"142":{"start":{"line":359,"column":4},"end":{"line":359,"column":21}},"143":{"start":{"line":363,"column":15},"end":{"line":379,"column":1}},"144":{"start":{"line":364,"column":17},"end":{"line":364,"column":37}},"145":{"start":{"line":365,"column":2},"end":{"line":378,"column":3}},"146":{"start":{"line":366,"column":19},"end":{"line":369,"column":5}},"147":{"start":{"line":370,"column":4},"end":{"line":370,"column":46}},"148":{"start":{"line":370,"column":34},"end":{"line":370,"column":46}},"149":{"start":{"line":371,"column":16},"end":{"line":371,"column":30}},"150":{"start":{"line":372,"column":4},"end":{"line":372,"column":57}},"151":{"start":{"line":373,"column":4},"end":{"line":373,"column":41}},"152":{"start":{"line":374,"column":4},"end":{"line":374,"column":35}},"153":{"start":{"line":375,"column":4},"end":{"line":375,"column":15}},"154":{"start":{"line":377,"column":4},"end":{"line":377,"column":21}},"155":{"start":{"line":381,"column":16},"end":{"line":396,"column":1}},"156":{"start":{"line":382,"column":17},"end":{"line":382,"column":37}},"157":{"start":{"line":383,"column":2},"end":{"line":395,"column":3}},"158":{"start":{"line":384,"column":19},"end":{"line":386,"column":5}},"159":{"start":{"line":387,"column":4},"end":{"line":392,"column":8}},"160":{"start":{"line":387,"column":35},"end":{"line":392,"column":5}},"161":{"start":{"line":394,"column":4},"end":{"line":394,"column":21}},"162":{"start":{"line":398,"column":27},"end":{"line":414,"column":1}},"163":{"start":{"line":399,"column":17},"end":{"line":399,"column":37}},"164":{"start":{"line":400,"column":2},"end":{"line":413,"column":3}},"165":{"start":{"line":401,"column":19},"end":{"line":404,"column":5}},"166":{"start":{"line":405,"column":4},"end":{"line":410,"column":8}},"167":{"start":{"line":405,"column":35},"end":{"line":410,"column":5}},"168":{"start":{"line":412,"column":4},"end":{"line":412,"column":21}},"169":{"start":{"line":416,"column":18},"end":{"line":459,"column":1}},"170":{"start":{"line":417,"column":17},"end":{"line":417,"column":37}},"171":{"start":{"line":418,"column":2},"end":{"line":458,"column":3}},"172":{"start":{"line":419,"column":19},"end":{"line":419,"column":21}},"173":{"start":{"line":420,"column":19},"end":{"line":420,"column":21}},"174":{"start":{"line":421,"column":21},"end":{"line":421,"column":22}},"175":{"start":{"line":423,"column":4},"end":{"line":426,"column":5}},"176":{"start":{"line":424,"column":6},"end":{"line":424,"column":45}},"177":{"start":{"line":425,"column":6},"end":{"line":425,"column":32}},"178":{"start":{"line":427,"column":4},"end":{"line":430,"column":5}},"179":{"start":{"line":428,"column":6},"end":{"line":428,"column":47}},"180":{"start":{"line":429,"column":6},"end":{"line":429,"column":34}},"181":{"start":{"line":431,"column":4},"end":{"line":434,"column":5}},"182":{"start":{"line":432,"column":6},"end":{"line":432,"column":48}},"183":{"start":{"line":433,"column":6},"end":{"line":433,"column":50}},"184":{"start":{"line":435,"column":4},"end":{"line":438,"column":5}},"185":{"start":{"line":436,"column":6},"end":{"line":436,"column":46}},"186":{"start":{"line":437,"column":6},"end":{"line":437,"column":33}},"187":{"start":{"line":439,"column":4},"end":{"line":441,"column":5}},"188":{"start":{"line":440,"column":6},"end":{"line":440,"column":54}},"189":{"start":{"line":442,"column":4},"end":{"line":442,"column":50}},"190":{"start":{"line":444,"column":4},"end":{"line":444,"column":20}},"191":{"start":{"line":446,"column":19},"end":{"line":449,"column":5}},"192":{"start":{"line":450,"column":4},"end":{"line":450,"column":46}},"193":{"start":{"line":450,"column":34},"end":{"line":450,"column":46}},"194":{"start":{"line":451,"column":16},"end":{"line":451,"column":30}},"195":{"start":{"line":452,"column":4},"end":{"line":452,"column":57}},"196":{"start":{"line":453,"column":4},"end":{"line":453,"column":41}},"197":{"start":{"line":454,"column":4},"end":{"line":454,"column":35}},"198":{"start":{"line":455,"column":4},"end":{"line":455,"column":15}},"199":{"start":{"line":457,"column":4},"end":{"line":457,"column":21}},"200":{"start":{"line":461,"column":18},"end":{"line":468,"column":1}},"201":{"start":{"line":462,"column":17},"end":{"line":462,"column":37}},"202":{"start":{"line":463,"column":2},"end":{"line":467,"column":3}},"203":{"start":{"line":464,"column":4},"end":{"line":464,"column":63}},"204":{"start":{"line":466,"column":4},"end":{"line":466,"column":21}},"205":{"start":{"line":472,"column":23},"end":{"line":491,"column":1}},"206":{"start":{"line":473,"column":17},"end":{"line":473,"column":37}},"207":{"start":{"line":474,"column":2},"end":{"line":490,"column":3}},"208":{"start":{"line":475,"column":19},"end":{"line":486,"column":5}},"209":{"start":{"line":487,"column":4},"end":{"line":487,"column":26}},"210":{"start":{"line":489,"column":4},"end":{"line":489,"column":21}},"211":{"start":{"line":493,"column":28},"end":{"line":504,"column":1}},"212":{"start":{"line":494,"column":17},"end":{"line":494,"column":37}},"213":{"start":{"line":495,"column":2},"end":{"line":503,"column":3}},"214":{"start":{"line":496,"column":19},"end":{"line":499,"column":5}},"215":{"start":{"line":500,"column":4},"end":{"line":500,"column":23}},"216":{"start":{"line":502,"column":4},"end":{"line":502,"column":21}},"217":{"start":{"line":506,"column":23},"end":{"line":513,"column":1}},"218":{"start":{"line":507,"column":17},"end":{"line":507,"column":37}},"219":{"start":{"line":508,"column":2},"end":{"line":512,"column":3}},"220":{"start":{"line":509,"column":4},"end":{"line":509,"column":68}},"221":{"start":{"line":511,"column":4},"end":{"line":511,"column":21}},"222":{"start":{"line":516,"column":14},"end":{"line":518,"column":1}},"223":{"start":{"line":517,"column":2},"end":{"line":517,"column":19}},"224":{"start":{"line":520,"column":0},"end":{"line":552,"column":2}}},"fnMap":{"0":{"name":"(anonymous_0)","decl":{"start":{"line":19,"column":17},"end":{"line":19,"column":18}},"loc":{"start":{"line":19,"column":26},"end":{"line":22,"column":1}},"line":19},"1":{"name":"(anonymous_1)","decl":{"start":{"line":27,"column":27},"end":{"line":27,"column":28}},"loc":{"start":{"line":27,"column":39},"end":{"line":116,"column":1}},"line":27},"2":{"name":"(anonymous_2)","decl":{"start":{"line":119,"column":18},"end":{"line":119,"column":19}},"loc":{"start":{"line":119,"column":29},"end":{"line":126,"column":1}},"line":119},"3":{"name":"(anonymous_3)","decl":{"start":{"line":129,"column":22},"end":{"line":129,"column":23}},"loc":{"start":{"line":129,"column":33},"end":{"line":132,"column":1}},"line":129},"4":{"name":"(anonymous_4)","decl":{"start":{"line":136,"column":22},"end":{"line":136,"column":23}},"loc":{"start":{"line":136,"column":41},"end":{"line":149,"column":1}},"line":136},"5":{"name":"(anonymous_5)","decl":{"start":{"line":151,"column":19},"end":{"line":151,"column":20}},"loc":{"start":{"line":151,"column":33},"end":{"line":162,"column":1}},"line":151},"6":{"name":"(anonymous_6)","decl":{"start":{"line":164,"column":23},"end":{"line":164,"column":24}},"loc":{"start":{"line":164,"column":35},"end":{"line":174,"column":1}},"line":164},"7":{"name":"(anonymous_7)","decl":{"start":{"line":176,"column":22},"end":{"line":176,"column":23}},"loc":{"start":{"line":176,"column":45},"end":{"line":203,"column":1}},"line":176},"8":{"name":"(anonymous_8)","decl":{"start":{"line":205,"column":22},"end":{"line":205,"column":23}},"loc":{"start":{"line":205,"column":36},"end":{"line":212,"column":1}},"line":205},"9":{"name":"(anonymous_9)","decl":{"start":{"line":216,"column":22},"end":{"line":216,"column":23}},"loc":{"start":{"line":216,"column":41},"end":{"line":240,"column":1}},"line":216},"10":{"name":"(anonymous_10)","decl":{"start":{"line":242,"column":19},"end":{"line":242,"column":20}},"loc":{"start":{"line":242,"column":33},"end":{"line":256,"column":1}},"line":242},"11":{"name":"(anonymous_11)","decl":{"start":{"line":258,"column":20},"end":{"line":258,"column":21}},"loc":{"start":{"line":258,"column":32},"end":{"line":271,"column":1}},"line":258},"12":{"name":"(anonymous_12)","decl":{"start":{"line":264,"column":27},"end":{"line":264,"column":28}},"loc":{"start":{"line":264,"column":35},"end":{"line":267,"column":5}},"line":264},"13":{"name":"(anonymous_13)","decl":{"start":{"line":273,"column":31},"end":{"line":273,"column":32}},"loc":{"start":{"line":273,"column":52},"end":{"line":287,"column":1}},"line":273},"14":{"name":"(anonymous_14)","decl":{"start":{"line":280,"column":27},"end":{"line":280,"column":28}},"loc":{"start":{"line":280,"column":35},"end":{"line":283,"column":5}},"line":280},"15":{"name":"(anonymous_15)","decl":{"start":{"line":289,"column":22},"end":{"line":289,"column":23}},"loc":{"start":{"line":289,"column":45},"end":{"line":319,"column":1}},"line":289},"16":{"name":"(anonymous_16)","decl":{"start":{"line":321,"column":22},"end":{"line":321,"column":23}},"loc":{"start":{"line":321,"column":36},"end":{"line":328,"column":1}},"line":321},"17":{"name":"(anonymous_17)","decl":{"start":{"line":332,"column":18},"end":{"line":332,"column":19}},"loc":{"start":{"line":332,"column":33},"end":{"line":361,"column":1}},"line":332},"18":{"name":"(anonymous_18)","decl":{"start":{"line":363,"column":15},"end":{"line":363,"column":16}},"loc":{"start":{"line":363,"column":29},"end":{"line":379,"column":1}},"line":363},"19":{"name":"(anonymous_19)","decl":{"start":{"line":381,"column":16},"end":{"line":381,"column":17}},"loc":{"start":{"line":381,"column":28},"end":{"line":396,"column":1}},"line":381},"20":{"name":"(anonymous_20)","decl":{"start":{"line":387,"column":27},"end":{"line":387,"column":28}},"loc":{"start":{"line":387,"column":35},"end":{"line":392,"column":5}},"line":387},"21":{"name":"(anonymous_21)","decl":{"start":{"line":398,"column":27},"end":{"line":398,"column":28}},"loc":{"start":{"line":398,"column":48},"end":{"line":414,"column":1}},"line":398},"22":{"name":"(anonymous_22)","decl":{"start":{"line":405,"column":27},"end":{"line":405,"column":28}},"loc":{"start":{"line":405,"column":35},"end":{"line":410,"column":5}},"line":405},"23":{"name":"(anonymous_23)","decl":{"start":{"line":416,"column":18},"end":{"line":416,"column":19}},"loc":{"start":{"line":416,"column":41},"end":{"line":459,"column":1}},"line":416},"24":{"name":"(anonymous_24)","decl":{"start":{"line":461,"column":18},"end":{"line":461,"column":19}},"loc":{"start":{"line":461,"column":32},"end":{"line":468,"column":1}},"line":461},"25":{"name":"(anonymous_25)","decl":{"start":{"line":472,"column":23},"end":{"line":472,"column":24}},"loc":{"start":{"line":472,"column":43},"end":{"line":491,"column":1}},"line":472},"26":{"name":"(anonymous_26)","decl":{"start":{"line":493,"column":28},"end":{"line":493,"column":29}},"loc":{"start":{"line":493,"column":45},"end":{"line":504,"column":1}},"line":493},"27":{"name":"(anonymous_27)","decl":{"start":{"line":506,"column":23},"end":{"line":506,"column":24}},"loc":{"start":{"line":506,"column":37},"end":{"line":513,"column":1}},"line":506},"28":{"name":"(anonymous_28)","decl":{"start":{"line":516,"column":14},"end":{"line":516,"column":15}},"loc":{"start":{"line":516,"column":26},"end":{"line":518,"column":1}},"line":516}},"branchMap":{"0":{"loc":{"start":{"line":12,"column":7},"end":{"line":12,"column":84}},"type":"cond-expr","locations":[{"start":{"line":12,"column":47},"end":{"line":12,"column":76}},{"start":{"line":12,"column":79},"end":{"line":12,"column":84}}],"line":12},"1":{"loc":{"start":{"line":120,"column":2},"end":{"line":120,"column":26}},"type":"if","locations":[{"start":{"line":120,"column":2},"end":{"line":120,"column":26}},{"start":{},"end":{}}],"line":120},"2":{"loc":{"start":{"line":130,"column":2},"end":{"line":130,"column":26}},"type":"if","locations":[{"start":{"line":130,"column":2},"end":{"line":130,"column":26}},{"start":{},"end":{}}],"line":130},"3":{"loc":{"start":{"line":143,"column":21},"end":{"line":143,"column":48}},"type":"binary-expr","locations":[{"start":{"line":143,"column":21},"end":{"line":143,"column":40}},{"start":{"line":143,"column":44},"end":{"line":143,"column":48}}],"line":143},"4":{"loc":{"start":{"line":143,"column":50},"end":{"line":143,"column":73}},"type":"binary-expr","locations":[{"start":{"line":143,"column":50},"end":{"line":143,"column":65}},{"start":{"line":143,"column":69},"end":{"line":143,"column":73}}],"line":143},"5":{"loc":{"start":{"line":158,"column":11},"end":{"line":158,"column":33}},"type":"binary-expr","locations":[{"start":{"line":158,"column":11},"end":{"line":158,"column":25}},{"start":{"line":158,"column":29},"end":{"line":158,"column":33}}],"line":158},"6":{"loc":{"start":{"line":183,"column":4},"end":{"line":186,"column":5}},"type":"if","locations":[{"start":{"line":183,"column":4},"end":{"line":186,"column":5}},{"start":{},"end":{}}],"line":183},"7":{"loc":{"start":{"line":187,"column":4},"end":{"line":190,"column":5}},"type":"if","locations":[{"start":{"line":187,"column":4},"end":{"line":190,"column":5}},{"start":{},"end":{}}],"line":187},"8":{"loc":{"start":{"line":199,"column":11},"end":{"line":199,"column":33}},"type":"binary-expr","locations":[{"start":{"line":199,"column":11},"end":{"line":199,"column":25}},{"start":{"line":199,"column":29},"end":{"line":199,"column":33}}],"line":199},"9":{"loc":{"start":{"line":225,"column":8},"end":{"line":225,"column":35}},"type":"binary-expr","locations":[{"start":{"line":225,"column":8},"end":{"line":225,"column":27}},{"start":{"line":225,"column":31},"end":{"line":225,"column":35}}],"line":225},"10":{"loc":{"start":{"line":226,"column":8},"end":{"line":226,"column":34}},"type":"binary-expr","locations":[{"start":{"line":226,"column":8},"end":{"line":226,"column":26}},{"start":{"line":226,"column":30},"end":{"line":226,"column":34}}],"line":226},"11":{"loc":{"start":{"line":228,"column":8},"end":{"line":228,"column":33}},"type":"binary-expr","locations":[{"start":{"line":228,"column":8},"end":{"line":228,"column":25}},{"start":{"line":228,"column":29},"end":{"line":228,"column":33}}],"line":228},"12":{"loc":{"start":{"line":229,"column":8},"end":{"line":229,"column":33}},"type":"binary-expr","locations":[{"start":{"line":229,"column":8},"end":{"line":229,"column":25}},{"start":{"line":229,"column":29},"end":{"line":229,"column":33}}],"line":229},"13":{"loc":{"start":{"line":231,"column":8},"end":{"line":231,"column":31}},"type":"binary-expr","locations":[{"start":{"line":231,"column":8},"end":{"line":231,"column":23}},{"start":{"line":231,"column":27},"end":{"line":231,"column":31}}],"line":231},"14":{"loc":{"start":{"line":249,"column":4},"end":{"line":249,"column":46}},"type":"if","locations":[{"start":{"line":249,"column":4},"end":{"line":249,"column":46}},{"start":{},"end":{}}],"line":249},"15":{"loc":{"start":{"line":296,"column":4},"end":{"line":299,"column":5}},"type":"if","locations":[{"start":{"line":296,"column":4},"end":{"line":299,"column":5}},{"start":{},"end":{}}],"line":296},"16":{"loc":{"start":{"line":300,"column":4},"end":{"line":303,"column":5}},"type":"if","locations":[{"start":{"line":300,"column":4},"end":{"line":303,"column":5}},{"start":{},"end":{}}],"line":300},"17":{"loc":{"start":{"line":312,"column":4},"end":{"line":312,"column":46}},"type":"if","locations":[{"start":{"line":312,"column":4},"end":{"line":312,"column":46}},{"start":{},"end":{}}],"line":312},"18":{"loc":{"start":{"line":341,"column":8},"end":{"line":341,"column":30}},"type":"binary-expr","locations":[{"start":{"line":341,"column":8},"end":{"line":341,"column":22}},{"start":{"line":341,"column":26},"end":{"line":341,"column":30}}],"line":341},"19":{"loc":{"start":{"line":342,"column":8},"end":{"line":342,"column":30}},"type":"binary-expr","locations":[{"start":{"line":342,"column":8},"end":{"line":342,"column":22}},{"start":{"line":342,"column":26},"end":{"line":342,"column":30}}],"line":342},"20":{"loc":{"start":{"line":343,"column":8},"end":{"line":343,"column":30}},"type":"binary-expr","locations":[{"start":{"line":343,"column":8},"end":{"line":343,"column":22}},{"start":{"line":343,"column":26},"end":{"line":343,"column":30}}],"line":343},"21":{"loc":{"start":{"line":346,"column":8},"end":{"line":346,"column":31}},"type":"binary-expr","locations":[{"start":{"line":346,"column":8},"end":{"line":346,"column":18}},{"start":{"line":346,"column":22},"end":{"line":346,"column":31}}],"line":346},"22":{"loc":{"start":{"line":347,"column":8},"end":{"line":347,"column":24}},"type":"binary-expr","locations":[{"start":{"line":347,"column":8},"end":{"line":347,"column":16}},{"start":{"line":347,"column":20},"end":{"line":347,"column":24}}],"line":347},"23":{"loc":{"start":{"line":349,"column":8},"end":{"line":349,"column":25}},"type":"binary-expr","locations":[{"start":{"line":349,"column":8},"end":{"line":349,"column":17}},{"start":{"line":349,"column":21},"end":{"line":349,"column":25}}],"line":349},"24":{"loc":{"start":{"line":350,"column":8},"end":{"line":350,"column":27}},"type":"binary-expr","locations":[{"start":{"line":350,"column":8},"end":{"line":350,"column":19}},{"start":{"line":350,"column":23},"end":{"line":350,"column":27}}],"line":350},"25":{"loc":{"start":{"line":370,"column":4},"end":{"line":370,"column":46}},"type":"if","locations":[{"start":{"line":370,"column":4},"end":{"line":370,"column":46}},{"start":{},"end":{}}],"line":370},"26":{"loc":{"start":{"line":423,"column":4},"end":{"line":426,"column":5}},"type":"if","locations":[{"start":{"line":423,"column":4},"end":{"line":426,"column":5}},{"start":{},"end":{}}],"line":423},"27":{"loc":{"start":{"line":427,"column":4},"end":{"line":430,"column":5}},"type":"if","locations":[{"start":{"line":427,"column":4},"end":{"line":430,"column":5}},{"start":{},"end":{}}],"line":427},"28":{"loc":{"start":{"line":431,"column":4},"end":{"line":434,"column":5}},"type":"if","locations":[{"start":{"line":431,"column":4},"end":{"line":434,"column":5}},{"start":{},"end":{}}],"line":431},"29":{"loc":{"start":{"line":435,"column":4},"end":{"line":438,"column":5}},"type":"if","locations":[{"start":{"line":435,"column":4},"end":{"line":438,"column":5}},{"start":{},"end":{}}],"line":435},"30":{"loc":{"start":{"line":439,"column":4},"end":{"line":441,"column":5}},"type":"if","locations":[{"start":{"line":439,"column":4},"end":{"line":441,"column":5}},{"start":{},"end":{}}],"line":439},"31":{"loc":{"start":{"line":450,"column":4},"end":{"line":450,"column":46}},"type":"if","locations":[{"start":{"line":450,"column":4},"end":{"line":450,"column":46}},{"start":{},"end":{}}],"line":450},"32":{"loc":{"start":{"line":483,"column":8},"end":{"line":483,"column":34}},"type":"binary-expr","locations":[{"start":{"line":483,"column":8},"end":{"line":483,"column":26}},{"start":{"line":483,"column":30},"end":{"line":483,"column":34}}],"line":483},"33":{"loc":{"start":{"line":484,"column":8},"end":{"line":484,"column":38}},"type":"binary-expr","locations":[{"start":{"line":484,"column":8},"end":{"line":484,"column":30}},{"start":{"line":484,"column":34},"end":{"line":484,"column":38}}],"line":484}},"s":{"0":0,"1":0,"2":0,"3":0,"4":0,"5":0,"6":0,"7":0,"8":0,"9":0,"10":0,"11":0,"12":0,"13":0,"14":0,"15":0,"16":0,"17":0,"18":0,"19":0,"20":0,"21":0,"22":0,"23":0,"24":0,"25":0,"26":0,"27":0,"28":0,"29":0,"30":0,"31":0,"32":0,"33":0,"34":0,"35":0,"36":0,"37":0,"38":0,"39":0,"40":0,"41":0,"42":0,"43":0,"44":0,"45":0,"46":0,"47":0,"48":0,"49":0,"50":0,"51":0,"52":0,"53":0,"54":0,"55":0,"56":0,"57":0,"58":0,"59":0,"60":0,"61":0,"62":0,"63":0,"64":0,"65":0,"66":0,"67":0,"68":0,"69":0,"70":0,"71":0,"72":0,"73":0,"74":0,"75":0,"76":0,"77":0,"78":0,"79":0,"80":0,"81":0,"82":0,"83":0,"84":0,"85":0,"86":0,"87":0,"88":0,"89":0,"90":0,"91":0,"92":0,"93":0,"94":0,"95":0,"96":0,"97":0,"98":0,"99":0,"100":0,"101":0,"102":0,"103":0,"104":0,"105":0,"106":0,"107":0,"108":0,"109":0,"110":0,"111":0,"112":0,"113":0,"114":0,"115":0,"116":0,"117":0,"118":0,"119":0,"120":0,"121":0,"122":0,"123":0,"124":0,"125":0,"126":0,"127":0,"128":0,"129":0,"130":0,"131":0,"132":0,"133":0,"134":0,"135":0,"136":0,"137":0,"138":0,"139":0,"140":0,"141":0,"142":0,"143":0,"144":0,"145":0,"146":0,"147":0,"148":0,"149":0,"150":0,"151":0,"152":0,"153":0,"154":0,"155":0,"156":0,"157":0,"158":0,"159":0,"160":0,"161":0,"162":0,"163":0,"164":0,"165":0,"166":0,"167":0,"168":0,"169":0,"170":0,"171":0,"172":0,"173":0,"174":0,"175":0,"176":0,"177":0,"178":0,"179":0,"180":0,"181":0,"182":0,"183":0,"184":0,"185":0,"186":0,"187":0,"188":0,"189":0,"190":0,"191":0,"192":0,"193":0,"194":0,"195":0,"196":0,"197":0,"198":0,"199":0,"200":0,"201":0,"202":0,"203":0,"204":0,"205":0,"206":0,"207":0,"208":0,"209":0,"210":0,"211":0,"212":0,"213":0,"214":0,"215":0,"216":0,"217":0,"218":0,"219":0,"220":0,"221":0,"222":0,"223":0,"224":0},"f":{"0":0,"1":0,"2":0,"3":0,"4":0,"5":0,"6":0,"7":0,"8":0,"9":0,"10":0,"11":0,"12":0,"13":0,"14":0,"15":0,"16":0,"17":0,"18":0,"19":0,"20":0,"21":0,"22":0,"23":0,"24":0,"25":0,"26":0,"27":0,"28":0},"b":{"0":[0,0],"1":[0,0],"2":[0,0],"3":[0,0],"4":[0,0],"5":[0,0],"6":[0,0],"7":[0,0],"8":[0,0],"9":[0,0],"10":[0,0],"11":[0,0],"12":[0,0],"13":[0,0],"14":[0,0],"15":[0,0],"16":[0,0],"17":[0,0],"18":[0,0],"19":[0,0],"20":[0,0],"21":[0,0],"22":[0,0],"23":[0,0],"24":[0,0],"25":[0,0],"26":[0,0],"27":[0,0],"28":[0,0],"29":[0,0],"30":[0,0],"31":[0,0],"32":[0,0],"33":[0,0]}}
,"/Users/joelnewton/Desktop/2026-Code/projects/production/ModelLab/lib/database.js": {"path":"/Users/joelnewton/Desktop/2026-Code/projects/production/ModelLab/lib/database.js","statementMap":{"0":{"start":{"line":7,"column":0},"end":{"line":511,"column":1}},"1":{"start":{"line":8,"column":2},"end":{"line":8,"column":45}},"2":{"start":{"line":9,"column":2},"end":{"line":9,"column":44}},"3":{"start":{"line":12,"column":2},"end":{"line":12,"column":41}},"4":{"start":{"line":14,"column":16},"end":{"line":14,"column":41}},"5":{"start":{"line":15,"column":13},"end":{"line":15,"column":28}},"6":{"start":{"line":16,"column":11},"end":{"line":16,"column":24}},"7":{"start":{"line":17,"column":15},"end":{"line":17,"column":32}},"8":{"start":{"line":20,"column":15},"end":{"line":20,"column":49}},"9":{"start":{"line":21,"column":16},"end":{"line":21,"column":48}},"10":{"start":{"line":22,"column":17},"end":{"line":22,"column":58}},"11":{"start":{"line":25,"column":0},"end":{"line":27,"column":1}},"12":{"start":{"line":26,"column":2},"end":{"line":26,"column":44}},"13":{"start":{"line":30,"column":0},"end":{"line":35,"column":1}},"14":{"start":{"line":31,"column":2},"end":{"line":31,"column":46}},"15":{"start":{"line":32,"column":2},"end":{"line":32,"column":69}},"16":{"start":{"line":33,"column":2},"end":{"line":33,"column":65}},"17":{"start":{"line":34,"column":2},"end":{"line":34,"column":70}},"18":{"start":{"line":38,"column":11},"end":{"line":38,"column":27}},"19":{"start":{"line":39,"column":0},"end":{"line":39,"column":32}},"20":{"start":{"line":40,"column":0},"end":{"line":40,"column":31}},"21":{"start":{"line":43,"column":0},"end":{"line":118,"column":3}},"22":{"start":{"line":121,"column":0},"end":{"line":154,"column":1}},"23":{"start":{"line":123,"column":23},"end":{"line":123,"column":70}},"24":{"start":{"line":124,"column":31},"end":{"line":124,"column":82}},"25":{"start":{"line":124,"column":56},"end":{"line":124,"column":81}},"26":{"start":{"line":126,"column":2},"end":{"line":129,"column":3}},"27":{"start":{"line":127,"column":4},"end":{"line":127,"column":87}},"28":{"start":{"line":128,"column":4},"end":{"line":128,"column":63}},"29":{"start":{"line":132,"column":19},"end":{"line":132,"column":62}},"30":{"start":{"line":133,"column":27},"end":{"line":133,"column":74}},"31":{"start":{"line":133,"column":48},"end":{"line":133,"column":73}},"32":{"start":{"line":135,"column":2},"end":{"line":138,"column":3}},"33":{"start":{"line":136,"column":4},"end":{"line":136,"column":83}},"34":{"start":{"line":137,"column":4},"end":{"line":137,"column":59}},"35":{"start":{"line":141,"column":2},"end":{"line":141,"column":80}},"36":{"start":{"line":142,"column":2},"end":{"line":142,"column":88}},"37":{"start":{"line":145,"column":28},"end":{"line":145,"column":71}},"38":{"start":{"line":146,"column":27},"end":{"line":146,"column":83}},"39":{"start":{"line":146,"column":57},"end":{"line":146,"column":82}},"40":{"start":{"line":148,"column":2},"end":{"line":151,"column":3}},"41":{"start":{"line":149,"column":4},"end":{"line":149,"column":59}},"42":{"start":{"line":150,"column":4},"end":{"line":150,"column":59}},"43":{"start":{"line":153,"column":2},"end":{"line":153,"column":51}},"44":{"start":{"line":157,"column":22},"end":{"line":160,"column":2}},"45":{"start":{"line":162,"column":19},"end":{"line":162,"column":68}},"46":{"start":{"line":163,"column":23},"end":{"line":163,"column":84}},"47":{"start":{"line":164,"column":22},"end":{"line":168,"column":2}},"48":{"start":{"line":169,"column":22},"end":{"line":169,"column":69}},"49":{"start":{"line":172,"column":18},"end":{"line":175,"column":2}},"50":{"start":{"line":177,"column":15},"end":{"line":177,"column":60}},"51":{"start":{"line":178,"column":19},"end":{"line":178,"column":76}},"52":{"start":{"line":179,"column":18},"end":{"line":189,"column":2}},"53":{"start":{"line":190,"column":18},"end":{"line":190,"column":61}},"54":{"start":{"line":193,"column":23},"end":{"line":196,"column":2}},"55":{"start":{"line":198,"column":20},"end":{"line":198,"column":70}},"56":{"start":{"line":199,"column":28},"end":{"line":199,"column":107}},"57":{"start":{"line":200,"column":24},"end":{"line":200,"column":86}},"58":{"start":{"line":201,"column":23},"end":{"line":201,"column":71}},"59":{"start":{"line":204,"column":25},"end":{"line":207,"column":2}},"60":{"start":{"line":209,"column":22},"end":{"line":209,"column":74}},"61":{"start":{"line":210,"column":30},"end":{"line":210,"column":111}},"62":{"start":{"line":211,"column":26},"end":{"line":211,"column":90}},"63":{"start":{"line":212,"column":25},"end":{"line":212,"column":75}},"64":{"start":{"line":215,"column":22},"end":{"line":218,"column":2}},"65":{"start":{"line":220,"column":19},"end":{"line":220,"column":68}},"66":{"start":{"line":221,"column":23},"end":{"line":221,"column":84}},"67":{"start":{"line":222,"column":22},"end":{"line":226,"column":2}},"68":{"start":{"line":227,"column":22},"end":{"line":227,"column":69}},"69":{"start":{"line":228,"column":31},"end":{"line":228,"column":113}},"70":{"start":{"line":229,"column":27},"end":{"line":229,"column":105}},"71":{"start":{"line":233,"column":2},"end":{"line":237,"column":3}},"72":{"start":{"line":234,"column":4},"end":{"line":234,"column":40}},"73":{"start":{"line":236,"column":4},"end":{"line":236,"column":16}},"74":{"start":{"line":241,"column":2},"end":{"line":241,"column":24}},"75":{"start":{"line":241,"column":12},"end":{"line":241,"column":24}},"76":{"start":{"line":242,"column":17},"end":{"line":242,"column":38}},"77":{"start":{"line":243,"column":17},"end":{"line":248,"column":3}},"78":{"start":{"line":251,"column":2},"end":{"line":261,"column":3}},"79":{"start":{"line":252,"column":4},"end":{"line":252,"column":67}},"80":{"start":{"line":255,"column":4},"end":{"line":260,"column":5}},"81":{"start":{"line":256,"column":6},"end":{"line":256,"column":60}},"82":{"start":{"line":257,"column":6},"end":{"line":257,"column":38}},"83":{"start":{"line":258,"column":6},"end":{"line":258,"column":46}},"84":{"start":{"line":259,"column":6},"end":{"line":259,"column":60}},"85":{"start":{"line":264,"column":2},"end":{"line":272,"column":3}},"86":{"start":{"line":265,"column":4},"end":{"line":265,"column":37}},"87":{"start":{"line":266,"column":4},"end":{"line":266,"column":37}},"88":{"start":{"line":267,"column":4},"end":{"line":267,"column":57}},"89":{"start":{"line":268,"column":4},"end":{"line":268,"column":36}},"90":{"start":{"line":269,"column":4},"end":{"line":269,"column":36}},"91":{"start":{"line":270,"column":4},"end":{"line":270,"column":44}},"92":{"start":{"line":271,"column":4},"end":{"line":271,"column":52}},"93":{"start":{"line":274,"column":2},"end":{"line":274,"column":16}},"94":{"start":{"line":278,"column":2},"end":{"line":278,"column":24}},"95":{"start":{"line":278,"column":12},"end":{"line":278,"column":24}},"96":{"start":{"line":279,"column":2},"end":{"line":285,"column":4}},"97":{"start":{"line":290,"column":21},"end":{"line":290,"column":46}},"98":{"start":{"line":291,"column":18},"end":{"line":291,"column":45}},"99":{"start":{"line":292,"column":2},"end":{"line":292,"column":29}},"100":{"start":{"line":293,"column":2},"end":{"line":293,"column":31}},"101":{"start":{"line":298,"column":2},"end":{"line":298,"column":68}},"102":{"start":{"line":302,"column":0},"end":{"line":509,"column":2}},"103":{"start":{"line":310,"column":16},"end":{"line":310,"column":40}},"104":{"start":{"line":311,"column":15},"end":{"line":311,"column":41}},"105":{"start":{"line":312,"column":4},"end":{"line":328,"column":6}},"106":{"start":{"line":329,"column":4},"end":{"line":329,"column":44}},"107":{"start":{"line":332,"column":22},"end":{"line":332,"column":54}},"108":{"start":{"line":333,"column":26},"end":{"line":333,"column":58}},"109":{"start":{"line":335,"column":24},"end":{"line":335,"column":62}},"110":{"start":{"line":336,"column":21},"end":{"line":336,"column":59}},"111":{"start":{"line":339,"column":16},"end":{"line":339,"column":40}},"112":{"start":{"line":340,"column":20},"end":{"line":340,"column":38}},"113":{"start":{"line":341,"column":4},"end":{"line":341,"column":30}},"114":{"start":{"line":341,"column":18},"end":{"line":341,"column":30}},"115":{"start":{"line":343,"column":4},"end":{"line":356,"column":6}},"116":{"start":{"line":357,"column":4},"end":{"line":357,"column":44}},"117":{"start":{"line":360,"column":25},"end":{"line":360,"column":46}},"118":{"start":{"line":364,"column":16},"end":{"line":364,"column":40}},"119":{"start":{"line":365,"column":15},"end":{"line":365,"column":37}},"120":{"start":{"line":368,"column":19},"end":{"line":374,"column":5}},"121":{"start":{"line":376,"column":4},"end":{"line":390,"column":6}},"122":{"start":{"line":391,"column":4},"end":{"line":391,"column":40}},"123":{"start":{"line":394,"column":18},"end":{"line":394,"column":46}},"124":{"start":{"line":395,"column":22},"end":{"line":395,"column":50}},"125":{"start":{"line":397,"column":20},"end":{"line":397,"column":54}},"126":{"start":{"line":398,"column":17},"end":{"line":398,"column":51}},"127":{"start":{"line":401,"column":16},"end":{"line":401,"column":40}},"128":{"start":{"line":402,"column":16},"end":{"line":402,"column":30}},"129":{"start":{"line":403,"column":4},"end":{"line":403,"column":26}},"130":{"start":{"line":403,"column":14},"end":{"line":403,"column":26}},"131":{"start":{"line":405,"column":4},"end":{"line":414,"column":6}},"132":{"start":{"line":415,"column":4},"end":{"line":415,"column":40}},"133":{"start":{"line":418,"column":21},"end":{"line":418,"column":38}},"134":{"start":{"line":422,"column":16},"end":{"line":422,"column":40}},"135":{"start":{"line":423,"column":15},"end":{"line":423,"column":42}},"136":{"start":{"line":424,"column":4},"end":{"line":433,"column":6}},"137":{"start":{"line":434,"column":4},"end":{"line":434,"column":31}},"138":{"start":{"line":437,"column":23},"end":{"line":437,"column":42}},"139":{"start":{"line":439,"column":34},"end":{"line":439,"column":64}},"140":{"start":{"line":441,"column":25},"end":{"line":441,"column":46}},"141":{"start":{"line":443,"column":26},"end":{"line":443,"column":48}},"142":{"start":{"line":447,"column":16},"end":{"line":447,"column":40}},"143":{"start":{"line":448,"column":15},"end":{"line":448,"column":44}},"144":{"start":{"line":449,"column":4},"end":{"line":457,"column":6}},"145":{"start":{"line":458,"column":4},"end":{"line":458,"column":54}},"146":{"start":{"line":461,"column":25},"end":{"line":461,"column":67}},"147":{"start":{"line":463,"column":36},"end":{"line":463,"column":93}},"148":{"start":{"line":464,"column":24},"end":{"line":464,"column":72}},"149":{"start":{"line":466,"column":28},"end":{"line":466,"column":52}},"150":{"start":{"line":470,"column":16},"end":{"line":470,"column":40}},"151":{"start":{"line":471,"column":15},"end":{"line":471,"column":41}},"152":{"start":{"line":472,"column":4},"end":{"line":478,"column":6}},"153":{"start":{"line":479,"column":4},"end":{"line":479,"column":30}},"154":{"start":{"line":482,"column":22},"end":{"line":482,"column":40}},"155":{"start":{"line":483,"column":26},"end":{"line":483,"column":44}},"156":{"start":{"line":485,"column":24},"end":{"line":485,"column":44}},"157":{"start":{"line":486,"column":21},"end":{"line":486,"column":41}},"158":{"start":{"line":489,"column":16},"end":{"line":489,"column":40}},"159":{"start":{"line":490,"column":20},"end":{"line":490,"column":38}},"160":{"start":{"line":491,"column":4},"end":{"line":491,"column":30}},"161":{"start":{"line":491,"column":18},"end":{"line":491,"column":30}},"162":{"start":{"line":493,"column":4},"end":{"line":498,"column":6}},"163":{"start":{"line":499,"column":4},"end":{"line":499,"column":30}},"164":{"start":{"line":502,"column":25},"end":{"line":502,"column":46}},"165":{"start":{"line":504,"column":41},"end":{"line":504,"column":96}},"166":{"start":{"line":505,"column":37},"end":{"line":505,"column":88}},"167":{"start":{"line":508,"column":15},"end":{"line":508,"column":25}}},"fnMap":{"0":{"name":"(anonymous_0)","decl":{"start":{"line":124,"column":49},"end":{"line":124,"column":50}},"loc":{"start":{"line":124,"column":56},"end":{"line":124,"column":81}},"line":124},"1":{"name":"(anonymous_1)","decl":{"start":{"line":133,"column":41},"end":{"line":133,"column":42}},"loc":{"start":{"line":133,"column":48},"end":{"line":133,"column":73}},"line":133},"2":{"name":"(anonymous_2)","decl":{"start":{"line":146,"column":50},"end":{"line":146,"column":51}},"loc":{"start":{"line":146,"column":57},"end":{"line":146,"column":82}},"line":146},"3":{"name":"parseJSON","decl":{"start":{"line":232,"column":9},"end":{"line":232,"column":18}},"loc":{"start":{"line":232,"column":24},"end":{"line":238,"column":1}},"line":232},"4":{"name":"serializeRow","decl":{"start":{"line":240,"column":9},"end":{"line":240,"column":21}},"loc":{"start":{"line":240,"column":27},"end":{"line":275,"column":1}},"line":240},"5":{"name":"serializeEvaluation","decl":{"start":{"line":277,"column":9},"end":{"line":277,"column":28}},"loc":{"start":{"line":277,"column":34},"end":{"line":286,"column":1}},"line":277},"6":{"name":"generateChecksum","decl":{"start":{"line":289,"column":9},"end":{"line":289,"column":25}},"loc":{"start":{"line":289,"column":36},"end":{"line":294,"column":1}},"line":289},"7":{"name":"generateId","decl":{"start":{"line":297,"column":9},"end":{"line":297,"column":19}},"loc":{"start":{"line":297,"column":22},"end":{"line":299,"column":1}},"line":297},"8":{"name":"(anonymous_8)","decl":{"start":{"line":309,"column":17},"end":{"line":309,"column":18}},"loc":{"start":{"line":309,"column":30},"end":{"line":330,"column":3}},"line":309},"9":{"name":"(anonymous_9)","decl":{"start":{"line":332,"column":14},"end":{"line":332,"column":15}},"loc":{"start":{"line":332,"column":22},"end":{"line":332,"column":54}},"line":332},"10":{"name":"(anonymous_10)","decl":{"start":{"line":333,"column":18},"end":{"line":333,"column":19}},"loc":{"start":{"line":333,"column":26},"end":{"line":333,"column":58}},"line":333},"11":{"name":"(anonymous_11)","decl":{"start":{"line":335,"column":18},"end":{"line":335,"column":19}},"loc":{"start":{"line":335,"column":24},"end":{"line":335,"column":62}},"line":335},"12":{"name":"(anonymous_12)","decl":{"start":{"line":336,"column":15},"end":{"line":336,"column":16}},"loc":{"start":{"line":336,"column":21},"end":{"line":336,"column":59}},"line":336},"13":{"name":"(anonymous_13)","decl":{"start":{"line":338,"column":17},"end":{"line":338,"column":18}},"loc":{"start":{"line":338,"column":34},"end":{"line":358,"column":3}},"line":338},"14":{"name":"(anonymous_14)","decl":{"start":{"line":360,"column":17},"end":{"line":360,"column":18}},"loc":{"start":{"line":360,"column":25},"end":{"line":360,"column":46}},"line":360},"15":{"name":"(anonymous_15)","decl":{"start":{"line":363,"column":13},"end":{"line":363,"column":14}},"loc":{"start":{"line":363,"column":22},"end":{"line":392,"column":3}},"line":363},"16":{"name":"(anonymous_16)","decl":{"start":{"line":394,"column":10},"end":{"line":394,"column":11}},"loc":{"start":{"line":394,"column":18},"end":{"line":394,"column":46}},"line":394},"17":{"name":"(anonymous_17)","decl":{"start":{"line":395,"column":14},"end":{"line":395,"column":15}},"loc":{"start":{"line":395,"column":22},"end":{"line":395,"column":50}},"line":395},"18":{"name":"(anonymous_18)","decl":{"start":{"line":397,"column":14},"end":{"line":397,"column":15}},"loc":{"start":{"line":397,"column":20},"end":{"line":397,"column":54}},"line":397},"19":{"name":"(anonymous_19)","decl":{"start":{"line":398,"column":11},"end":{"line":398,"column":12}},"loc":{"start":{"line":398,"column":17},"end":{"line":398,"column":51}},"line":398},"20":{"name":"(anonymous_20)","decl":{"start":{"line":400,"column":13},"end":{"line":400,"column":14}},"loc":{"start":{"line":400,"column":30},"end":{"line":416,"column":3}},"line":400},"21":{"name":"(anonymous_21)","decl":{"start":{"line":418,"column":13},"end":{"line":418,"column":14}},"loc":{"start":{"line":418,"column":21},"end":{"line":418,"column":38}},"line":418},"22":{"name":"(anonymous_22)","decl":{"start":{"line":421,"column":18},"end":{"line":421,"column":19}},"loc":{"start":{"line":421,"column":32},"end":{"line":435,"column":3}},"line":421},"23":{"name":"(anonymous_23)","decl":{"start":{"line":437,"column":15},"end":{"line":437,"column":16}},"loc":{"start":{"line":437,"column":23},"end":{"line":437,"column":42}},"line":437},"24":{"name":"(anonymous_24)","decl":{"start":{"line":439,"column":23},"end":{"line":439,"column":24}},"loc":{"start":{"line":439,"column":34},"end":{"line":439,"column":64}},"line":439},"25":{"name":"(anonymous_25)","decl":{"start":{"line":441,"column":19},"end":{"line":441,"column":20}},"loc":{"start":{"line":441,"column":25},"end":{"line":441,"column":46}},"line":441},"26":{"name":"(anonymous_26)","decl":{"start":{"line":443,"column":18},"end":{"line":443,"column":19}},"loc":{"start":{"line":443,"column":26},"end":{"line":443,"column":48}},"line":443},"27":{"name":"(anonymous_27)","decl":{"start":{"line":446,"column":20},"end":{"line":446,"column":21}},"loc":{"start":{"line":446,"column":36},"end":{"line":459,"column":3}},"line":446},"28":{"name":"(anonymous_28)","decl":{"start":{"line":461,"column":17},"end":{"line":461,"column":18}},"loc":{"start":{"line":461,"column":25},"end":{"line":461,"column":67}},"line":461},"29":{"name":"(anonymous_29)","decl":{"start":{"line":463,"column":25},"end":{"line":463,"column":26}},"loc":{"start":{"line":463,"column":36},"end":{"line":463,"column":93}},"line":463},"30":{"name":"(anonymous_30)","decl":{"start":{"line":464,"column":18},"end":{"line":464,"column":19}},"loc":{"start":{"line":464,"column":24},"end":{"line":464,"column":72}},"line":464},"31":{"name":"(anonymous_31)","decl":{"start":{"line":466,"column":20},"end":{"line":466,"column":21}},"loc":{"start":{"line":466,"column":28},"end":{"line":466,"column":52}},"line":466},"32":{"name":"(anonymous_32)","decl":{"start":{"line":469,"column":17},"end":{"line":469,"column":18}},"loc":{"start":{"line":469,"column":30},"end":{"line":480,"column":3}},"line":469},"33":{"name":"(anonymous_33)","decl":{"start":{"line":482,"column":14},"end":{"line":482,"column":15}},"loc":{"start":{"line":482,"column":22},"end":{"line":482,"column":40}},"line":482},"34":{"name":"(anonymous_34)","decl":{"start":{"line":483,"column":18},"end":{"line":483,"column":19}},"loc":{"start":{"line":483,"column":26},"end":{"line":483,"column":44}},"line":483},"35":{"name":"(anonymous_35)","decl":{"start":{"line":485,"column":18},"end":{"line":485,"column":19}},"loc":{"start":{"line":485,"column":24},"end":{"line":485,"column":44}},"line":485},"36":{"name":"(anonymous_36)","decl":{"start":{"line":486,"column":15},"end":{"line":486,"column":16}},"loc":{"start":{"line":486,"column":21},"end":{"line":486,"column":41}},"line":486},"37":{"name":"(anonymous_37)","decl":{"start":{"line":488,"column":17},"end":{"line":488,"column":18}},"loc":{"start":{"line":488,"column":34},"end":{"line":500,"column":3}},"line":488},"38":{"name":"(anonymous_38)","decl":{"start":{"line":502,"column":17},"end":{"line":502,"column":18}},"loc":{"start":{"line":502,"column":25},"end":{"line":502,"column":46}},"line":502},"39":{"name":"(anonymous_39)","decl":{"start":{"line":504,"column":26},"end":{"line":504,"column":27}},"loc":{"start":{"line":504,"column":41},"end":{"line":504,"column":96}},"line":504},"40":{"name":"(anonymous_40)","decl":{"start":{"line":505,"column":22},"end":{"line":505,"column":23}},"loc":{"start":{"line":505,"column":37},"end":{"line":505,"column":88}},"line":505},"41":{"name":"(anonymous_41)","decl":{"start":{"line":508,"column":9},"end":{"line":508,"column":10}},"loc":{"start":{"line":508,"column":15},"end":{"line":508,"column":25}},"line":508}},"branchMap":{"0":{"loc":{"start":{"line":7,"column":0},"end":{"line":511,"column":1}},"type":"if","locations":[{"start":{"line":7,"column":0},"end":{"line":511,"column":1}},{"start":{"line":10,"column":7},"end":{"line":511,"column":1}}],"line":7},"1":{"loc":{"start":{"line":25,"column":0},"end":{"line":27,"column":1}},"type":"if","locations":[{"start":{"line":25,"column":0},"end":{"line":27,"column":1}},{"start":{},"end":{}}],"line":25},"2":{"loc":{"start":{"line":30,"column":0},"end":{"line":35,"column":1}},"type":"if","locations":[{"start":{"line":30,"column":0},"end":{"line":35,"column":1}},{"start":{},"end":{}}],"line":30},"3":{"loc":{"start":{"line":126,"column":2},"end":{"line":129,"column":3}},"type":"if","locations":[{"start":{"line":126,"column":2},"end":{"line":129,"column":3}},{"start":{},"end":{}}],"line":126},"4":{"loc":{"start":{"line":135,"column":2},"end":{"line":138,"column":3}},"type":"if","locations":[{"start":{"line":135,"column":2},"end":{"line":138,"column":3}},{"start":{},"end":{}}],"line":135},"5":{"loc":{"start":{"line":148,"column":2},"end":{"line":151,"column":3}},"type":"if","locations":[{"start":{"line":148,"column":2},"end":{"line":151,"column":3}},{"start":{},"end":{}}],"line":148},"6":{"loc":{"start":{"line":234,"column":11},"end":{"line":234,"column":39}},"type":"cond-expr","locations":[{"start":{"line":234,"column":17},"end":{"line":234,"column":32}},{"start":{"line":234,"column":35},"end":{"line":234,"column":39}}],"line":234},"7":{"loc":{"start":{"line":241,"column":2},"end":{"line":241,"column":24}},"type":"if","locations":[{"start":{"line":241,"column":2},"end":{"line":241,"column":24}},{"start":{},"end":{}}],"line":241},"8":{"loc":{"start":{"line":251,"column":2},"end":{"line":261,"column":3}},"type":"if","locations":[{"start":{"line":251,"column":2},"end":{"line":261,"column":3}},{"start":{},"end":{}}],"line":251},"9":{"loc":{"start":{"line":255,"column":4},"end":{"line":260,"column":5}},"type":"if","locations":[{"start":{"line":255,"column":4},"end":{"line":260,"column":5}},{"start":{},"end":{}}],"line":255},"10":{"loc":{"start":{"line":256,"column":31},"end":{"line":256,"column":59}},"type":"binary-expr","locations":[{"start":{"line":256,"column":31},"end":{"line":256,"column":53}},{"start":{"line":256,"column":57},"end":{"line":256,"column":59}}],"line":256},"11":{"loc":{"start":{"line":257,"column":20},"end":{"line":257,"column":37}},"type":"binary-expr","locations":[{"start":{"line":257,"column":20},"end":{"line":257,"column":31}},{"start":{"line":257,"column":35},"end":{"line":257,"column":37}}],"line":257},"12":{"loc":{"start":{"line":258,"column":24},"end":{"line":258,"column":45}},"type":"binary-expr","locations":[{"start":{"line":258,"column":24},"end":{"line":258,"column":39}},{"start":{"line":258,"column":43},"end":{"line":258,"column":45}}],"line":258},"13":{"loc":{"start":{"line":259,"column":30},"end":{"line":259,"column":59}},"type":"binary-expr","locations":[{"start":{"line":259,"column":30},"end":{"line":259,"column":51}},{"start":{"line":259,"column":55},"end":{"line":259,"column":59}}],"line":259},"14":{"loc":{"start":{"line":264,"column":2},"end":{"line":272,"column":3}},"type":"if","locations":[{"start":{"line":264,"column":2},"end":{"line":272,"column":3}},{"start":{},"end":{}}],"line":264},"15":{"loc":{"start":{"line":264,"column":6},"end":{"line":264,"column":60}},"type":"binary-expr","locations":[{"start":{"line":264,"column":6},"end":{"line":264,"column":34}},{"start":{"line":264,"column":38},"end":{"line":264,"column":60}}],"line":264},"16":{"loc":{"start":{"line":267,"column":36},"end":{"line":267,"column":55}},"type":"binary-expr","locations":[{"start":{"line":267,"column":36},"end":{"line":267,"column":49}},{"start":{"line":267,"column":53},"end":{"line":267,"column":55}}],"line":267},"17":{"loc":{"start":{"line":270,"column":18},"end":{"line":270,"column":43}},"type":"binary-expr","locations":[{"start":{"line":270,"column":18},"end":{"line":270,"column":37}},{"start":{"line":270,"column":41},"end":{"line":270,"column":43}}],"line":270},"18":{"loc":{"start":{"line":271,"column":22},"end":{"line":271,"column":51}},"type":"binary-expr","locations":[{"start":{"line":271,"column":22},"end":{"line":271,"column":45}},{"start":{"line":271,"column":49},"end":{"line":271,"column":51}}],"line":271},"19":{"loc":{"start":{"line":278,"column":2},"end":{"line":278,"column":24}},"type":"if","locations":[{"start":{"line":278,"column":2},"end":{"line":278,"column":24}},{"start":{},"end":{}}],"line":278},"20":{"loc":{"start":{"line":311,"column":15},"end":{"line":311,"column":41}},"type":"binary-expr","locations":[{"start":{"line":311,"column":15},"end":{"line":311,"column":25}},{"start":{"line":311,"column":29},"end":{"line":311,"column":41}}],"line":311},"21":{"loc":{"start":{"line":315,"column":6},"end":{"line":315,"column":31}},"type":"binary-expr","locations":[{"start":{"line":315,"column":6},"end":{"line":315,"column":25}},{"start":{"line":315,"column":29},"end":{"line":315,"column":31}}],"line":315},"22":{"loc":{"start":{"line":316,"column":6},"end":{"line":316,"column":49}},"type":"binary-expr","locations":[{"start":{"line":316,"column":6},"end":{"line":316,"column":22}},{"start":{"line":316,"column":26},"end":{"line":316,"column":43}},{"start":{"line":316,"column":47},"end":{"line":316,"column":49}}],"line":316},"23":{"loc":{"start":{"line":317,"column":6},"end":{"line":317,"column":49}},"type":"binary-expr","locations":[{"start":{"line":317,"column":6},"end":{"line":317,"column":22}},{"start":{"line":317,"column":26},"end":{"line":317,"column":43}},{"start":{"line":317,"column":47},"end":{"line":317,"column":49}}],"line":317},"24":{"loc":{"start":{"line":318,"column":6},"end":{"line":318,"column":49}},"type":"binary-expr","locations":[{"start":{"line":318,"column":6},"end":{"line":318,"column":24}},{"start":{"line":318,"column":28},"end":{"line":318,"column":44}},{"start":{"line":318,"column":48},"end":{"line":318,"column":49}}],"line":318},"25":{"loc":{"start":{"line":319,"column":6},"end":{"line":319,"column":49}},"type":"binary-expr","locations":[{"start":{"line":319,"column":6},"end":{"line":319,"column":24}},{"start":{"line":319,"column":28},"end":{"line":319,"column":44}},{"start":{"line":319,"column":48},"end":{"line":319,"column":49}}],"line":319},"26":{"loc":{"start":{"line":320,"column":6},"end":{"line":320,"column":60}},"type":"cond-expr","locations":[{"start":{"line":320,"column":23},"end":{"line":320,"column":53}},{"start":{"line":320,"column":56},"end":{"line":320,"column":60}}],"line":320},"27":{"loc":{"start":{"line":321,"column":6},"end":{"line":321,"column":28}},"type":"binary-expr","locations":[{"start":{"line":321,"column":6},"end":{"line":321,"column":22}},{"start":{"line":321,"column":26},"end":{"line":321,"column":28}}],"line":321},"28":{"loc":{"start":{"line":322,"column":6},"end":{"line":322,"column":26}},"type":"binary-expr","locations":[{"start":{"line":322,"column":6},"end":{"line":322,"column":21}},{"start":{"line":322,"column":25},"end":{"line":322,"column":26}}],"line":322},"29":{"loc":{"start":{"line":323,"column":6},"end":{"line":323,"column":56}},"type":"cond-expr","locations":[{"start":{"line":323,"column":21},"end":{"line":323,"column":49}},{"start":{"line":323,"column":52},"end":{"line":323,"column":56}}],"line":323},"30":{"loc":{"start":{"line":324,"column":6},"end":{"line":324,"column":64}},"type":"cond-expr","locations":[{"start":{"line":324,"column":25},"end":{"line":324,"column":57}},{"start":{"line":324,"column":60},"end":{"line":324,"column":64}}],"line":324},"31":{"loc":{"start":{"line":325,"column":6},"end":{"line":325,"column":53}},"type":"binary-expr","locations":[{"start":{"line":325,"column":6},"end":{"line":325,"column":24}},{"start":{"line":325,"column":28},"end":{"line":325,"column":45}},{"start":{"line":325,"column":49},"end":{"line":325,"column":53}}],"line":325},"32":{"loc":{"start":{"line":326,"column":6},"end":{"line":326,"column":52}},"type":"binary-expr","locations":[{"start":{"line":326,"column":6},"end":{"line":326,"column":24}},{"start":{"line":326,"column":28},"end":{"line":326,"column":45}},{"start":{"line":326,"column":49},"end":{"line":326,"column":52}}],"line":326},"33":{"loc":{"start":{"line":341,"column":4},"end":{"line":341,"column":30}},"type":"if","locations":[{"start":{"line":341,"column":4},"end":{"line":341,"column":30}},{"start":{},"end":{}}],"line":341},"34":{"loc":{"start":{"line":344,"column":6},"end":{"line":344,"column":34}},"type":"binary-expr","locations":[{"start":{"line":344,"column":6},"end":{"line":344,"column":18}},{"start":{"line":344,"column":22},"end":{"line":344,"column":34}}],"line":344},"35":{"loc":{"start":{"line":345,"column":6},"end":{"line":345,"column":83}},"type":"cond-expr","locations":[{"start":{"line":345,"column":42},"end":{"line":345,"column":61}},{"start":{"line":345,"column":64},"end":{"line":345,"column":83}}],"line":345},"36":{"loc":{"start":{"line":346,"column":6},"end":{"line":346,"column":64}},"type":"binary-expr","locations":[{"start":{"line":346,"column":6},"end":{"line":346,"column":22}},{"start":{"line":346,"column":26},"end":{"line":346,"column":43}},{"start":{"line":346,"column":47},"end":{"line":346,"column":64}}],"line":346},"37":{"loc":{"start":{"line":347,"column":6},"end":{"line":347,"column":64}},"type":"binary-expr","locations":[{"start":{"line":347,"column":6},"end":{"line":347,"column":22}},{"start":{"line":347,"column":26},"end":{"line":347,"column":43}},{"start":{"line":347,"column":47},"end":{"line":347,"column":64}}],"line":347},"38":{"loc":{"start":{"line":348,"column":6},"end":{"line":348,"column":134}},"type":"cond-expr","locations":[{"start":{"line":348,"column":41},"end":{"line":348,"column":59}},{"start":{"line":348,"column":63},"end":{"line":348,"column":133}}],"line":348},"39":{"loc":{"start":{"line":348,"column":63},"end":{"line":348,"column":133}},"type":"cond-expr","locations":[{"start":{"line":348,"column":96},"end":{"line":348,"column":112}},{"start":{"line":348,"column":115},"end":{"line":348,"column":133}}],"line":348},"40":{"loc":{"start":{"line":349,"column":6},"end":{"line":349,"column":134}},"type":"cond-expr","locations":[{"start":{"line":349,"column":41},"end":{"line":349,"column":59}},{"start":{"line":349,"column":63},"end":{"line":349,"column":133}}],"line":349},"41":{"loc":{"start":{"line":349,"column":63},"end":{"line":349,"column":133}},"type":"cond-expr","locations":[{"start":{"line":349,"column":96},"end":{"line":349,"column":112}},{"start":{"line":349,"column":115},"end":{"line":349,"column":133}}],"line":349},"42":{"loc":{"start":{"line":350,"column":6},"end":{"line":350,"column":70}},"type":"cond-expr","locations":[{"start":{"line":350,"column":23},"end":{"line":350,"column":53}},{"start":{"line":350,"column":56},"end":{"line":350,"column":70}}],"line":350},"43":{"loc":{"start":{"line":351,"column":6},"end":{"line":351,"column":42}},"type":"binary-expr","locations":[{"start":{"line":351,"column":6},"end":{"line":351,"column":22}},{"start":{"line":351,"column":26},"end":{"line":351,"column":42}}],"line":351},"44":{"loc":{"start":{"line":352,"column":6},"end":{"line":352,"column":64}},"type":"cond-expr","locations":[{"start":{"line":352,"column":21},"end":{"line":352,"column":49}},{"start":{"line":352,"column":52},"end":{"line":352,"column":64}}],"line":352},"45":{"loc":{"start":{"line":353,"column":6},"end":{"line":353,"column":76}},"type":"cond-expr","locations":[{"start":{"line":353,"column":25},"end":{"line":353,"column":57}},{"start":{"line":353,"column":60},"end":{"line":353,"column":76}}],"line":353},"46":{"loc":{"start":{"line":365,"column":15},"end":{"line":365,"column":37}},"type":"binary-expr","locations":[{"start":{"line":365,"column":15},"end":{"line":365,"column":21}},{"start":{"line":365,"column":25},"end":{"line":365,"column":37}}],"line":365},"47":{"loc":{"start":{"line":369,"column":10},"end":{"line":369,"column":26}},"type":"binary-expr","locations":[{"start":{"line":369,"column":10},"end":{"line":369,"column":20}},{"start":{"line":369,"column":24},"end":{"line":369,"column":26}}],"line":369},"48":{"loc":{"start":{"line":379,"column":6},"end":{"line":379,"column":27}},"type":"binary-expr","locations":[{"start":{"line":379,"column":6},"end":{"line":379,"column":21}},{"start":{"line":379,"column":25},"end":
[...]
{"line":127,"column":4},"end":{"line":127,"column":51}},"58":{"start":{"line":132,"column":25},"end":{"line":143,"column":1}},"59":{"start":{"line":133,"column":2},"end":{"line":142,"column":3}},"60":{"start":{"line":134,"column":16},"end":{"line":134,"column":59}},"61":{"start":{"line":135,"column":4},"end":{"line":137,"column":5}},"62":{"start":{"line":136,"column":6},"end":{"line":136,"column":62}},"63":{"start":{"line":138,"column":4},"end":{"line":138,"column":22}},"64":{"start":{"line":140,"column":4},"end":{"line":140,"column":46}},"65":{"start":{"line":141,"column":4},"end":{"line":141,"column":51}},"66":{"start":{"line":145,"column":0},"end":{"line":145,"column":85}},"67":{"start":{"line":146,"column":0},"end":{"line":146,"column":87}},"68":{"start":{"line":149,"column":0},"end":{"line":168,"column":3}},"69":{"start":{"line":150,"column":2},"end":{"line":167,"column":3}},"70":{"start":{"line":151,"column":16},"end":{"line":151,"column":50}},"71":{"start":{"line":152,"column":4},"end":{"line":154,"column":5}},"72":{"start":{"line":153,"column":6},"end":{"line":153,"column":62}},"73":{"start":{"line":157,"column":4},"end":{"line":159,"column":5}},"74":{"start":{"line":158,"column":6},"end":{"line":158,"column":68}},"75":{"start":{"line":161,"column":4},"end":{"line":161,"column":38}},"76":{"start":{"line":163,"column":4},"end":{"line":163,"column":27}},"77":{"start":{"line":165,"column":4},"end":{"line":165,"column":46}},"78":{"start":{"line":166,"column":4},"end":{"line":166,"column":51}},"79":{"start":{"line":171,"column":0},"end":{"line":209,"column":3}},"80":{"start":{"line":172,"column":2},"end":{"line":208,"column":3}},"81":{"start":{"line":173,"column":50},"end":{"line":173,"column":58}},"82":{"start":{"line":174,"column":16},"end":{"line":174,"column":50}},"83":{"start":{"line":176,"column":4},"end":{"line":178,"column":5}},"84":{"start":{"line":177,"column":6},"end":{"line":177,"column":62}},"85":{"start":{"line":181,"column":19},"end":{"line":181,"column":105}},"86":{"start":{"line":184,"column":20},"end":{"line":184,"column":62}},"87":{"start":{"line":185,"column":23},"end":{"line":185,"column":72}},"88":{"start":{"line":188,"column":23},"end":{"line":192,"column":6}},"89":{"start":{"line":195,"column":4},"end":{"line":198,"column":7}},"90":{"start":{"line":200,"column":4},"end":{"line":203,"column":7}},"91":{"start":{"line":206,"column":4},"end":{"line":206,"column":46}},"92":{"start":{"line":207,"column":4},"end":{"line":207,"column":51}},"93":{"start":{"line":212,"column":0},"end":{"line":251,"column":3}},"94":{"start":{"line":213,"column":2},"end":{"line":250,"column":3}},"95":{"start":{"line":214,"column":26},"end":{"line":214,"column":34}},"96":{"start":{"line":215,"column":16},"end":{"line":215,"column":50}},"97":{"start":{"line":217,"column":4},"end":{"line":219,"column":5}},"98":{"start":{"line":218,"column":6},"end":{"line":218,"column":62}},"99":{"start":{"line":222,"column":4},"end":{"line":224,"column":5}},"100":{"start":{"line":223,"column":6},"end":{"line":223,"column":69}},"101":{"start":{"line":227,"column":24},"end":{"line":227,"column":75}},"102":{"start":{"line":228,"column":4},"end":{"line":228,"column":70}},"103":{"start":{"line":231,"column":23},"end":{"line":239,"column":6}},"104":{"start":{"line":241,"column":4},"end":{"line":245,"column":7}},"105":{"start":{"line":248,"column":4},"end":{"line":248,"column":51}},"106":{"start":{"line":249,"column":4},"end":{"line":249,"column":51}},"107":{"start":{"line":254,"column":0},"end":{"line":263,"column":3}},"108":{"start":{"line":255,"column":2},"end":{"line":262,"column":3}},"109":{"start":{"line":256,"column":22},"end":{"line":256,"column":74}},"110":{"start":{"line":257,"column":17},"end":{"line":257,"column":65}},"111":{"start":{"line":258,"column":4},"end":{"line":258,"column":19}},"112":{"start":{"line":260,"column":4},"end":{"line":260,"column":57}},"113":{"start":{"line":261,"column":4},"end":{"line":261,"column":51}},"114":{"start":{"line":266,"column":0},"end":{"line":304,"column":3}},"115":{"start":{"line":267,"column":2},"end":{"line":303,"column":3}},"116":{"start":{"line":268,"column":22},"end":{"line":268,"column":74}},"117":{"start":{"line":269,"column":16},"end":{"line":269,"column":44}},"118":{"start":{"line":271,"column":4},"end":{"line":273,"column":5}},"119":{"start":{"line":272,"column":6},"end":{"line":272,"column":62}},"120":{"start":{"line":276,"column":19},"end":{"line":276,"column":52}},"121":{"start":{"line":277,"column":4},"end":{"line":279,"column":5}},"122":{"start":{"line":278,"column":6},"end":{"line":278,"column":48}},"123":{"start":{"line":281,"column":20},"end":{"line":281,"column":72}},"124":{"start":{"line":283,"column":4},"end":{"line":283,"column":63}},"125":{"start":{"line":286,"column":4},"end":{"line":298,"column":7}},"126":{"start":{"line":288,"column":6},"end":{"line":290,"column":7}},"127":{"start":{"line":289,"column":8},"end":{"line":289,"column":31}},"128":{"start":{"line":292,"column":6},"end":{"line":297,"column":7}},"129":{"start":{"line":293,"column":8},"end":{"line":293,"column":48}},"130":{"start":{"line":294,"column":8},"end":{"line":296,"column":9}},"131":{"start":{"line":295,"column":10},"end":{"line":295,"column":61}},"132":{"start":{"line":301,"column":4},"end":{"line":301,"column":55}},"133":{"start":{"line":302,"column":4},"end":{"line":302,"column":51}},"134":{"start":{"line":306,"column":0},"end":{"line":306,"column":24}}},"fnMap":{"0":{"name":"(anonymous_0)","decl":{"start":{"line":20,"column":25},"end":{"line":20,"column":26}},"loc":{"start":{"line":20,"column":37},"end":{"line":27,"column":1}},"line":20},"1":{"name":"(anonymous_1)","decl":{"start":{"line":30,"column":16},"end":{"line":30,"column":17}},"loc":{"start":{"line":30,"column":36},"end":{"line":57,"column":1}},"line":30},"2":{"name":"(anonymous_2)","decl":{"start":{"line":40,"column":35},"end":{"line":40,"column":36}},"loc":{"start":{"line":40,"column":42},"end":{"line":40,"column":71}},"line":40},"3":{"name":"(anonymous_3)","decl":{"start":{"line":43,"column":35},"end":{"line":43,"column":36}},"loc":{"start":{"line":43,"column":42},"end":{"line":43,"column":71}},"line":43},"4":{"name":"(anonymous_4)","decl":{"start":{"line":46,"column":35},"end":{"line":46,"column":36}},"loc":{"start":{"line":46,"column":42},"end":{"line":46,"column":63}},"line":46},"5":{"name":"(anonymous_5)","decl":{"start":{"line":49,"column":35},"end":{"line":49,"column":36}},"loc":{"start":{"line":49,"column":42},"end":{"line":49,"column":71}},"line":49},"6":{"name":"(anonymous_6)","decl":{"start":{"line":60,"column":37},"end":{"line":60,"column":38}},"loc":{"start":{"line":60,"column":57},"end":{"line":74,"column":1}},"line":60},"7":{"name":"(anonymous_7)","decl":{"start":{"line":77,"column":47},"end":{"line":77,"column":48}},"loc":{"start":{"line":77,"column":67},"end":{"line":129,"column":1}},"line":77},"8":{"name":"(anonymous_8)","decl":{"start":{"line":132,"column":25},"end":{"line":132,"column":26}},"loc":{"start":{"line":132,"column":45},"end":{"line":143,"column":1}},"line":132},"9":{"name":"(anonymous_9)","decl":{"start":{"line":149,"column":40},"end":{"line":149,"column":41}},"loc":{"start":{"line":149,"column":60},"end":{"line":168,"column":1}},"line":149},"10":{"name":"(anonymous_10)","decl":{"start":{"line":171,"column":79},"end":{"line":171,"column":80}},"loc":{"start":{"line":171,"column":99},"end":{"line":209,"column":1}},"line":171},"11":{"name":"(anonymous_11)","decl":{"start":{"line":212,"column":77},"end":{"line":212,"column":78}},"loc":{"start":{"line":212,"column":97},"end":{"line":251,"column":1}},"line":212},"12":{"name":"(anonymous_12)","decl":{"start":{"line":254,"column":43},"end":{"line":254,"column":44}},"loc":{"start":{"line":254,"column":63},"end":{"line":263,"column":1}},"line":254},"13":{"name":"(anonymous_13)","decl":{"start":{"line":266,"column":52},"end":{"line":266,"column":53}},"loc":{"start":{"line":266,"column":72},"end":{"line":304,"column":1}},"line":266},"14":{"name":"(anonymous_14)","decl":{"start":{"line":286,"column":77},"end":{"line":286,"column":78}},"loc":{"start":{"line":286,"column":86},"end":{"line":298,"column":5}},"line":286}},"branchMap":{"0":{"loc":{"start":{"line":34,"column":20},"end":{"line":34,"column":51}},"type":"cond-expr","locations":[{"start":{"line":34,"column":42},"end":{"line":34,"column":46}},{"start":{"line":34,"column":49},"end":{"line":34,"column":51}}],"line":34},"1":{"loc":{"start":{"line":39,"column":4},"end":{"line":41,"column":5}},"type":"if","locations":[{"start":{"line":39,"column":4},"end":{"line":41,"column":5}},{"start":{},"end":{}}],"line":39},"2":{"loc":{"start":{"line":42,"column":4},"end":{"line":44,"column":5}},"type":"if","locations":[{"start":{"line":42,"column":4},"end":{"line":44,"column":5}},{"start":{},"end":{}}],"line":42},"3":{"loc":{"start":{"line":45,"column":4},"end":{"line":47,"column":5}},"type":"if","locations":[{"start":{"line":45,"column":4},"end":{"line":47,"column":5}},{"start":{},"end":{}}],"line":45},"4":{"loc":{"start":{"line":48,"column":4},"end":{"line":50,"column":5}},"type":"if","locations":[{"start":{"line":48,"column":4},"end":{"line":50,"column":5}},{"start":{},"end":{}}],"line":48},"5":{"loc":{"start":{"line":63,"column":4},"end":{"line":65,"column":5}},"type":"if","locations":[{"start":{"line":63,"column":4},"end":{"line":65,"column":5}},{"start":{},"end":{}}],"line":63},"6":{"loc":{"start":{"line":85,"column":4},"end":{"line":90,"column":5}},"type":"if","locations":[{"start":{"line":85,"column":4},"end":{"line":90,"column":5}},{"start":{},"end":{}}],"line":85},"7":{"loc":{"start":{"line":87,"column":6},"end":{"line":89,"column":7}},"type":"if","locations":[{"start":{"line":87,"column":6},"end":{"line":89,"column":7}},{"start":{},"end":{}}],"line":87},"8":{"loc":{"start":{"line":100,"column":12},"end":{"line":100,"column":61}},"type":"binary-expr","locations":[{"start":{"line":100,"column":12},"end":{"line":100,"column":21}},{"start":{"line":100,"column":25},"end":{"line":100,"column":61}}],"line":100},"9":{"loc":{"start":{"line":101,"column":19},"end":{"line":101,"column":41}},"type":"binary-expr","locations":[{"start":{"line":101,"column":19},"end":{"line":101,"column":35}},{"start":{"line":101,"column":39},"end":{"line":101,"column":41}}],"line":101},"10":{"loc":{"start":{"line":102,"column":14},"end":{"line":102,"column":38}},"type":"binary-expr","locations":[{"start":{"line":102,"column":14},"end":{"line":102,"column":25}},{"start":{"line":102,"column":29},"end":{"line":102,"column":38}}],"line":102},"11":{"loc":{"start":{"line":103,"column":12},"end":{"line":103,"column":60}},"type":"binary-expr","locations":[{"start":{"line":103,"column":12},"end":{"line":103,"column":21}},{"start":{"line":103,"column":25},"end":{"line":103,"column":60}}],"line":103},"12":{"loc":{"start":{"line":105,"column":18},"end":{"line":105,"column":59}},"type":"binary-expr","locations":[{"start":{"line":105,"column":18},"end":{"line":105,"column":33}},{"start":{"line":105,"column":37},"end":{"line":105,"column":51}},{"start":{"line":105,"column":55},"end":{"line":105,"column":59}}],"line":105},"13":{"loc":{"start":{"line":106,"column":17},"end":{"line":106,"column":58}},"type":"binary-expr","locations":[{"start":{"line":106,"column":17},"end":{"line":106,"column":32}},{"start":{"line":106,"column":36},"end":{"line":106,"column":50}},{"start":{"line":106,"column":54},"end":{"line":106,"column":58}}],"line":106},"14":{"loc":{"start":{"line":107,"column":18},"end":{"line":107,"column":59}},"type":"binary-expr","locations":[{"start":{"line":107,"column":18},"end":{"line":107,"column":33}},{"start":{"line":107,"column":37},"end":{"line":107,"column":51}},{"start":{"line":107,"column":55},"end":{"line":107,"column":59}}],"line":107},"15":{"loc":{"start":{"line":108,"column":17},"end":{"line":108,"column":58}},"type":"binary-expr","locations":[{"start":{"line":108,"column":17},"end":{"line":108,"column":32}},{"start":{"line":108,"column":36},"end":{"line":108,"column":50}},{"start":{"line":108,"column":54},"end":{"line":108,"column":58}}],"line":108},"16":{"loc":{"start":{"line":109,"column":22},"end":{"line":109,"column":49}},"type":"binary-expr","locations":[{"start":{"line":109,"column":22},"end":{"line":109,"column":41}},{"start":{"line":109,"column":45},"end":{"line":109,"column":49}}],"line":109},"17":{"loc":{"start":{"line":110,"column":18},"end":{"line":110,"column":59}},"type":"binary-expr","locations":[{"start":{"line":110,"column":18},"end":{"line":110,"column":33}},{"start":{"line":110,"column":37},"end":{"line":110,"column":51}},{"start":{"line":110,"column":55},"end":{"line":110,"column":59}}],"line":110},"18":{"loc":{"start":{"line":111,"column":17},"end":{"line":111,"column":58}},"type":"binary-expr","locations":[{"start":{"line":111,"column":17},"end":{"line":111,"column":32}},{"start":{"line":111,"column":36},"end":{"line":111,"column":50}},{"start":{"line":111,"column":54},"end":{"line":111,"column":58}}],"line":111},"19":{"loc":{"start":{"line":112,"column":23},"end":{"line":112,"column":49}},"type":"binary-expr","locations":[{"start":{"line":112,"column":23},"end":{"line":112,"column":43}},{"start":{"line":112,"column":47},"end":{"line":112,"column":49}}],"line":112},"20":{"loc":{"start":{"line":113,"column":14},"end":{"line":113,"column":31}},"type":"binary-expr","locations":[{"start":{"line":113,"column":14},"end":{"line":113,"column":25}},{"start":{"line":113,"column":29},"end":{"line":113,"column":31}}],"line":113},"21":{"loc":{"start":{"line":114,"column":12},"end":{"line":114,"column":27}},"type":"binary-expr","locations":[{"start":{"line":114,"column":12},"end":{"line":114,"column":21}},{"start":{"line":114,"column":25},"end":{"line":114,"column":27}}],"line":114},"22":{"loc":{"start":{"line":116,"column":15},"end":{"line":116,"column":33}},"type":"binary-expr","locations":[{"start":{"line":116,"column":15},"end":{"line":116,"column":27}},{"start":{"line":116,"column":31},"end":{"line":116,"column":33}}],"line":116},"23":{"loc":{"start":{"line":117,"column":16},"end":{"line":117,"column":35}},"type":"binary-expr","locations":[{"start":{"line":117,"column":16},"end":{"line":117,"column":29}},{"start":{"line":117,"column":33},"end":{"line":117,"column":35}}],"line":117},"24":{"loc":{"start":{"line":135,"column":4},"end":{"line":137,"column":5}},"type":"if","locations":[{"start":{"line":135,"column":4},"end":{"line":137,"column":5}},{"start":{},"end":{}}],"line":135},"25":{"loc":{"start":{"line":152,"column":4},"end":{"line":154,"column":5}},"type":"if","locations":[{"start":{"line":152,"column":4},"end":{"line":154,"column":5}},{"start":{},"end":{}}],"line":152},"26":{"loc":{"start":{"line":157,"column":4},"end":{"line":159,"column":5}},"type":"if","locations":[{"start":{"line":157,"column":4},"end":{"line":159,"column":5}},{"start":{},"end":{}}],"line":157},"27":{"loc":{"start":{"line":157,"column":8},"end":{"line":157,"column":59}},"type":"binary-expr","locations":[{"start":{"line":157,"column":8},"end":{"line":157,"column":24}},{"start":{"line":157,"column":28},"end":{"line":157,"column":59}}],"line":157},"28":{"loc":{"start":{"line":176,"column":4},"end":{"line":178,"column":5}},"type":"if","locations":[{"start":{"line":176,"column":4},"end":{"line":178,"column":5}},{"start":{},"end":{}}],"line":176},"29":{"loc":{"start":{"line":217,"column":4},"end":{"line":219,"column":5}},"type":"if","locations":[{"start":{"line":217,"column":4},"end":{"line":219,"column":5}},{"start":{},"end":{}}],"line":217},"30":{"loc":{"start":{"line":222,"column":4},"end":{"line":224,"column":5}},"type":"if","locations":[{"start":{"line":222,"column":4},"end":{"line":224,"column":5}},{"start":{},"end":{}}],"line":222},"31":{"loc":{"start":{"line":222,"column":8},"end":{"line":222,"column":51}},"type":"binary-expr","locations":[{"start":{"line":222,"column":8},"end":{"line":222,"column":18}},{"start":{"line":222,"column":22},"end":{"line":222,"column":51}}],"line":222},"32":{"loc":{"start":{"line":233,"column":13},"end":{"line":233,"column":42}},"type":"binary-expr","locations":[{"start":{"line":233,"column":13},"end":{"line":233,"column":37}},{"start":{"line":233,"column":41},"end":{"line":233,"column":42}}],"line":233},"33":{"loc":{"start":{"line":234,"column":13},"end":{"line":234,"column":42}},"type":"binary-expr","locations":[{"start":{"line":234,"column":13},"end":{"line":234,"column":37}},{"start":{"line":234,"column":41},"end":{"line":234,"column":42}}],"line":234},"34":{"loc":{"start":{"line":235,"column":13},"end":{"line":235,"column":42}},"type":"binary-expr","locations":[{"start":{"line":235,"column":13},"end":{"line":235,"column":37}},{"start":{"line":235,"column":41},"end":{"line":235,"column":42}}],"line":235},"35":{"loc":{"start":{"line":236,"column":14},"end":{"line":236,"column":44}},"type":"binary-expr","locations":[{"start":{"line":236,"column":14},"end":{"line":236,"column":39}},{"start":{"line":236,"column":43},"end":{"line":236,"column":44}}],"line":236},"36":{"loc":{"start":{"line":237,"column":19},"end":{"line":237,"column":66}},"type":"binary-expr","locations":[{"start":{"line":237,"column":19},"end":{"line":237,"column":38}},{"start":{"line":237,"column":42},"end":{"line":237,"column":66}}],"line":237},"37":{"loc":{"start":{"line":271,"column":4},"end":{"line":273,"column":5}},"type":"if","locations":[{"start":{"line":271,"column":4},"end":{"line":273,"column":5}},{"start":{},"end":{}}],"line":271},"38":{"loc":{"start":{"line":277,"column":4},"end":{"line":279,"column":5}},"type":"if","locations":[{"start":{"line":277,"column":4},"end":{"line":279,"column":5}},{"start":{},"end":{}}],"line":277},"39":{"loc":{"start":{"line":288,"column":6},"end":{"line":290,"column":7}},"type":"if","locations":[{"start":{"line":288,"column":6},"end":{"line":290,"column":7}},{"start":{},"end":{}}],"line":288},"40":{"loc":{"start":{"line":292,"column":6},"end":{"line":297,"column":7}},"type":"if","locations":[{"start":{"line":292,"column":6},"end":{"line":297,"column":7}},{"start":{},"end":{}}],"line":292},"41":{"loc":{"start":{"line":294,"column":8},"end":{"line":296,"column":9}},"type":"if","locations":[{"start":{"line":294,"column":8},"end":{"line":296,"column":9}},{"start":{},"end":{}}],"line":294}},"s":{"0":1,"1":1,"2":1,"3":1,"4":1,"5":1,"6":1,"7":1,"8":1,"9":1,"10":1,"11":0,"12":0,"13":0,"14":0,"15":1,"16":0,"17":0,"18":0,"19":0,"20":0,"21":0,"22":0,"23":0,"24":0,"25":0,"26":0,"27":0,"28":0,"29":0,"30":0,"31":0,"32":0,"33":0,"34":0,"35":1,"36":0,"37":0,"38":0,"39":0,"40":0,"41":0,"42":0,"43":1,"44":0,"45":0,"46":0,"47":0,"48":0,"49":0,"50":0,"51":0,"52":0,"53":0,"54":0,"55":0,"56":0,"57":0,"58":1,"59":0,"60":0,"61":0,"62":0,"63":0,"64":0,"65":0,"66":1,"67":1,"68":1,"69":0,"70":0,"71":0,"72":0,"73":0,"74":0,"75":0,"76":0,"77":0,"78":0,"79":1,"80":0,"81":0,"82":0,"83":0,"84":0,"85":0,"86":0,"87":0,"88":0,"89":0,"90":0,"91":0,"92":0,"93":1,"94":0,"95":0,"96":0,"97":0,"98":0,"99":0,"100":0,"101":0,"102":0,"103":0,"104":0,"105":0,"106":0,"107":1,"108":0,"109":0,"110":0,"111":0,"112":0,"113":0,"114":1,"115":0,"116":0,"117":0,"118":0,"119":0,"120":0,"121":0,"122":0,"123":0,"124":0,"125":0,"126":0,"127":0,"128":0,"129":0,"130":0,"131":0,"132":0,"133":0,"134":1},"f":{"0":0,"1":0,"2":0,"3":0,"4":0,"5":0,"6":0,"7":0,"8":0,"9":0,"10":0,"11":0,"12":0,"13":0,"14":0},"b":{"0":[0,0],"1":[0,0],"2":[0,0],"3":[0,0],"4":[0,0],"5":[0,0],"6":[0,0],"7":[0,0],"8":[0,0],"9":[0,0],"10":[0,0],"11":[0,0],"12":[0,0,0],"13":[0,0,0],"14":[0,0,0],"15":[0,0,0],"16":[0,0],"17":[0,0,0],"18":[0,0,0],"19":[0,0],"20":[0,0],"21":[0,0],"22":[0,0],"23":[0,0],"24":[0,0],"25":[0,0],"26":[0,0],"27":[0,0],"28":[0,0],"29":[0,0],"30":[0,0],"31":[0,0],"32":[0,0],"33":[0,0],"34":[0,0],"35":[0,0],"36":[0,0],"37":[0,0],"38":[0,0],"39":[0,0],"40":[0,0],"41":[0,0]},"_coverageSchema":"1a1c01bbd47fc00a2c39e90264f33305004495a9","hash":"501b6d9318f1088fb46bf85b84ec5b45b19b4a96"}
}
