TN:
SF:server.js
FN:38,(anonymous_0)
FN:106,(anonymous_1)
FN:141,(anonymous_2)
FN:204,(anonymous_3)
FN:213,(anonymous_4)
FN:271,(anonymous_5)
FN:301,(anonymous_6)
FN:304,(anonymous_7)
FN:321,(anonymous_8)
FN:328,(anonymous_9)
FN:329,(anonymous_10)
FN:332,(anonymous_11)
FN:338,(anonymous_12)
FNF:13
FNH:2
FNDA:4,(anonymous_0)
FNDA:4,(anonymous_1)
FNDA:0,(anonymous_2)
FNDA:0,(anonymous_3)
FNDA:0,(anonymous_4)
FNDA:0,(anonymous_5)
FNDA:0,(anonymous_6)
FNDA:0,(anonymous_7)
FNDA:0,(anonymous_8)
FNDA:0,(anonymous_9)
FNDA:0,(anonymous_10)
FNDA:0,(anonymous_11)
FNDA:0,(anonymous_12)
DA:6,1
DA:7,1
DA:8,1
DA:9,1
DA:10,1
DA:11,1
DA:12,1
DA:14,1
DA:17,1
DA:18,1
DA:19,1
DA:24,1
DA:37,1
DA:40,4
DA:42,0
DA:43,0
DA:45,0
DA:52,1
DA:55,1
DA:57,0
DA:60,1
DA:64,1
DA:65,1
DA:68,1
DA:80,1
DA:90,1
DA:93,1
DA:94,1
DA:95,1
DA:96,1
DA:99,1
DA:100,1
DA:101,1
DA:102,1
DA:103,1
DA:106,1
DA:107,4
DA:109,4
DA:111,4
DA:112,4
DA:114,4
DA:126,0
DA:136,1
DA:137,1
DA:138,1
DA:141,1
DA:142,0
DA:204,1
DA:205,0
DA:213,1
DA:215,0
DA:224,0
DA:225,0
DA:232,0
DA:233,0
DA:241,0
DA:246,0
DA:253,0
DA:254,0
DA:261,0
DA:271,1
DA:272,0
DA:301,1
DA:302,0
DA:304,0
DA:305,0
DA:308,0
DA:309,0
DA:310,0
DA:311,0
DA:313,0
DA:316,0
DA:317,0
DA:321,0
DA:322,0
DA:323,0
DA:328,1
DA:329,1
DA:332,1
DA:333,0
DA:334,0
DA:338,1
DA:339,0
DA:342,1
LF:84
LH:50
BRDA:17,0,0,1
BRDA:17,0,1,0
BRDA:18,1,0,1
BRDA:18,1,1,0
BRDA:19,2,0,0
BRDA:19,2,1,1
BRDA:40,3,0,4
BRDA:40,3,1,0
BRDA:42,4,0,0
BRDA:42,4,1,0
BRDA:42,5,0,0
BRDA:42,5,1,0
BRDA:55,6,0,0
BRDA:55,6,1,1
BRDA:70,7,0,0
BRDA:70,7,1,1
BRDA:82,8,0,0
BRDA:82,8,1,1
BRDA:112,9,0,4
BRDA:112,9,1,0
BRDA:220,10,0,0
BRDA:220,10,1,0
BRDA:224,11,0,0
BRDA:224,11,1,0
BRDA:232,12,0,0
BRDA:232,12,1,0
BRDA:241,13,0,0
BRDA:241,13,1,0
BRDA:241,14,0,0
BRDA:241,14,1,0
BRDA:241,14,2,0
BRDA:241,14,3,0
BRDA:241,14,4,0
BRDA:241,14,5,0
BRDA:253,15,0,0
BRDA:253,15,1,0
BRDA:253,16,0,0
BRDA:253,16,1,0
BRDA:261,17,0,0
BRDA:261,17,1,0
BRDA:262,18,0,0
BRDA:262,18,1,0
BRDA:263,19,0,0
BRDA:263,19,1,0
BRDA:266,20,0,0
BRDA:266,20,1,0
BRF:46
BRH:8
end_of_record
TN:
SF:lib/database-factory.js
FN:14,(anonymous_0)
FNF:1
FNH:0
FNDA:0,(anonymous_0)
DA:9,0
DA:10,0
DA:11,0
DA:14,0
DA:15,0
DA:16,0
DA:19,0
DA:20,0
DA:24,0
LF:9
LH:0
BRDA:9,0,0,0
BRDA:9,0,1,0
BRF:2
BRH:0
end_of_record
TN:
SF:lib/database-pg.js
FN:19,(anonymous_0)
FN:27,(anonymous_1)
FN:119,(anonymous_2)
FN:129,(anonymous_3)
FN:136,(anonymous_4)
FN:151,(anonymous_5)
FN:164,(anonymous_6)
FN:176,(anonymous_7)
FN:205,(anonymous_8)
FN:216,(anonymous_9)
FN:242,(anonymous_10)
FN:258,(anonymous_11)
FN:264,(anonymous_12)
FN:273,(anonymous_13)
FN:280,(anonymous_14)
FN:289,(anonymous_15)
FN:321,(anonymous_16)
FN:332,(anonymous_17)
FN:363,(anonymous_18)
FN:381,(anonymous_19)
FN:387,(anonymous_20)
FN:398,(anonymous_21)
FN:405,(anonymous_22)
FN:416,(anonymous_23)
FN:461,(anonymous_24)
FN:472,(anonymous_25)
FN:493,(anonymous_26)
FN:506,(anonymous_27)
FN:516,(anonymous_28)
FNF:29
FNH:0
FNDA:0,(anonymous_0)
FNDA:0,(anonymous_1)
FNDA:0,(anonymous_2)
FNDA:0,(anonymous_3)
FNDA:0,(anonymous_4)
FNDA:0,(anonymous_5)
FNDA:0,(anonymous_6)
FNDA:0,(anonymous_7)
FNDA:0,(anonymous_8)
FNDA:0,(anonymous_9)
FNDA:0,(anonymous_10)
FNDA:0,(anonymous_11)
FNDA:0,(anonymous_12)
FNDA:0,(anonymous_13)
FNDA:0,(anonymous_14)
FNDA:0,(anonymous_15)
FNDA:0,(anonymous_16)
FNDA:0,(anonymous_17)
FNDA:0,(anonymous_18)
FNDA:0,(anonymous_19)
FNDA:0,(anonymous_20)
FNDA:0,(anonymous_21)
FNDA:0,(anonymous_22)
FNDA:0,(anonymous_23)
FNDA:0,(anonymous_24)
FNDA:0,(anonymous_25)
FNDA:0,(anonymous_26)
FNDA:0,(anonymous_27)
FNDA:0,(anonymous_28)
DA:7,0
DA:10,0
DA:19,0
DA:20,0
DA:21,0
DA:27,0
DA:28,0
DA:30,0
DA:31,0
DA:34,0
DA:37,0
DA:49,0
DA:66,0
DA:87,0
DA:100,0
DA:101,0
DA:102,0
DA:103,0
DA:104,0
DA:106,0
DA:108,0
DA:110,0
DA:111,0
DA:112,0
DA:114,0
DA:119,0
DA:120,0
DA:121,0
DA:122,0
DA:124,0
DA:129,0
DA:130,0
DA:131,0
DA:136,0
DA:137,0
DA:138,0
DA:139,0
DA:145,0
DA:147,0
DA:151,0
DA:152,0
DA:153,0
DA:154,0
DA:158,0
DA:160,0
DA:164,0
DA:165,0
DA:166,0
DA:167,0
DA:170,0
DA:172,0
DA:176,0
DA:177,0
DA:178,0
DA:179,0
DA:180,0
DA:181,0
DA:183,0
DA:184,0
DA:185,0
DA:187,0
DA:188,0
DA:189,0
DA:191,0
DA:193,0
DA:195,0
DA:199,0
DA:201,0
DA:205,0
DA:206,0
DA:207,0
DA:208,0
DA:210,0
DA:216,0
DA:217,0
DA:218,0
DA:219,0
DA:234,0
DA:235,0
DA:236,0
DA:238,0
DA:242,0
DA:243,0
DA:244,0
DA:245,0
DA:249,0
DA:250,0
DA:251,0
DA:252,0
DA:254,0
DA:258,0
DA:259,0
DA:260,0
DA:261,0
DA:264,0
DA:269,0
DA:273,0
DA:274,0
DA:275,0
DA:276,0
DA:280,0
DA:285,0
DA:289,0
DA:290,0
DA:291,0
DA:292,0
DA:293,0
DA:294,0
DA:296,0
DA:297,0
DA:298,0
DA:300,0
DA:301,0
DA:302,0
DA:304,0
DA:306,0
DA:308,0
DA:312,0
DA:313,0
DA:314,0
DA:315,0
DA:317,0
DA:321,0
DA:322,0
DA:323,0
DA:324,0
DA:326,0
DA:332,0
DA:333,0
DA:334,0
DA:335,0
DA:353,0
DA:354,0
DA:355,0
DA:356,0
DA:357,0
DA:359,0
DA:363,0
DA:364,0
DA:365,0
DA:366,0
DA:370,0
DA:371,0
DA:372,0
DA:373,0
DA:374,0
DA:375,0
DA:377,0
DA:381,0
DA:382,0
DA:383,0
DA:384,0
DA:387,0
DA:394,0
DA:398,0
DA:399,0
DA:400,0
DA:401,0
DA:405,0
DA:412,0
DA:416,0
DA:417,0
DA:418,0
DA:419,0
DA:420,0
DA:421,0
DA:423,0
DA:424,0
DA:425,0
DA:427,0
DA:428,0
DA:429,0
DA:431,0
DA:432,0
DA:433,0
DA:435,0
DA:436,0
DA:437,0
DA:439,0
DA:440,0
DA:442,0
DA:444,0
DA:446,0
DA:450,0
DA:451,0
DA:452,0
DA:453,0
DA:454,0
DA:455,0
DA:457,0
DA:461,0
DA:462,0
DA:463,0
DA:464,0
DA:466,0
DA:472,0
DA:473,0
DA:474,0
DA:475,0
DA:487,0
DA:489,0
DA:493,0
DA:494,0
DA:495,0
DA:496,0
DA:500,0
DA:502,0
DA:506,0
DA:507,0
DA:508,0
DA:509,0
DA:511,0
DA:516,0
DA:517,0
DA:520,0
LF:215
LH:0
BRDA:12,0,0,0
BRDA:12,0,1,0
BRDA:120,1,0,0
BRDA:120,1,1,0
BRDA:130,2,0,0
BRDA:130,2,1,0
BRDA:143,3,0,0
BRDA:143,3,1,0
BRDA:143,4,0,0
BRDA:143,4,1,0
BRDA:158,5,0,0
BRDA:158,5,1,0
BRDA:183,6,0,0
BRDA:183,6,1,0
BRDA:187,7,0,0
BRDA:187,7,1,0
BRDA:199,8,0,0
BRDA:199,8,1,0
BRDA:225,9,0,0
BRDA:225,9,1,0
BRDA:226,10,0,0
BRDA:226,10,1,0
BRDA:228,11,0,0
BRDA:228,11,1,0
BRDA:229,12,0,0
BRDA:229,12,1,0
BRDA:231,13,0,0
BRDA:231,13,1,0
BRDA:249,14,0,0
BRDA:249,14,1,0
BRDA:296,15,0,0
BRDA:296,15,1,0
BRDA:300,16,0,0
BRDA:300,16,1,0
BRDA:312,17,0,0
BRDA:312,17,1,0
BRDA:341,18,0,0
BRDA:341,18,1,0
BRDA:342,19,0,0
BRDA:342,19,1,0
BRDA:343,20,0,0
BRDA:343,20,1,0
BRDA:346,21,0,0
BRDA:346,21,1,0
BRDA:347,22,0,0
BRDA:347,22,1,0
BRDA:349,23,0,0
BRDA:349,23,1,0
BRDA:350,24,0,0
BRDA:350,24,1,0
BRDA:370,25,0,0
BRDA:370,25,1,0
BRDA:423,26,0,0
BRDA:423,26,1,0
BRDA:427,27,0,0
BRDA:427,27,1,0
BRDA:431,28,0,0
BRDA:431,28,1,0
BRDA:435,29,0,0
BRDA:435,29,1,0
BRDA:439,30,0,0
BRDA:439,30,1,0
BRDA:450,31,0,0
BRDA:450,31,1,0
BRDA:483,32,0,0
BRDA:483,32,1,0
BRDA:484,33,0,0
BRDA:484,33,1,0
BRF:68
BRH:0
end_of_record
TN:
SF:lib/database.js
FN:124,(anonymous_0)
FN:133,(anonymous_1)
FN:146,(anonymous_2)
FN:232,parseJSON
FN:240,serializeRow
FN:277,serializeEvaluation
FN:289,generateChecksum
FN:297,generateId
FN:309,(anonymous_8)
FN:332,(anonymous_9)
FN:333,(anonymous_10)
FN:335,(anonymous_11)
FN:336,(anonymous_12)
FN:338,(anonymous_13)
FN:360,(anonymous_14)
FN:363,(anonymous_15)
FN:394,(anonymous_16)
FN:395,(anonymous_17)
FN:397,(anonymous_18)
FN:398,(anonymous_19)
FN:400,(anonymous_20)
FN:418,(anonymous_21)
FN:421,(anonymous_22)
FN:437,(anonymous_23)
FN:439,(anonymous_24)
FN:441,(anonymous_25)
FN:443,(anonymous_26)
FN:446,(anonymous_27)
FN:461,(anonymous_28)
FN:463,(anonymous_29)
FN:464,(anonymous_30)
FN:466,(anonymous_31)
FN:469,(anonymous_32)
FN:482,(anonymous_33)
FN:483,(anonymous_34)
FN:485,(anonymous_35)
FN:486,(anonymous_36)
FN:488,(anonymous_37)
FN:502,(anonymous_38)
FN:504,(anonymous_39)
FN:505,(anonymous_40)
FN:508,(anonymous_41)
FNF:42
FNH:6
FNDA:15,(anonymous_0)
FNDA:13,(anonymous_1)
FNDA:14,(anonymous_2)
FNDA:300,parseJSON
FNDA:100,serializeRow
FNDA:0,serializeEvaluation
FNDA:0,generateChecksum
FNDA:0,generateId
FNDA:0,(anonymous_8)
FNDA:0,(anonymous_9)
FNDA:0,(anonymous_10)
FNDA:0,(anonymous_11)
FNDA:0,(anonymous_12)
FNDA:0,(anonymous_13)
FNDA:0,(anonymous_14)
FNDA:0,(anonymous_15)
FNDA:0,(anonymous_16)
FNDA:0,(anonymous_17)
FNDA:0,(anonymous_18)
FNDA:4,(anonymous_19)
FNDA:0,(anonymous_20)
FNDA:0,(anonymous_21)
FNDA:0,(anonymous_22)
FNDA:0,(anonymous_23)
FNDA:0,(anonymous_24)
FNDA:0,(anonymous_25)
FNDA:0,(anonymous_26)
FNDA:0,(anonymous_27)
FNDA:0,(anonymous_28)
FNDA:0,(anonymous_29)
FNDA:0,(anonymous_30)
FNDA:0,(anonymous_31)
FNDA:0,(anonymous_32)
FNDA:0,(anonymous_33)
FNDA:0,(anonymous_34)
FNDA:0,(anonymous_35)
FNDA:0,(anonymous_36)
FNDA:0,(anonymous_37)
FNDA:0,(anonymous_38)
FNDA:0,(anonymous_39)
FNDA:0,(anonymous_40)
FNDA:0,(anonymous_41)
DA:7,1
DA:8,0
DA:9,0
DA:12,1
DA:14,1
DA:15,1
DA:16,1
DA:17,1
DA:20,1
DA:21,1
DA:22,1
DA:25,1
DA:26,0
DA:30,1
DA:31,0
DA:32,0
DA:33,0
DA:34,0
DA:38,1
DA:39,1
DA:40,1
DA:43,1
DA:121,1
DA:123,1
DA:124,15
DA:126,1
DA:127,0
DA:128,0
DA:132,1
DA:133,13
DA:135,1
DA:136,0
DA:137,0
DA:141,1
DA:142,1
DA:145,1
DA:146,14
DA:148,1
DA:149,0
DA:150,0
DA:153,0
DA:157,1
DA:162,1
DA:163,1
DA:164,1
DA:169,1
DA:172,1
DA:177,1
DA:178,1
DA:179,1
DA:190,1
DA:193,1
DA:198,1
DA:199,1
DA:200,1
DA:201,1
DA:204,1
DA:209,1
DA:210,1
DA:211,1
DA:212,1
DA:215,1
DA:220,1
DA:221,1
DA:222,1
DA:227,1
DA:228,1
DA:229,1
DA:233,300
DA:234,300
DA:236,0
DA:241,100
DA:242,100
DA:243,100
DA:251,100
DA:252,100
DA:255,100
DA:256,100
DA:257,100
DA:258,100
DA:259,100
DA:264,100
DA:265,0
DA:266,0
DA:267,0
DA:268,0
DA:269,0
DA:270,0
DA:271,0
DA:274,100
DA:278,0
DA:279,0
DA:290,0
DA:291,0
DA:292,0
DA:293,0
DA:298,0
DA:302,1
DA:310,0
DA:311,0
DA:312,0
DA:329,0
DA:332,0
DA:333,0
DA:335,0
DA:336,0
DA:339,0
DA:340,0
DA:341,0
DA:343,0
DA:357,0
DA:360,0
DA:364,0
DA:365,0
DA:368,0
DA:376,0
DA:391,0
DA:394,0
DA:395,0
DA:397,0
DA:398,4
DA:401,0
DA:402,0
DA:403,0
DA:405,0
DA:415,0
DA:418,0
DA:422,0
DA:423,0
DA:424,0
DA:434,0
DA:437,0
DA:439,0
DA:441,0
DA:443,0
DA:447,0
DA:448,0
DA:449,0
DA:458,0
DA:461,0
DA:463,0
DA:464,0
DA:466,0
DA:470,0
DA:471,0
DA:472,0
DA:479,0
DA:482,0
DA:483,0
DA:485,0
DA:486,0
DA:489,0
DA:490,0
DA:491,0
DA:493,0
DA:499,0
DA:502,0
DA:504,0
DA:505,0
DA:508,0
LF:160
LH:70
BRDA:7,0,0,0
BRDA:7,0,1,1
BRDA:25,1,0,0
BRDA:25,1,1,1
BRDA:30,2,0,0
BRDA:30,2,1,1
BRDA:126,3,0,0
BRDA:126,3,1,1
BRDA:135,4,0,0
BRDA:135,4,1,1
BRDA:148,5,0,0
BRDA:148,5,1,1
BRDA:234,6,0,200
BRDA:234,6,1,100
BRDA:241,7,0,0
BRDA:241,7,1,100
BRDA:251,8,0,100
BRDA:251,8,1,0
BRDA:255,9,0,100
BRDA:255,9,1,0
BRDA:256,10,0,100
BRDA:256,10,1,8
BRDA:257,11,0,100
BRDA:257,11,1,8
BRDA:258,12,0,100
BRDA:258,12,1,8
BRDA:259,13,0,100
BRDA:259,13,1,100
BRDA:264,14,0,0
BRDA:264,14,1,100
BRDA:264,15,0,100
BRDA:264,15,1,0
BRDA:267,16,0,0
BRDA:267,16,1,0
BRDA:270,17,0,0
BRDA:270,17,1,0
BRDA:271,18,0,0
BRDA:271,18,1,0
BRDA:278,19,0,0
BRDA:278,19,1,0
BRDA:311,20,0,0
BRDA:311,20,1,0
BRDA:315,21,0,0
BRDA:315,21,1,0
BRDA:316,22,0,0
BRDA:316,22,1,0
BRDA:316,22,2,0
BRDA:317,23,0,0
BRDA:317,23,1,0
BRDA:317,23,2,0
BRDA:318,24,0,0
BRDA:318,24,1,0
BRDA:318,24,2,0
BRDA:319,25,0,0
BRDA:319,25,1,0
BRDA:319,25,2,0
BRDA:320,26,0,0
BRDA:320,26,1,0
BRDA:321,27,0,0
BRDA:321,27,1,0
BRDA:322,28,0,0
BRDA:322,28,1,0
BRDA:323,29,0,0
BRDA:323,29,1,0
BRDA:324,30,0,0
BRDA:324,30,1,0
BRDA:325,31,0,0
BRDA:325,31,1,0
BRDA:325,31,2,0
BRDA:326,32,0,0
BRDA:326,32,1,0
BRDA:326,32,2,0
BRDA:341,33,0,0
BRDA:341,33,1,0
BRDA:344,34,0,0
BRDA:344,34,1,0
BRDA:345,35,0,0
BRDA:345,35,1,0
BRDA:346,36,0,0
BRDA:346,36,1,0
BRDA:346,36,2,0
BRDA:347,37,0,0
BRDA:347,37,1,0
BRDA:347,37,2,0
BRDA:348,38,0,0
BRDA:348,38,1,0
BRDA:348,39,0,0
BRDA:348,39,1,0
BRDA:349,40,0,0
BRDA:349,40,1,0
BRDA:349,41,0,0
BRDA:349,41,1,0
BRDA:350,42,0,0
BRDA:350,42,1,0
BRDA:351,43,0,0
BRDA:351,43,1,0
BRDA:352,44,0,0
BRDA:352,44,1,0
BRDA:353,45,0,0
BRDA:353,45,1,0
BRDA:365,46,0,0
BRDA:365,46,1,0
BRDA:369,47,0,0
BRDA:369,47,1,0
BRDA:379,48,0,0
BRDA:379,48,1,0
BRDA:380,49,0,0
BRDA:380,49,1,0
BRDA:380,49,2,0
BRDA:381,50,0,0
BRDA:381,50,1,0
BRDA:381,50,2,0
BRDA:382,51,0,0
BRDA:382,51,1,0
BRDA:384,52,0,0
BRDA:384,52,1,0
BRDA:385,53,0,0
BRDA:385,53,1,0
BRDA:386,54,0,0
BRDA:386,54,1,0
BRDA:386,54,2,0
BRDA:387,55,0,0
BRDA:387,55,1,0
BRDA:387,55,2,0
BRDA:388,56,0,0
BRDA:388,56,1,0
BRDA:388,56,2,0
BRDA:403,57,0,0
BRDA:403,57,1,0
BRDA:406,58,0,0
BRDA:406,58,1,0
BRDA:407,59,0,0
BRDA:407,59,1,0
BRDA:408,60,0,0
BRDA:408,60,1,0
BRDA:409,61,0,0
BRDA:409,61,1,0
BRDA:410,62,0,0
BRDA:410,62,1,0
BRDA:411,63,0,0
BRDA:411,63,1,0
BRDA:411,63,2,0
BRDA:423,64,0,0
BRDA:423,64,1,0
BRDA:426,65,0,0
BRDA:426,65,1,0
BRDA:428,66,0,0
BRDA:428,66,1,0
BRDA:429,67,0,0
BRDA:429,67,1,0
BRDA:430,68,0,0
BRDA:430,68,1,0
BRDA:431,69,0,0
BRDA:431,69,1,0
BRDA:432,70,0,0
BRDA:432,70,1,0
BRDA:432,70,2,0
BRDA:448,71,0,0
BRDA:448,71,1,0
BRDA:451,72,0,0
BRDA:451,72,1,0
BRDA:452,73,0,0
BRDA:452,73,1,0
BRDA:453,74,0,0
BRDA:453,74,1,0
BRDA:454,75,0,0
BRDA:454,75,1,0
BRDA:454,76,0,0
BRDA:454,76,1,0
BRDA:454,77,0,0
BRDA:454,77,1,0
BRDA:455,78,0,0
BRDA:455,78,1,0
BRDA:456,79,0,0
BRDA:456,79,1,0
BRDA:456,79,2,0
BRDA:471,80,0,0
BRDA:471,80,1,0
BRDA:475,81,0,0
BRDA:475,81,1,0
BRDA:476,82,0,0
BRDA:476,82,1,0
BRDA:476,82,2,0
BRDA:491,83,0,0
BRDA:491,83,1,0
BRDA:494,84,0,0
BRDA:494,84,1,0
BRDA:495,85,0,0
BRDA:495,85,1,0
BRF:189
BRH:21
end_of_record
TN:
SF:lib/evalHarness.js
FN:10,(anonymous_0)
FN:16,(anonymous_1)
FN:24,(anonymous_2)
FN:27,(anonymous_3)
FN:28,(anonymous_4)
FN:29,(anonymous_5)
FN:30,(anonymous_6)
FN:43,(anonymous_7)
FN:46,(anonymous_8)
FN:48,(anonymous_9)
FN:53,(anonymous_10)
FN:64,(anonymous_11)
FN:80,(anonymous_12)
FN:84,(anonymous_13)
FN:90,(anonymous_14)
FN:93,(anonymous_15)
FN:94,(anonymous_16)
FN:96,(anonymous_17)
FN:98,(anonymous_18)
FN:99,(anonymous_19)
FN:103,(anonymous_20)
FN:104,(anonymous_21)
FN:123,(anonymous_22)
FN:126,(anonymous_23)
FN:139,(anonymous_24)
FN:148,(anonymous_25)
FN:154,(anonymous_26)
FN:157,(anonymous_27)
FN:162,(anonymous_28)
FN:173,(anonymous_29)
FN:194,(anonymous_30)
FN:200,(anonymous_31)
FN:203,(anonymous_32)
FN:205,(anonymous_33)
FN:216,(anonymous_34)
FN:235,(anonymous_35)
FN:240,(anonymous_36)
FN:242,(anonymous_37)
FN:254,(anonymous_38)
FN:266,(anonymous_39)
FN:274,(anonymous_40)
FN:278,(anonymous_41)
FN:285,(anonymous_42)
FN:286,(anonymous_43)
FN:288,(anonymous_44)
FN:296,(anonymous_45)
FN:323,(anonymous_46)
FN:324,(anonymous_47)
FN:325,(anonymous_48)
FN:349,(anonymous_49)
FN:350,(anonymous_50)
FN:350,(anonymous_51)
FN:362,(anonymous_52)
FN:363,(anonymous_53)
FN:363,(anonymous_54)
FN:383,(anonymous_55)
FNF:56
FNH:0
FNDA:0,(anonymous_0)
FNDA:0,(anonymous_1)
FNDA:0,(anonymous_2)
FNDA:0,(anonymous_3)
FNDA:0,(anonymous_4)
FNDA:0,(anonymous_5)
FNDA:0,(anonymous_6)
FNDA:0,(anonymous_7)
FNDA:0,(anonymous_8)
FNDA:0,(anonymous_9)
FNDA:0,(anonymous_10)
FNDA:0,(anonymous_11)
FNDA:0,(anonymous_12)
FNDA:0,(anonymous_13)
FNDA:0,(anonymous_14)
FNDA:0,(anonymous_15)
FNDA:0,(anonymous_16)
FNDA:0,(anonymous_17)
FNDA:0,(anonymous_18)
FNDA:0,(anonymous_19)
FNDA:0,(anonymous_20)
FNDA:0,(anonymous_21)
FNDA:0,(anonymous_22)
FNDA:0,(anonymous_23)
FNDA:0,(anonymous_24)
FNDA:0,(anonymous_25)
FNDA:0,(anonymous_26)
FNDA:0,(anonymous_27)
FNDA:0,(anonymous_28)
FNDA:0,(anonymous_29)
FNDA:0,(anonymous_30)
FNDA:0,(anonymous_31)
FNDA:0,(anonymous_32)
FNDA:0,(anonymous_33)
FNDA:0,(anonymous_34)
FNDA:0,(anonymous_35)
FNDA:0,(anonymous_36)
FNDA:0,(anonymous_37)
FNDA:0,(anonymous_38)
FNDA:0,(anonymous_39)
FNDA:0,(anonymous_40)
FNDA:0,(anonymous_41)
FNDA:0,(anonymous_42)
FNDA:0,(anonymous_43)
FNDA:0,(anonymous_44)
FNDA:0,(anonymous_45)
FNDA:0,(anonymous_46)
FNDA:0,(anonymous_47)
FNDA:0,(anonymous_48)
FNDA:0,(anonymous_49)
FNDA:0,(anonymous_50)
FNDA:0,(anonymous_51)
FNDA:0,(anonymous_52)
FNDA:0,(anonymous_53)
FNDA:0,(anonymous_54)
FNDA:0,(anonymous_55)
DA:6,1
DA:7,1
DA:10,1
DA:11,0
DA:12,0
DA:15,0
DA:16,0
DA:17,0
DA:20,0
DA:24,1
DA:25,0
DA:27,0
DA:28,0
DA:29,0
DA:30,0
DA:32,0
DA:33,0
DA:34,0
DA:36,0
DA:39,0
DA:43,1
DA:44,0
DA:46,0
DA:47,0
DA:48,0
DA:49,0
DA:53,0
DA:54,0
DA:55,0
DA:56,0
DA:60,0
DA:64,1
DA:65,0
DA:66,0
DA:68,0
DA:70,0
DA:71,0
DA:72,0
DA:73,0
DA:77,0
DA:80,0
DA:82,0
DA:83,0
DA:84,0
DA:86,0
DA:90,1
DA:91,0
DA:93,0
DA:94,0
DA:96,0
DA:97,0
DA:98,0
DA:99,0
DA:101,0
DA:103,0
DA:104,0
DA:106,0
DA:108,0
DA:109,0
DA:119,0
DA:123,1
DA:124,0
DA:126,0
DA:127,0
DA:128,0
DA:139,0
DA:140,0
DA:141,0
DA:144,0
DA:148,1
DA:149,0
DA:150,0
DA:154,0
DA:157,0
DA:159,0
DA:160,0
DA:161,0
DA:162,0
DA:163,0
DA:165,0
DA:166,0
DA:169,0
DA:170,0
DA:171,0
DA:173,0
DA:174,0
DA:175,0
DA:177,0
DA:180,0
DA:181,0
DA:184,0
DA:186,0
DA:187,0
DA:190,0
DA:194,1
DA:195,0
DA:196,0
DA:200,0
DA:203,0
DA:205,0
DA:207,0
DA:208,0
DA:211,0
DA:212,0
DA:213,0
DA:214,0
DA:216,0
DA:217,0
DA:218,0
DA:220,0
DA:223,0
DA:224,0
DA:227,0
DA:228,0
DA:231,0
DA:235,1
DA:236,0
DA:237,0
DA:240,0
DA:242,0
DA:243,0
DA:244,0
DA:245,0
DA:246,0
DA:247,0
DA:251,0
DA:252,0
DA:254,0
DA:255,0
DA:256,0
DA:257,0
DA:258,0
DA:262,0
DA:266,1
DA:267,0
DA:268,0
DA:271,0
DA:274,0
DA:275,0
DA:278,0
DA:279,0
DA:282,0
DA:285,0
DA:286,0
DA:287,0
DA:288,0
DA:289,0
DA:290,0
DA:292,0
DA:296,1
DA:304,0
DA:306,0
DA:307,0
DA:315,0
DA:316,0
DA:317,0
DA:318,0
DA:319,0
DA:322,0
DA:323,0
DA:324,0
DA:325,0
DA:328,0
DA:336,0
DA:337,0
DA:338,0
DA:339,0
DA:341,0
DA:342,0
DA:343,0
DA:347,0
DA:349,0
DA:350,0
DA:355,0
DA:356,0
DA:357,0
DA:360,0
DA:362,0
DA:363,0
DA:370,0
DA:371,0
DA:375,0
DA:376,0
DA:379,0
DA:383,1
DA:384,0
DA:385,0
DA:389,0
DA:390,0
DA:399,0
DA:400,0
DA:401,0
DA:408,0
DA:409,0
DA:410,0
DA:417,0
DA:424,1
LF:197
LH:15
BRDA:11,0,0,0
BRDA:11,0,1,0
BRDA:17,1,0,0
BRDA:17,1,1,0
BRDA:28,2,0,0
BRDA:28,2,1,0
BRDA:29,3,0,0
BRDA:29,3,1,0
BRDA:30,4,0,0
BRDA:30,4,1,0
BRDA:32,5,0,0
BRDA:32,5,1,0
BRDA:33,6,0,0
BRDA:33,6,1,0
BRDA:34,7,0,0
BRDA:34,7,1,0
BRDA:55,8,0,0
BRDA:55,8,1,0
BRDA:55,9,0,0
BRDA:55,9,1,0
BRDA:64,10,0,0
BRDA:64,11,0,0
BRDA:98,12,0,0
BRDA:98,12,1,0
BRDA:101,13,0,0
BRDA:101,13,1,0
BRDA:123,14,0,0
BRDA:127,15,0,0
BRDA:127,15,1,0
BRDA:133,16,0,0
BRDA:133,16,1,0
BRDA:140,17,0,0
BRDA:140,17,1,0
BRDA:140,18,0,0
BRDA:140,18,1,0
BRDA:149,19,0,0
BRDA:149,19,1,0
BRDA:149,20,0,0
BRDA:149,20,1,0
BRDA:156,21,0,0
BRDA:156,21,1,0
BRDA:165,22,0,0
BRDA:165,22,1,0
BRDA:165,23,0,0
BRDA:165,23,1,0
BRDA:174,24,0,0
BRDA:174,24,1,0
BRDA:195,25,0,0
BRDA:195,25,1,0
BRDA:195,26,0,0
BRDA:195,26,1,0
BRDA:202,27,0,0
BRDA:202,27,1,0
BRDA:207,28,0,0
BRDA:207,28,1,0
BRDA:217,29,0,0
BRDA:217,29,1,0
BRDA:235,30,0,0
BRDA:236,31,0,0
BRDA:236,31,1,0
BRDA:236,32,0,0
BRDA:236,32,1,0
BRDA:246,33,0,0
BRDA:246,33,1,0
BRDA:255,34,0,0
BRDA:255,34,1,0
BRDA:267,35,0,0
BRDA:267,35,1,0
BRDA:296,36,0,0
BRDA:298,37,0,0
BRDA:299,38,0,0
BRDA:300,39,0,0
BRDA:301,40,0,0
BRDA:302,41,0,0
BRDA:303,42,0,0
BRDA:315,43,0,0
BRDA:315,43,1,0
BRDA:317,44,0,0
BRDA:317,44,1,0
BRDA:336,45,0,0
BRDA:336,45,1,0
BRDA:336,46,0,0
BRDA:336,46,1,0
BRDA:349,47,0,0
BRDA:349,47,1,0
BRDA:355,48,0,0
BRDA:355,48,1,0
BRDA:370,49,0,0
BRDA:370,49,1,0
BRDA:375,50,0,0
BRDA:375,50,1,0
BRDA:375,51,0,0
BRDA:375,51,1,0
BRDA:384,52,0,0
BRDA:384,52,1,0
BRDA:399,53,0,0
BRDA:399,53,1,0
BRDA:408,54,0,0
BRDA:408,54,1,0
BRDA:419,55,0,0
BRDA:419,55,1,0
BRDA:420,56,0,0
BRDA:420,56,1,0
BRF:103
BRH:0
end_of_record
TN:
SF:lib/latencyProfiler.js
FN:7,(anonymous_0)
FN:15,(anonymous_1)
FN:21,(anonymous_2)
FN:48,(anonymous_3)
FN:54,(anonymous_4)
FN:59,(anonymous_5)
FN:97,(anonymous_6)
FN:134,(anonymous_7)
FN:138,(anonymous_8)
FN:174,(anonymous_9)
FN:185,(anonymous_10)
FN:199,(anonymous_11)
FNF:12
FNH:0
FNDA:0,(anonymous_0)
FNDA:0,(anonymous_1)
FNDA:0,(anonymous_2)
FNDA:0,(anonymous_3)
FNDA:0,(anonymous_4)
FNDA:0,(anonymous_5)
FNDA:0,(anonymous_6)
FNDA:0,(anonymous_7)
FNDA:0,(anonymous_8)
FNDA:0,(anonymous_9)
FNDA:0,(anonymous_10)
FNDA:0,(anonymous_11)
DA:7,0
DA:8,0
DA:9,0
DA:10,0
DA:11,0
DA:15,0
DA:16,0
DA:17,0
DA:21,0
DA:26,0
DA:28,0
DA:31,0
DA:32,0
DA:33,0
DA:34,0
DA:38,0
DA:39,0
DA:41,0
DA:42,0
DA:43,0
DA:44,0
DA:48,0
DA:51,0
DA:52,0
DA:53,0
DA:54,0
DA:55,0
DA:56,0
DA:59,0
DA:60,0
DA:61,0
DA:63,0
DA:87,0
DA:88,0
DA:89,0
DA:90,0
DA:91,0
DA:93,0
DA:97,0
DA:102,0
DA:104,0
DA:107,0
DA:108,0
DA:109,0
DA:110,0
DA:114,0
DA:115,0
DA:117,0
DA:118,0
DA:119,0
DA:121,0
DA:122,0
DA:123,0
DA:125,0
DA:126,0
DA:129,0
DA:130,0
DA:134,0
DA:135,0
DA:136,0
DA:137,0
DA:138,0
DA:139,0
DA:140,0
DA:142,0
DA:165,0
DA:166,0
DA:167,0
DA:168,0
DA:170,0
DA:174,0
DA:176,0
DA:177,0
DA:178,0
DA:179,0
DA:181,0
DA:182,0
DA:183,0
DA:184,0
DA:185,0
DA:187,0
DA:197,0
DA:198,0
DA:199,0
DA:200,0
DA:206,0
DA:212,0
LF:87
LH:0
BRDA:21,0,0,0
BRDA:23,1,0,0
BRDA:24,2,0,0
BRDA:25,3,0,0
BRDA:97,4,0,0
BRDA:99,5,0,0
BRDA:100,6,0,0
BRDA:101,7,0,0
BRDA:121,8,0,0
BRDA:121,8,1,0
BRDA:185,9,0,0
BRDA:185,9,1,0
BRF:12
BRH:0
end_of_record
TN:
SF:lib/reproPack.js
FN:16,generateReproPack
FN:43,(anonymous_1)
FN:80,buildReproduceCommand
FN:112,buildInstallCommand
FN:130,generateReproduceMd
FN:214,(anonymous_5)
FN:236,exportReproPackZip
FN:239,(anonymous_7)
FN:245,(anonymous_8)
FN:249,(anonymous_9)
FNF:10
FNH:0
FNDA:0,generateReproPack
FNDA:0,(anonymous_1)
FNDA:0,buildReproduceCommand
FNDA:0,buildInstallCommand
FNDA:0,generateReproduceMd
FNDA:0,(anonymous_5)
FNDA:0,exportReproPackZip
FNDA:0,(anonymous_7)
FNDA:0,(anonymous_8)
FNDA:0,(anonymous_9)
DA:6,0
DA:7,0
DA:8,0
DA:9,0
DA:17,0
DA:18,0
DA:19,0
DA:22,0
DA:23,0
DA:26,0
DA:34,0
DA:37,0
DA:40,0
DA:43,0
DA:45,0
DA:81,0
DA:84,0
DA:87,0
DA:88,0
DA:92,0
DA:93,0
DA:94,0
DA:99,0
DA:100,0
DA:104,0
DA:106,0
DA:114,0
DA:120,0
DA:121,0
DA:124,0
DA:131,0
DA:133,0
DA:214,0
DA:227,0
DA:237,0
DA:239,0
DA:240,0
DA:241,0
DA:245,0
DA:246,0
DA:249,0
DA:250,0
DA:253,0
DA:256,0
DA:257,0
DA:260,0
DA:263,0
DA:264,0
DA:268,0
DA:278,0
DA:282,0
LF:51
LH:0
BRDA:18,0,0,0
BRDA:18,0,1,0
BRDA:22,1,0,0
BRDA:22,1,1,0
BRDA:40,2,0,0
BRDA:40,2,1,0
BRDA:59,3,0,0
BRDA:59,3,1,0
BRDA:87,4,0,0
BRDA:87,4,1,0
BRDA:92,5,0,0
BRDA:92,5,1,0
BRDA:99,6,0,0
BRDA:99,6,1,0
BRDA:99,7,0,0
BRDA:99,7,1,0
BRDA:120,8,0,0
BRDA:120,8,1,0
BRDA:120,9,0,0
BRDA:120,9,1,0
BRDA:142,10,0,0
BRDA:142,10,1,0
BRDA:143,11,0,0
BRDA:143,11,1,0
BRDA:144,12,0,0
BRDA:144,12,1,0
BRDA:154,13,0,0
BRDA:154,13,1,0
BRDA:167,14,0,0
BRDA:167,14,1,0
BRDA:173,15,0,0
BRDA:173,15,1,0
BRDA:196,16,0,0
BRDA:196,16,1,0
BRDA:197,17,0,0
BRDA:197,17,1,0
BRDA:214,18,0,0
BRDA:214,18,1,0
BRDA:263,19,0,0
BRDA:263,19,1,0
BRF:40
BRH:0
end_of_record
TN:
SF:lib/schemaDetector.js
FN:9,(anonymous_0)
FN:49,(anonymous_1)
FN:50,(anonymous_2)
FN:53,(anonymous_3)
FN:57,(anonymous_4)
FN:70,(anonymous_5)
FN:80,(anonymous_6)
FN:90,(anonymous_7)
FN:91,(anonymous_8)
FN:94,(anonymous_9)
FN:95,(anonymous_10)
FN:95,(anonymous_11)
FN:101,(anonymous_12)
FN:105,(anonymous_13)
FN:128,(anonymous_14)
FN:143,(anonymous_15)
FN:144,(anonymous_16)
FN:146,(anonymous_17)
FN:153,(anonymous_18)
FN:160,(anonymous_19)
FN:161,(anonymous_20)
FN:186,(anonymous_21)
FNF:22
FNH:0
FNDA:0,(anonymous_0)
FNDA:0,(anonymous_1)
FNDA:0,(anonymous_2)
FNDA:0,(anonymous_3)
FNDA:0,(anonymous_4)
FNDA:0,(anonymous_5)
FNDA:0,(anonymous_6)
FNDA:0,(anonymous_7)
FNDA:0,(anonymous_8)
FNDA:0,(anonymous_9)
FNDA:0,(anonymous_10)
FNDA:0,(anonymous_11)
FNDA:0,(anonymous_12)
FNDA:0,(anonymous_13)
FNDA:0,(anonymous_14)
FNDA:0,(anonymous_15)
FNDA:0,(anonymous_16)
FNDA:0,(anonymous_17)
FNDA:0,(anonymous_18)
FNDA:0,(anonymous_19)
FNDA:0,(anonymous_20)
FNDA:0,(anonymous_21)
DA:5,1
DA:6,1
DA:9,1
DA:10,0
DA:11,0
DA:14,0
DA:15,0
DA:18,0
DA:19,0
DA:22,0
DA:24,0
DA:25,0
DA:26,0
DA:30,0
DA:31,0
DA:34,0
DA:37,0
DA:38,0
DA:41,0
DA:42,0
DA:45,0
DA:49,1
DA:50,0
DA:51,0
DA:53,0
DA:54,0
DA:56,0
DA:57,0
DA:58,0
DA:60,0
DA:61,0
DA:64,0
DA:65,0
DA:66,0
DA:69,0
DA:70,0
DA:71,0
DA:73,0
DA:76,0
DA:80,1
DA:81,0
DA:82,0
DA:85,0
DA:86,0
DA:89,0
DA:90,0
DA:91,0
DA:94,0
DA:95,0
DA:96,0
DA:97,0
DA:100,0
DA:101,0
DA:102,0
DA:105,0
DA:106,0
DA:110,0
DA:111,0
DA:113,0
DA:124,0
DA:128,1
DA:129,0
DA:130,0
DA:132,0
DA:133,0
DA:134,0
DA:137,0
DA:138,0
DA:142,0
DA:143,0
DA:144,0
DA:146,0
DA:147,0
DA:148,0
DA:153,0
DA:154,0
DA:155,0
DA:160,0
DA:161,0
DA:162,0
DA:164,0
DA:170,0
DA:171,0
DA:178,0
DA:186,1
DA:187,0
DA:188,0
DA:191,0
DA:192,0
DA:193,0
DA:194,0
DA:196,0
DA:199,0
DA:206,1
LF:94
LH:8
BRDA:10,0,0,0
BRDA:10,0,1,0
BRDA:10,1,0,0
BRDA:10,1,1,0
BRDA:10,1,2,0
BRDA:14,2,0,0
BRDA:14,2,1,0
BRDA:18,3,0,0
BRDA:18,3,1,0
BRDA:19,4,0,0
BRDA:19,4,1,0
BRDA:22,5,0,0
BRDA:22,5,1,0
BRDA:25,6,0,0
BRDA:25,6,1,0
BRDA:30,7,0,0
BRDA:30,7,1,0
BRDA:30,8,0,0
BRDA:30,8,1,0
BRDA:31,9,0,0
BRDA:31,9,1,0
BRDA:37,10,0,0
BRDA:37,10,1,0
BRDA:41,11,0,0
BRDA:41,11,1,0
BRDA:51,12,0,0
BRDA:51,12,1,0
BRDA:60,13,0,0
BRDA:60,13,1,0
BRDA:60,14,0,0
BRDA:60,14,1,0
BRDA:64,15,0,0
BRDA:64,15,1,0
BRDA:65,16,0,0
BRDA:65,16,1,0
BRDA:71,17,0,0
BRDA:71,17,1,0
BRDA:81,18,0,0
BRDA:81,18,1,0
BRDA:81,19,0,0
BRDA:81,19,1,0
BRDA:95,20,0,0
BRDA:95,20,1,0
BRDA:102,21,0,0
BRDA:102,21,1,0
BRDA:106,22,0,0
BRDA:106,22,1,0
BRDA:132,23,0,0
BRDA:132,23,1,0
BRDA:137,24,0,0
BRDA:137,24,1,0
BRDA:147,25,0,0
BRDA:147,25,1,0
BRDA:154,26,0,0
BRDA:154,26,1,0
BRDA:162,27,0,0
BRDA:162,27,1,0
BRDA:162,28,0,0
BRDA:162,28,1,0
BRDA:170,29,0,0
BRDA:170,29,1,0
BRDA:191,30,0,0
BRDA:191,30,1,0
BRDA:193,31,0,0
BRDA:193,31,1,0
BRF:65
BRH:0
end_of_record
TN:
SF:lib/storage-adapter.js
FN:14,(anonymous_0)
FN:18,(anonymous_1)
FN:22,(anonymous_2)
FN:26,(anonymous_3)
FN:30,(anonymous_4)
FN:34,(anonymous_5)
FN:44,(anonymous_6)
FN:50,(anonymous_7)
FN:58,(anonymous_8)
FN:62,(anonymous_9)
FN:76,(anonymous_10)
FN:81,(anonymous_11)
FN:90,(anonymous_12)
FN:100,(anonymous_13)
FN:105,(anonymous_14)
FN:106,(anonymous_15)
FN:112,(anonymous_16)
FN:122,(anonymous_17)
FN:128,(anonymous_18)
FN:130,(anonymous_19)
FN:135,(anonymous_20)
FN:151,(anonymous_21)
FN:170,(anonymous_22)
FN:178,(anonymous_23)
FN:190,(anonymous_24)
FN:198,(anonymous_25)
FN:201,(anonymous_26)
FN:217,(anonymous_27)
FN:225,(anonymous_28)
FN:227,(anonymous_29)
FN:243,(anonymous_30)
FN:263,(anonymous_31)
FN:281,(anonymous_32)
FN:292,(anonymous_33)
FN:309,(anonymous_34)
FN:318,(anonymous_35)
FN:321,(anonymous_36)
FN:330,getStorageAdapter
FNF:38
FNH:0
FNDA:0,(anonymous_0)
FNDA:0,(anonymous_1)
FNDA:0,(anonymous_2)
FNDA:0,(anonymous_3)
FNDA:0,(anonymous_4)
FNDA:0,(anonymous_5)
FNDA:0,(anonymous_6)
FNDA:0,(anonymous_7)
FNDA:0,(anonymous_8)
FNDA:0,(anonymous_9)
FNDA:0,(anonymous_10)
FNDA:0,(anonymous_11)
FNDA:0,(anonymous_12)
FNDA:0,(anonymous_13)
FNDA:0,(anonymous_14)
FNDA:0,(anonymous_15)
FNDA:0,(anonymous_16)
FNDA:0,(anonymous_17)
FNDA:0,(anonymous_18)
FNDA:0,(anonymous_19)
FNDA:0,(anonymous_20)
FNDA:0,(anonymous_21)
FNDA:0,(anonymous_22)
FNDA:0,(anonymous_23)
FNDA:0,(anonymous_24)
FNDA:0,(anonymous_25)
FNDA:0,(anonymous_26)
FNDA:0,(anonymous_27)
FNDA:0,(anonymous_28)
FNDA:0,(anonymous_29)
FNDA:0,(anonymous_30)
FNDA:0,(anonymous_31)
FNDA:0,(anonymous_32)
FNDA:0,(anonymous_33)
FNDA:0,(anonymous_34)
FNDA:0,(anonymous_35)
FNDA:0,(anonymous_36)
FNDA:0,getStorageAdapter
DA:6,0
DA:7,0
DA:15,0
DA:19,0
DA:23,0
DA:27,0
DA:31,0
DA:35,0
DA:45,0
DA:46,0
DA:47,0
DA:51,0
DA:52,0
DA:54,0
DA:59,0
DA:63,0
DA:64,0
DA:66,0
DA:67,0
DA:69,0
DA:77,0
DA:78,0
DA:82,0
DA:83,0
DA:84,0
DA:86,0
DA:91,0
DA:92,0
DA:93,0
DA:94,0
DA:96,0
DA:101,0
DA:102,0
DA:103,0
DA:104,0
DA:105,0
DA:106,0
DA:108,0
DA:113,0
DA:123,0
DA:125,0
DA:129,0
DA:130,0
DA:132,0
DA:136,0
DA:138,0
DA:144,0
DA:152,0
DA:154,0
DA:158,0
DA:159,0
DA:162,0
DA:163,0
DA:164,0
DA:167,0
DA:171,0
DA:173,0
DA:179,0
DA:180,0
DA:181,0
DA:184,0
DA:186,0
DA:191,0
DA:193,0
DA:198,0
DA:202,0
DA:204,0
DA:208,0
DA:218,0
DA:220,0
DA:221,0
DA:222,0
DA:226,0
DA:227,0
DA:228,0
DA:230,0
DA:240,0
DA:244,0
DA:246,0
DA:254,0
DA:256,0
DA:264,0
DA:266,0
DA:271,0
DA:274,0
DA:275,0
DA:276,0
DA:278,0
DA:282,0
DA:284,0
DA:289,0
DA:293,0
DA:294,0
DA:296,0
DA:301,0
DA:302,0
DA:304,0
DA:305,0
DA:310,0
DA:312,0
DA:317,0
DA:318,0
DA:322,0
DA:331,0
DA:333,0
DA:336,0
DA:337,0
DA:339,0
DA:340,0
DA:344,0
DA:345,0
DA:347,0
DA:348,0
DA:353,0
DA:354,0
DA:355,0
DA:360,0
LF:117
LH:0
BRDA:14,0,0,0
BRDA:44,1,0,0
BRDA:54,2,0,0
BRDA:54,2,1,0
BRDA:62,3,0,0
BRDA:86,4,0,0
BRDA:86,4,1,0
BRDA:129,5,0,0
BRDA:129,5,1,0
BRDA:135,6,0,0
BRDA:158,7,0,0
BRDA:158,7,1,0
BRDA:163,8,0,0
BRDA:163,8,1,0
BRDA:222,9,0,0
BRDA:222,9,1,0
BRDA:226,10,0,0
BRDA:226,10,1,0
BRDA:243,11,0,0
BRDA:250,12,0,0
BRDA:250,12,1,0
BRDA:304,13,0,0
BRDA:304,13,1,0
BRDA:318,14,0,0
BRDA:318,14,1,0
BRDA:331,15,0,0
BRDA:331,15,1,0
BRDA:333,16,0,0
BRDA:333,16,1,0
BRDA:333,16,2,0
BRDA:333,16,3,0
BRDA:333,16,4,0
BRDA:333,16,5,0
BRDA:333,16,6,0
BRDA:336,17,0,0
BRDA:336,17,1,0
BRDA:344,18,0,0
BRDA:344,18,1,0
BRDA:353,19,0,0
BRDA:353,19,1,0
BRF:40
BRH:0
end_of_record
TN:
SF:lib/storage.js
FN:14,(anonymous_0)
FN:35,(anonymous_1)
FN:42,(anonymous_2)
FN:48,(anonymous_3)
FN:56,(anonymous_4)
FN:61,(anonymous_5)
FN:74,(anonymous_6)
FN:79,(anonymous_7)
FN:81,(anonymous_8)
FN:84,(anonymous_9)
FN:86,(anonymous_10)
FN:99,(anonymous_11)
FN:101,(anonymous_12)
FN:111,(anonymous_13)
FN:124,(anonymous_14)
FN:129,(anonymous_15)
FN:131,(anonymous_16)
FN:134,(anonymous_17)
FN:136,(anonymous_18)
FN:149,(anonymous_19)
FN:151,(anonymous_20)
FN:161,(anonymous_21)
FN:173,(anonymous_22)
FN:178,(anonymous_23)
FN:180,(anonymous_24)
FNF:25
FNH:0
FNDA:0,(anonymous_0)
FNDA:0,(anonymous_1)
FNDA:0,(anonymous_2)
FNDA:0,(anonymous_3)
FNDA:0,(anonymous_4)
FNDA:0,(anonymous_5)
FNDA:0,(anonymous_6)
FNDA:0,(anonymous_7)
FNDA:0,(anonymous_8)
FNDA:0,(anonymous_9)
FNDA:0,(anonymous_10)
FNDA:0,(anonymous_11)
FNDA:0,(anonymous_12)
FNDA:0,(anonymous_13)
FNDA:0,(anonymous_14)
FNDA:0,(anonymous_15)
FNDA:0,(anonymous_16)
FNDA:0,(anonymous_17)
FNDA:0,(anonymous_18)
FNDA:0,(anonymous_19)
FNDA:0,(anonymous_20)
FNDA:0,(anonymous_21)
FNDA:0,(anonymous_22)
FNDA:0,(anonymous_23)
FNDA:0,(anonymous_24)
DA:6,0
DA:7,0
DA:8,0
DA:10,0
DA:11,0
DA:14,0
DA:15,0
DA:16,0
DA:17,0
DA:18,0
DA:19,0
DA:22,0
DA:23,0
DA:30,0
DA:35,0
DA:36,0
DA:37,0
DA:38,0
DA:42,0
DA:43,0
DA:44,0
DA:48,0
DA:49,0
DA:50,0
DA:51,0
DA:52,0
DA:56,0
DA:57,0
DA:61,0
DA:62,0
DA:63,0
DA:69,0
DA:70,0
DA:71,0
DA:74,0
DA:75,0
DA:76,0
DA:79,0
DA:80,0
DA:81,0
DA:84,0
DA:85,0
DA:86,0
DA:87,0
DA:88,0
DA:93,0
DA:94,0
DA:96,0
DA:99,0
DA:100,0
DA:101,0
DA:102,0
DA:103,0
DA:104,0
DA:105,0
DA:107,0
DA:111,0
DA:112,0
DA:113,0
DA:119,0
DA:120,0
DA:121,0
DA:124,0
DA:125,0
DA:126,0
DA:129,0
DA:130,0
DA:131,0
DA:134,0
DA:135,0
DA:136,0
DA:137,0
DA:138,0
DA:143,0
DA:144,0
DA:146,0
DA:149,0
DA:150,0
DA:151,0
DA:152,0
DA:153,0
DA:154,0
DA:155,0
DA:157,0
DA:161,0
DA:162,0
DA:163,0
DA:168,0
DA:169,0
DA:170,0
DA:173,0
DA:174,0
DA:175,0
DA:178,0
DA:179,0
DA:180,0
DA:183,0
LF:97
LH:0
BRDA:15,0,0,0
BRDA:15,0,1,0
BRDA:22,1,0,0
BRDA:22,1,1,0
BRDA:87,2,0,0
BRDA:87,2,1,0
BRDA:102,3,0,0
BRDA:102,3,1,0
BRDA:137,4,0,0
BRDA:137,4,1,0
BRDA:152,5,0,0
BRDA:152,5,1,0
BRF:12
BRH:0
end_of_record
TN:
SF:lib/validation.js
FN:101,(anonymous_0)
FN:102,(anonymous_1)
FN:109,(anonymous_2)
FN:128,(anonymous_3)
FN:129,(anonymous_4)
FNF:5
FNH:2
FNDA:9,(anonymous_0)
FNDA:0,(anonymous_1)
FNDA:0,(anonymous_2)
FNDA:21,(anonymous_3)
FNDA:0,(anonymous_4)
DA:6,1
DA:9,1
DA:26,1
DA:75,1
DA:88,1
DA:101,1
DA:102,9
DA:103,0
DA:108,0
DA:109,0
DA:114,0
DA:122,0
DA:123,0
DA:128,1
DA:129,21
DA:130,0
DA:135,0
DA:136,0
DA:138,0
DA:139,0
DA:145,0
DA:146,0
DA:152,0
DA:156,1
LF:24
LH:10
BRDA:108,0,0,0
BRDA:108,0,1,0
BRDA:128,1,0,0
BRDA:138,2,0,0
BRDA:138,2,1,0
BRDA:138,3,0,0
BRDA:138,3,1,0
BRDA:145,4,0,0
BRDA:145,4,1,0
BRDA:145,5,0,0
BRDA:145,5,1,0
BRF:11
BRH:0
end_of_record
TN:
SF:lib/evalHarness/outputWriter.js
FN:15,(anonymous_0)
FN:54,(anonymous_1)
FN:63,(anonymous_2)
FN:72,(anonymous_3)
FN:81,(anonymous_4)
FN:93,(anonymous_5)
FN:119,(anonymous_6)
FN:129,(anonymous_7)
FN:161,(anonymous_8)
FNF:9
FNH:0
FNDA:0,(anonymous_0)
FNDA:0,(anonymous_1)
FNDA:0,(anonymous_2)
FNDA:0,(anonymous_3)
FNDA:0,(anonymous_4)
FNDA:0,(anonymous_5)
FNDA:0,(anonymous_6)
FNDA:0,(anonymous_7)
FNDA:0,(anonymous_8)
DA:6,0
DA:7,0
DA:15,0
DA:17,0
DA:18,0
DA:20,0
DA:21,0
DA:25,0
DA:28,0
DA:29,0
DA:33,0
DA:34,0
DA:38,0
DA:39,0
DA:43,0
DA:46,0
DA:48,0
DA:54,0
DA:55,0
DA:56,0
DA:57,0
DA:63,0
DA:64,0
DA:65,0
DA:66,0
DA:72,0
DA:73,0
DA:74,0
DA:75,0
DA:81,0
DA:82,0
DA:83,0
DA:87,0
DA:93,0
DA:94,0
DA:97,0
DA:98,0
DA:99,0
DA:100,0
DA:101,0
DA:103,0
DA:107,0
DA:108,0
DA:109,0
DA:110,0
DA:111,0
DA:113,0
DA:117,0
DA:118,0
DA:119,0
DA:120,0
DA:121,0
DA:122,0
DA:124,0
DA:128,0
DA:129,0
DA:130,0
DA:131,0
DA:133,0
DA:136,0
DA:140,0
DA:141,0
DA:142,0
DA:143,0
DA:144,0
DA:146,0
DA:149,0
DA:152,0
DA:153,0
DA:154,0
DA:155,0
DA:161,0
DA:162,0
DA:163,0
DA:164,0
DA:167,0
LF:76
LH:0
BRDA:20,0,0,0
BRDA:20,0,1,0
BRDA:28,1,0,0
BRDA:28,1,1,0
BRDA:33,2,0,0
BRDA:33,2,1,0
BRDA:38,3,0,0
BRDA:38,3,1,0
BRDA:97,4,0,0
BRDA:97,4,1,0
BRDA:100,5,0,0
BRDA:100,5,1,0
BRDA:107,6,0,0
BRDA:107,6,1,0
BRDA:107,7,0,0
BRDA:107,7,1,0
BRDA:117,8,0,0
BRDA:117,8,1,0
BRDA:117,9,0,0
BRDA:117,9,1,0
BRDA:128,10,0,0
BRDA:128,10,1,0
BRDA:128,11,0,0
BRDA:128,11,1,0
BRDA:129,12,0,0
BRDA:129,12,1,0
BRDA:130,13,0,0
BRDA:130,13,1,0
BRDA:140,14,0,0
BRDA:140,14,1,0
BRDA:141,15,0,0
BRDA:141,15,1,0
BRDA:143,16,0,0
BRDA:143,16,1,0
BRF:34
BRH:0
end_of_record
TN:
SF:lib/evalHarness/stressTests.js
FN:12,(anonymous_0)
FN:35,(anonymous_1)
FN:48,(anonymous_2)
FN:62,(anonymous_3)
FN:67,(anonymous_4)
FN:76,(anonymous_5)
FN:82,(anonymous_6)
FN:82,(anonymous_7)
FN:85,(anonymous_8)
FN:86,(anonymous_9)
FN:89,(anonymous_10)
FN:109,(anonymous_11)
FN:126,(anonymous_12)
FN:146,(anonymous_13)
FN:184,(anonymous_14)
FN:185,(anonymous_15)
FNF:16
FNH:0
FNDA:0,(anonymous_0)
FNDA:0,(anonymous_1)
FNDA:0,(anonymous_2)
FNDA:0,(anonymous_3)
FNDA:0,(anonymous_4)
FNDA:0,(anonymous_5)
FNDA:0,(anonymous_6)
FNDA:0,(anonymous_7)
FNDA:0,(anonymous_8)
FNDA:0,(anonymous_9)
FNDA:0,(anonymous_10)
FNDA:0,(anonymous_11)
FNDA:0,(anonymous_12)
FNDA:0,(anonymous_13)
FNDA:0,(anonymous_14)
FNDA:0,(anonymous_15)
DA:12,0
DA:13,0
DA:14,0
DA:15,0
DA:17,0
DA:18,0
DA:19,0
DA:20,0
DA:21,0
DA:22,0
DA:26,0
DA:35,0
DA:36,0
DA:37,0
DA:39,0
DA:40,0
DA:43,0
DA:45,0
DA:46,0
DA:47,0
DA:48,0
DA:49,0
DA:52,0
DA:62,0
DA:63,0
DA:65,0
DA:67,0
DA:70,0
DA:71,0
DA:72,0
DA:76,0
DA:77,0
DA:80,0
DA:82,0
DA:83,0
DA:85,0
DA:86,0
DA:87,0
DA:89,0
DA:90,0
DA:91,0
DA:92,0
DA:97,0
DA:109,0
DA:116,0
DA:118,0
DA:121,0
DA:122,0
DA:125,0
DA:126,0
DA:127,0
DA:128,0
DA:129,0
DA:130,0
DA:132,0
DA:143,0
DA:144,0
DA:146,0
DA:147,0
DA:150,0
DA:151,0
DA:152,0
DA:153,0
DA:155,0
DA:164,0
DA:165,0
DA:166,0
DA:167,0
DA:168,0
DA:170,0
DA:182,0
DA:184,0
DA:185,0
DA:189,0
DA:195,0
LF:75
LH:0
BRDA:12,0,0,0
BRDA:14,1,0,0
BRDA:14,1,1,0
BRDA:20,2,0,0
BRDA:20,2,1,0
BRDA:35,3,0,0
BRDA:39,4,0,0
BRDA:39,4,1,0
BRDA:62,5,0,0
BRDA:65,6,0,0
BRDA:65,6,1,0
BRDA:80,7,0,0
BRDA:80,7,1,0
BRDA:83,8,0,0
BRDA:83,8,1,0
BRDA:90,9,0,0
BRDA:90,9,1,0
BRDA:109,10,0,0
BRDA:111,11,0,0
BRDA:112,12,0,0
BRDA:113,13,0,0
BRDA:114,14,0,0
BRDA:115,15,0,0
BRDA:125,16,0,0
BRDA:125,16,1,0
BRDA:143,17,0,0
BRDA:143,17,1,0
BRDA:144,18,0,0
BRDA:144,18,1,0
BRDA:144,19,0,0
BRDA:144,19,1,0
BRDA:147,20,0,0
BRDA:147,20,1,0
BRDA:147,21,0,0
BRDA:147,21,1,0
BRDA:164,22,0,0
BRDA:164,22,1,0
BRF:37
BRH:0
end_of_record
TN:
SF:routes/modellab/artifacts.js
FN:16,(anonymous_0)
FN:30,(anonymous_1)
FN:32,(anonymous_2)
FN:64,(anonymous_3)
FN:100,(anonymous_4)
FN:118,(anonymous_5)
FN:179,(anonymous_6)
FN:228,(anonymous_7)
FNF:8
FNH:0
FNDA:0,(anonymous_0)
FNDA:0,(anonymous_1)
FNDA:0,(anonymous_2)
FNDA:0,(anonymous_3)
FNDA:0,(anonymous_4)
FNDA:0,(anonymous_5)
FNDA:0,(anonymous_6)
FNDA:0,(anonymous_7)
DA:6,1
DA:7,1
DA:8,1
DA:9,1
DA:10,1
DA:12,1
DA:13,1
DA:16,1
DA:17,0
DA:18,0
DA:19,0
DA:20,0
DA:23,0
DA:24,0
DA:25,0
DA:29,0
DA:30,0
DA:31,0
DA:32,0
DA:33,0
DA:34,0
DA:35,0
DA:37,0
DA:38,0
DA:40,0
DA:53,0
DA:55,0
DA:58,0
DA:59,0
DA:64,1
DA:65,0
DA:66,0
DA:68,0
DA:69,0
DA:72,0
DA:73,0
DA:74,0
DA:78,0
DA:88,0
DA:94,0
DA:95,0
DA:100,1
DA:101,0
DA:102,0
DA:103,0
DA:106,0
DA:107,0
DA:108,0
DA:111,0
DA:118,0
DA:119,0
DA:120,0
DA:123,0
DA:124,0
DA:125,0
DA:126,0
DA:129,0
DA:130,0
DA:133,0
DA:134,0
DA:135,0
DA:136,0
DA:140,0
DA:141,0
DA:143,0
DA:145,0
DA:146,0
DA:147,0
DA:148,0
DA:149,0
DA:151,0
DA:155,0
DA:166,0
DA:172,0
DA:173,0
DA:179,1
DA:180,0
DA:181,0
DA:182,0
DA:183,0
DA:186,0
DA:187,0
DA:188,0
DA:191,0
DA:192,0
DA:193,0
DA:196,0
DA:210,0
DA:212,0
DA:218,0
DA:219,0
DA:222,0
DA:223,0
DA:228,1
DA:229,0
DA:230,0
DA:231,0
DA:232,0
DA:235,0
DA:236,0
DA:237,0
DA:240,0
DA:242,0
DA:247,0
DA:248,0
DA:252,1
LF:106
LH:13
BRDA:19,0,0,0
BRDA:19,0,1,0
BRDA:24,1,0,0
BRDA:24,1,1,0
BRDA:37,2,0,0
BRDA:37,2,1,0
BRDA:68,3,0,0
BRDA:68,3,1,0
BRDA:68,4,0,0
BRDA:68,4,1,0
BRDA:73,5,0,0
BRDA:73,5,1,0
BRDA:81,6,0,0
BRDA:81,6,1,0
BRDA:82,7,0,0
BRDA:82,7,1,0
BRDA:83,8,0,0
BRDA:83,8,1,0
BRDA:84,9,0,0
BRDA:84,9,1,0
BRDA:102,10,0,0
BRDA:102,10,1,0
BRDA:107,11,0,0
BRDA:107,11,1,0
BRDA:119,12,0,0
BRDA:119,12,1,0
BRDA:125,13,0,0
BRDA:125,13,1,0
BRDA:129,14,0,0
BRDA:129,14,1,0
BRDA:130,15,0,0
BRDA:130,15,1,0
BRDA:133,16,0,0
BRDA:133,16,1,0
BRDA:133,17,0,0
BRDA:133,17,1,0
BRDA:135,18,0,0
BRDA:135,18,1,0
BRDA:146,19,0,0
BRDA:146,19,1,0
BRDA:147,20,0,0
BRDA:147,20,1,0
BRDA:182,21,0,0
BRDA:182,21,1,0
BRDA:187,22,0,0
BRDA:187,22,1,0
BRDA:210,23,0,0
BRDA:210,23,1,0
BRDA:231,24,0,0
BRDA:231,24,1,0
BRDA:236,25,0,0
BRDA:236,25,1,0
BRF:52
BRH:0
end_of_record
TN:
SF:routes/modellab/datasets.js
FN:18,(anonymous_0)
FN:31,(anonymous_1)
FN:44,(anonymous_2)
FN:52,(anonymous_3)
FN:133,(anonymous_4)
FN:147,(anonymous_5)
FN:170,(anonymous_6)
FNF:7
FNH:0
FNDA:0,(anonymous_0)
FNDA:0,(anonymous_1)
FNDA:0,(anonymous_2)
FNDA:0,(anonymous_3)
FNDA:0,(anonymous_4)
FNDA:0,(anonymous_5)
FNDA:0,(anonymous_6)
DA:6,1
DA:7,1
DA:8,1
DA:9,1
DA:10,1
DA:13,1
DA:14,1
DA:15,1
DA:18,1
DA:19,0
DA:20,0
DA:22,0
DA:23,0
DA:25,0
DA:26,0
DA:31,1
DA:32,0
DA:33,0
DA:34,0
DA:35,0
DA:37,0
DA:39,0
DA:44,1
DA:45,0
DA:52,0
DA:53,0
DA:54,0
DA:57,0
DA:58,0
DA:59,0
DA:60,0
DA:64,0
DA:65,0
DA:68,0
DA:71,0
DA:74,0
DA:75,0
DA:76,0
DA:77,0
DA:80,0
DA:83,0
DA:84,0
DA:86,0
DA:87,0
DA:88,0
DA:89,0
DA:91,0
DA:95,0
DA:96,0
DA:97,0
DA:98,0
DA:100,0
DA:105,0
DA:120,0
DA:126,0
DA:127,0
DA:133,1
DA:134,0
DA:135,0
DA:136,0
DA:137,0
DA:139,0
DA:141,0
DA:142,0
DA:147,1
DA:148,0
DA:149,0
DA:150,0
DA:151,0
DA:155,0
DA:156,0
DA:158,0
DA:164,0
DA:165,0
DA:170,1
DA:171,0
DA:172,0
DA:173,0
DA:174,0
DA:178,0
DA:179,0
DA:182,0
DA:184,0
DA:186,0
DA:187,0
DA:191,1
LF:86
LH:15
BRDA:22,0,0,0
BRDA:22,0,1,0
BRDA:34,1,0,0
BRDA:34,1,1,0
BRDA:53,2,0,0
BRDA:53,2,1,0
BRDA:59,3,0,0
BRDA:59,3,1,0
BRDA:64,4,0,0
BRDA:64,4,1,0
BRDA:65,5,0,0
BRDA:65,5,1,0
BRDA:86,6,0,0
BRDA:86,6,1,0
BRDA:87,7,0,0
BRDA:87,7,1,0
BRDA:95,8,0,0
BRDA:95,8,1,0
BRDA:96,9,0,0
BRDA:96,9,1,0
BRDA:106,10,0,0
BRDA:106,10,1,0
BRDA:106,11,0,0
BRDA:106,11,1,0
BRDA:107,12,0,0
BRDA:107,12,1,0
BRDA:107,13,0,0
BRDA:107,13,1,0
BRDA:136,14,0,0
BRDA:136,14,1,0
BRDA:150,15,0,0
BRDA:150,15,1,0
BRDA:173,16,0,0
BRDA:173,16,1,0
BRDA:178,17,0,0
BRDA:178,17,1,0
BRDA:178,18,0,0
BRDA:178,18,1,0
BRF:38
BRH:0
end_of_record
TN:
SF:routes/modellab/projects.js
FN:15,(anonymous_0)
FN:20,(anonymous_1)
FN:41,(anonymous_2)
FN:56,(anonymous_3)
FN:57,(anonymous_4)
FN:58,(anonymous_5)
FN:59,(anonymous_6)
FN:77,(anonymous_7)
FN:93,(anonymous_8)
FN:113,(anonymous_9)
FN:140,(anonymous_10)
FN:155,(anonymous_11)
FNF:12
FNH:0
FNDA:0,(anonymous_0)
FNDA:0,(anonymous_1)
FNDA:0,(anonymous_2)
FNDA:0,(anonymous_3)
FNDA:0,(anonymous_4)
FNDA:0,(anonymous_5)
FNDA:0,(anonymous_6)
FNDA:0,(anonymous_7)
FNDA:0,(anonymous_8)
FNDA:0,(anonymous_9)
FNDA:0,(anonymous_10)
FNDA:0,(anonymous_11)
DA:6,1
DA:7,1
DA:8,1
DA:11,1
DA:12,1
DA:15,1
DA:16,0
DA:17,0
DA:20,0
DA:21,0
DA:22,0
DA:24,0
DA:34,0
DA:36,0
DA:41,1
DA:42,0
DA:43,0
DA:44,0
DA:45,0
DA:49,0
DA:50,0
DA:53,0
DA:56,0
DA:57,0
DA:58,0
DA:59,0
DA:65,0
DA:72,0
DA:77,1
DA:78,0
DA:79,0
DA:81,0
DA:86,0
DA:88,0
DA:93,1
DA:94,0
DA:95,0
DA:97,0
DA:102,0
DA:103,0
DA:106,0
DA:108,0
DA:113,1
DA:114,0
DA:115,0
DA:116,0
DA:117,0
DA:121,0
DA:122,0
DA:124,0
DA:125,0
DA:132,0
DA:133,0
DA:135,0
DA:140,1
DA:141,0
DA:142,0
DA:143,0
DA:144,0
DA:147,0
DA:148,0
DA:150,0
DA:155,1
DA:156,0
DA:157,0
DA:158,0
DA:159,0
DA:162,0
DA:163,0
DA:165,0
DA:169,1
LF:71
LH:13
BRDA:28,0,0,0
BRDA:28,0,1,0
BRDA:30,1,0,0
BRDA:30,1,1,0
BRDA:44,2,0,0
BRDA:44,2,1,0
BRDA:59,3,0,0
BRDA:59,3,1,0
BRDA:60,4,0,0
BRDA:60,4,1,0
BRDA:62,5,0,0
BRDA:62,5,1,0
BRDA:83,6,0,0
BRDA:83,6,1,0
BRDA:102,7,0,0
BRDA:102,7,1,0
BRDA:116,8,0,0
BRDA:116,8,1,0
BRDA:124,9,0,0
BRDA:124,9,1,0
BRDA:124,10,0,0
BRDA:124,10,1,0
BRDA:143,11,0,0
BRDA:143,11,1,0
BRDA:158,12,0,0
BRDA:158,12,1,0
BRF:26
BRH:0
end_of_record
TN:
SF:routes/modellab/runs.js
FN:20,(anonymous_0)
FN:30,(anonymous_1)
FN:40,(anonymous_2)
FN:43,(anonymous_3)
FN:46,(anonymous_4)
FN:49,(anonymous_5)
FN:60,(anonymous_6)
FN:77,(anonymous_7)
FN:132,(anonymous_8)
FN:149,(anonymous_9)
FN:171,(anonymous_10)
FN:212,(anonymous_11)
FN:254,(anonymous_12)
FN:266,(anonymous_13)
FN:286,(anonymous_14)
FNF:15
FNH:0
FNDA:0,(anonymous_0)
FNDA:0,(anonymous_1)
FNDA:0,(anonymous_2)
FNDA:0,(anonymous_3)
FNDA:0,(anonymous_4)
FNDA:0,(anonymous_5)
FNDA:0,(anonymous_6)
FNDA:0,(anonymous_7)
FNDA:0,(anonymous_8)
FNDA:0,(anonymous_9)
FNDA:0,(anonymous_10)
FNDA:0,(anonymous_11)
FNDA:0,(anonymous_12)
FNDA:0,(anonymous_13)
FNDA:0,(anonymous_14)
DA:6,1
DA:7,1
DA:8,1
DA:9,1
DA:10,1
DA:11,1
DA:13,1
DA:15,1
DA:16,1
DA:17,1
DA:20,1
DA:21,0
DA:22,0
DA:23,0
DA:25,0
DA:30,1
DA:31,0
DA:32,0
DA:34,0
DA:37,0
DA:39,0
DA:40,0
DA:42,0
DA:43,0
DA:45,0
DA:46,0
DA:48,0
DA:49,0
DA:52,0
DA:54,0
DA:55,0
DA:60,1
DA:61,0
DA:62,0
DA:63,0
DA:64,0
DA:68,0
DA:70,0
DA:72,0
DA:77,1
DA:78,0
DA:79,0
DA:82,0
DA:85,0
DA:86,0
DA:87,0
DA:88,0
DA:93,0
DA:94,0
DA:95,0
DA:98,0
DA:120,0
DA:126,0
DA:127,0
DA:132,1
DA:133,0
DA:134,0
DA:135,0
DA:136,0
DA:138,0
DA:140,0
DA:141,0
DA:145,1
DA:146,1
DA:149,1
DA:150,0
DA:151,0
DA:152,0
DA:153,0
DA:157,0
DA:158,0
DA:161,0
DA:163,0
DA:165,0
DA:166,0
DA:171,1
DA:172,0
DA:173,0
DA:174,0
DA:176,0
DA:177,0
DA:181,0
DA:184,0
DA:185,0
DA:188,0
DA:195,0
DA:200,0
DA:206,0
DA:207,0
DA:212,1
DA:213,0
DA:214,0
DA:215,0
DA:217,0
DA:218,0
DA:222,0
DA:223,0
DA:227,0
DA:228,0
DA:231,0
DA:241,0
DA:248,0
DA:249,0
DA:254,1
DA:255,0
DA:256,0
DA:257,0
DA:258,0
DA:260,0
DA:261,0
DA:266,1
DA:267,0
DA:268,0
DA:269,0
DA:271,0
DA:272,0
DA:276,0
DA:277,0
DA:278,0
DA:281,0
DA:283,0
DA:286,0
DA:288,0
DA:289,0
DA:292,0
DA:293,0
DA:294,0
DA:295,0
DA:301,0
DA:302,0
DA:306,1
LF:131
LH:23
BRDA:34,0,0,0
BRDA:34,0,1,0
BRDA:39,1,0,0
BRDA:39,1,1,0
BRDA:42,2,0,0
BRDA:42,2,1,0
BRDA:45,3,0,0
BRDA:45,3,1,0
BRDA:48,4,0,0
BRDA:48,4,1,0
BRDA:63,5,0,0
BRDA:63,5,1,0
BRDA:85,6,0,0
BRDA:85,6,1,0
BRDA:87,7,0,0
BRDA:87,7,1,0
BRDA:100,8,0,0
BRDA:100,8,1,0
BRDA:101,9,0,0
BRDA:101,9,1,0
BRDA:102,10,0,0
BRDA:102,10,1,0
BRDA:103,11,0,0
BRDA:103,11,1,0
BRDA:105,12,0,0
BRDA:105,12,1,0
BRDA:105,12,2,0
BRDA:106,13,0,0
BRDA:106,13,1,0
BRDA:106,13,2,0
BRDA:107,14,0,0
BRDA:107,14,1,0
BRDA:107,14,2,0
BRDA:108,15,0,0
BRDA:108,15,1,0
BRDA:108,15,2,0
BRDA:109,16,0,0
BRDA:109,16,1,0
BRDA:110,17,0,0
BRDA:110,17,1,0
BRDA:110,17,2,0
BRDA:111,18,0,0
BRDA:111,18,1,0
BRDA:111,18,2,0
BRDA:112,19,0,0
BRDA:112,19,1,0
BRDA:113,20,0,0
BRDA:113,20,1,0
BRDA:114,21,0,0
BRDA:114,21,1,0
BRDA:116,22,0,0
BRDA:116,22,1,0
BRDA:117,23,0,0
BRDA:117,23,1,0
BRDA:135,24,0,0
BRDA:135,24,1,0
BRDA:152,25,0,0
BRDA:152,25,1,0
BRDA:157,26,0,0
BRDA:157,26,1,0
BRDA:157,27,0,0
BRDA:157,27,1,0
BRDA:176,28,0,0
BRDA:176,28,1,0
BRDA:217,29,0,0
BRDA:217,29,1,0
BRDA:222,30,0,0
BRDA:222,30,1,0
BRDA:222,31,0,0
BRDA:222,31,1,0
BRDA:233,32,0,0
BRDA:233,32,1,0
BRDA:234,33,0,0
BRDA:234,33,1,0
BRDA:235,34,0,0
BRDA:235,34,1,0
BRDA:236,35,0,0
BRDA:236,35,1,0
BRDA:237,36,0,0
BRDA:237,36,1,0
BRDA:271,37,0,0
BRDA:271,37,1,0
BRDA:277,38,0,0
BRDA:277,38,1,0
BRDA:288,39,0,0
BRDA:288,39,1,0
BRDA:292,40,0,0
BRDA:292,40,1,0
BRDA:294,41,0,0
BRDA:294,41,1,0
BRF:90
BRH:0
end_of_record
