TN:
SF:server.js
FN:38,(anonymous_0)
FN:106,(anonymous_1)
FN:141,(anonymous_2)
FN:204,(anonymous_3)
FN:213,(anonymous_4)
FN:271,(anonymous_5)
FN:301,(anonymous_6)
FN:304,(anonymous_7)
FN:321,(anonymous_8)
FN:328,(anonymous_9)
FN:329,(anonymous_10)
FN:332,(anonymous_11)
FN:338,(anonymous_12)
FNF:13
FNH:4
FNDA:51,(anonymous_0)
FNDA:4,(anonymous_1)
FNDA:0,(anonymous_2)
FNDA:3,(anonymous_3)
FNDA:0,(anonymous_4)
FNDA:1,(anonymous_5)
FNDA:0,(anonymous_6)
FNDA:0,(anonymous_7)
FNDA:0,(anonymous_8)
FNDA:0,(anonymous_9)
FNDA:0,(anonymous_10)
FNDA:0,(anonymous_11)
FNDA:0,(anonymous_12)
DA:6,4
DA:7,4
DA:8,4
DA:9,4
DA:10,4
DA:11,4
DA:12,4
DA:14,4
DA:17,4
DA:18,4
DA:19,4
DA:24,4
DA:37,4
DA:40,51
DA:42,0
DA:43,0
DA:45,0
DA:52,4
DA:55,4
DA:57,0
DA:60,4
DA:64,4
DA:65,4
DA:68,4
DA:80,4
DA:90,4
DA:93,4
DA:94,4
DA:95,4
DA:96,4
DA:99,4
DA:100,4
DA:101,4
DA:102,4
DA:103,4
DA:106,4
DA:107,4
DA:109,4
DA:111,4
DA:112,4
DA:114,4
DA:126,0
DA:136,4
DA:137,4
DA:138,4
DA:141,4
DA:142,0
DA:204,4
DA:205,3
DA:213,4
DA:215,0
DA:224,0
DA:225,0
DA:232,0
DA:233,0
DA:241,0
DA:246,0
DA:253,0
DA:254,0
DA:261,0
DA:271,4
DA:272,1
DA:301,4
DA:302,0
DA:304,0
DA:305,0
DA:308,0
DA:309,0
DA:310,0
DA:311,0
DA:313,0
DA:316,0
DA:317,0
DA:321,0
DA:322,0
DA:323,0
DA:328,4
DA:329,4
DA:332,4
DA:333,0
DA:334,0
DA:338,4
DA:339,0
DA:342,4
LF:84
LH:52
BRDA:17,0,0,4
BRDA:17,0,1,0
BRDA:18,1,0,4
BRDA:18,1,1,0
BRDA:19,2,0,0
BRDA:19,2,1,4
BRDA:40,3,0,51
BRDA:40,3,1,0
BRDA:42,4,0,0
BRDA:42,4,1,0
BRDA:42,5,0,0
BRDA:42,5,1,0
BRDA:55,6,0,0
BRDA:55,6,1,4
BRDA:70,7,0,0
BRDA:70,7,1,4
BRDA:82,8,0,0
BRDA:82,8,1,4
BRDA:112,9,0,4
BRDA:112,9,1,0
BRDA:220,10,0,0
BRDA:220,10,1,0
BRDA:224,11,0,0
BRDA:224,11,1,0
BRDA:232,12,0,0
BRDA:232,12,1,0
BRDA:241,13,0,0
BRDA:241,13,1,0
BRDA:241,14,0,0
BRDA:241,14,1,0
BRDA:241,14,2,0
BRDA:241,14,3,0
BRDA:241,14,4,0
BRDA:241,14,5,0
BRDA:253,15,0,0
BRDA:253,15,1,0
BRDA:253,16,0,0
BRDA:253,16,1,0
BRDA:261,17,0,0
BRDA:261,17,1,0
BRDA:262,18,0,0
BRDA:262,18,1,0
BRDA:263,19,0,0
BRDA:263,19,1,0
BRDA:266,20,0,0
BRDA:266,20,1,0
BRF:46
BRH:8
end_of_record
TN:
SF:lib/database-factory.js
FN:14,(anonymous_0)
FNF:1
FNH:0
FNDA:0,(anonymous_0)
DA:9,0
DA:10,0
DA:11,0
DA:14,0
DA:15,0
DA:16,0
DA:19,0
DA:20,0
DA:24,0
LF:9
LH:0
BRDA:9,0,0,0
BRDA:9,0,1,0
BRF:2
BRH:0
end_of_record
TN:
SF:lib/database-pg.js
FN:25,(anonymous_0)
FN:33,(anonymous_1)
FN:125,(anonymous_2)
FN:135,(anonymous_3)
FN:142,(anonymous_4)
FN:157,(anonymous_5)
FN:170,(anonymous_6)
FN:182,(anonymous_7)
FN:211,(anonymous_8)
FN:222,(anonymous_9)
FN:248,(anonymous_10)
FN:264,(anonymous_11)
FN:270,(anonymous_12)
FN:279,(anonymous_13)
FN:286,(anonymous_14)
FN:295,(anonymous_15)
FN:327,(anonymous_16)
FN:338,(anonymous_17)
FN:369,(anonymous_18)
FN:387,(anonymous_19)
FN:393,(anonymous_20)
FN:404,(anonymous_21)
FN:411,(anonymous_22)
FN:422,(anonymous_23)
FN:467,(anonymous_24)
FN:478,(anonymous_25)
FN:499,(anonymous_26)
FN:512,(anonymous_27)
FN:522,(anonymous_28)
FN:527,generateChecksum
FN:535,generateId
FNF:31
FNH:0
FNDA:0,(anonymous_0)
FNDA:0,(anonymous_1)
FNDA:0,(anonymous_2)
FNDA:0,(anonymous_3)
FNDA:0,(anonymous_4)
FNDA:0,(anonymous_5)
FNDA:0,(anonymous_6)
FNDA:0,(anonymous_7)
FNDA:0,(anonymous_8)
FNDA:0,(anonymous_9)
FNDA:0,(anonymous_10)
FNDA:0,(anonymous_11)
FNDA:0,(anonymous_12)
FNDA:0,(anonymous_13)
FNDA:0,(anonymous_14)
FNDA:0,(anonymous_15)
FNDA:0,(anonymous_16)
FNDA:0,(anonymous_17)
FNDA:0,(anonymous_18)
FNDA:0,(anonymous_19)
FNDA:0,(anonymous_20)
FNDA:0,(anonymous_21)
FNDA:0,(anonymous_22)
FNDA:0,(anonymous_23)
FNDA:0,(anonymous_24)
FNDA:0,(anonymous_25)
FNDA:0,(anonymous_26)
FNDA:0,(anonymous_27)
FNDA:0,(anonymous_28)
FNDA:0,generateChecksum
FNDA:0,generateId
DA:7,0
DA:8,0
DA:9,0
DA:10,0
DA:13,0
DA:16,0
DA:25,0
DA:26,0
DA:27,0
DA:33,0
DA:34,0
DA:36,0
DA:37,0
DA:40,0
DA:43,0
DA:55,0
DA:72,0
DA:93,0
DA:106,0
DA:107,0
DA:108,0
DA:109,0
DA:110,0
DA:112,0
DA:114,0
DA:116,0
DA:117,0
DA:118,0
DA:120,0
DA:125,0
DA:126,0
DA:127,0
DA:128,0
DA:130,0
DA:135,0
DA:136,0
DA:137,0
DA:142,0
DA:143,0
DA:144,0
DA:145,0
DA:151,0
DA:153,0
DA:157,0
DA:158,0
DA:159,0
DA:160,0
DA:164,0
DA:166,0
DA:170,0
DA:171,0
DA:172,0
DA:173,0
DA:176,0
DA:178,0
DA:182,0
DA:183,0
DA:184,0
DA:185,0
DA:186,0
DA:187,0
DA:189,0
DA:190,0
DA:191,0
DA:193,0
DA:194,0
DA:195,0
DA:197,0
DA:199,0
DA:201,0
DA:205,0
DA:207,0
DA:211,0
DA:212,0
DA:213,0
DA:214,0
DA:216,0
DA:222,0
DA:223,0
DA:224,0
DA:225,0
DA:240,0
DA:241,0
DA:242,0
DA:244,0
DA:248,0
DA:249,0
DA:250,0
DA:251,0
DA:255,0
DA:256,0
DA:257,0
DA:258,0
DA:260,0
DA:264,0
DA:265,0
DA:266,0
DA:267,0
DA:270,0
DA:275,0
DA:279,0
DA:280,0
DA:281,0
DA:282,0
DA:286,0
DA:291,0
DA:295,0
DA:296,0
DA:297,0
DA:298,0
DA:299,0
DA:300,0
DA:302,0
DA:303,0
DA:304,0
DA:306,0
DA:307,0
DA:308,0
DA:310,0
DA:312,0
DA:314,0
DA:318,0
DA:319,0
DA:320,0
DA:321,0
DA:323,0
DA:327,0
DA:328,0
DA:329,0
DA:330,0
DA:332,0
DA:338,0
DA:339,0
DA:340,0
DA:341,0
DA:359,0
DA:360,0
DA:361,0
DA:362,0
DA:363,0
DA:365,0
DA:369,0
DA:370,0
DA:371,0
DA:372,0
DA:376,0
DA:377,0
DA:378,0
DA:379,0
DA:380,0
DA:381,0
DA:383,0
DA:387,0
DA:388,0
DA:389,0
DA:390,0
DA:393,0
DA:400,0
DA:404,0
DA:405,0
DA:406,0
DA:407,0
DA:411,0
DA:418,0
DA:422,0
DA:423,0
DA:424,0
DA:425,0
DA:426,0
DA:427,0
DA:429,0
DA:430,0
DA:431,0
DA:433,0
DA:434,0
DA:435,0
DA:437,0
DA:438,0
DA:439,0
DA:441,0
DA:442,0
DA:443,0
DA:445,0
DA:446,0
DA:448,0
DA:450,0
DA:452,0
DA:456,0
DA:457,0
DA:458,0
DA:459,0
DA:460,0
DA:461,0
DA:463,0
DA:467,0
DA:468,0
DA:469,0
DA:470,0
DA:472,0
DA:478,0
DA:479,0
DA:480,0
DA:481,0
DA:493,0
DA:495,0
DA:499,0
DA:500,0
DA:501,0
DA:502,0
DA:506,0
DA:508,0
DA:512,0
DA:513,0
DA:514,0
DA:515,0
DA:517,0
DA:522,0
DA:523,0
DA:528,0
DA:529,0
DA:530,0
DA:531,0
DA:536,0
DA:539,0
LF:224
LH:0
BRDA:18,0,0,0
BRDA:18,0,1,0
BRDA:126,1,0,0
BRDA:126,1,1,0
BRDA:136,2,0,0
BRDA:136,2,1,0
BRDA:149,3,0,0
BRDA:149,3,1,0
BRDA:149,4,0,0
BRDA:149,4,1,0
BRDA:164,5,0,0
BRDA:164,5,1,0
BRDA:189,6,0,0
BRDA:189,6,1,0
BRDA:193,7,0,0
BRDA:193,7,1,0
BRDA:205,8,0,0
BRDA:205,8,1,0
BRDA:231,9,0,0
BRDA:231,9,1,0
BRDA:232,10,0,0
BRDA:232,10,1,0
BRDA:234,11,0,0
BRDA:234,11,1,0
BRDA:235,12,0,0
BRDA:235,12,1,0
BRDA:237,13,0,0
BRDA:237,13,1,0
BRDA:255,14,0,0
BRDA:255,14,1,0
BRDA:302,15,0,0
BRDA:302,15,1,0
BRDA:306,16,0,0
BRDA:306,16,1,0
BRDA:318,17,0,0
BRDA:318,17,1,0
BRDA:347,18,0,0
BRDA:347,18,1,0
BRDA:348,19,0,0
BRDA:348,19,1,0
BRDA:349,20,0,0
BRDA:349,20,1,0
BRDA:352,21,0,0
BRDA:352,21,1,0
BRDA:353,22,0,0
BRDA:353,22,1,0
BRDA:355,23,0,0
BRDA:355,23,1,0
BRDA:356,24,0,0
BRDA:356,24,1,0
BRDA:376,25,0,0
BRDA:376,25,1,0
BRDA:429,26,0,0
BRDA:429,26,1,0
BRDA:433,27,0,0
BRDA:433,27,1,0
BRDA:437,28,0,0
BRDA:437,28,1,0
BRDA:441,29,0,0
BRDA:441,29,1,0
BRDA:445,30,0,0
BRDA:445,30,1,0
BRDA:456,31,0,0
BRDA:456,31,1,0
BRDA:489,32,0,0
BRDA:489,32,1,0
BRDA:490,33,0,0
BRDA:490,33,1,0
BRF:68
BRH:0
end_of_record
TN:
SF:lib/database.js
FN:124,(anonymous_0)
FN:133,(anonymous_1)
FN:146,(anonymous_2)
FN:232,parseJSON
FN:240,serializeRow
FN:277,serializeEvaluation
FN:289,generateChecksum
FN:297,generateId
FN:309,(anonymous_8)
FN:332,(anonymous_9)
FN:333,(anonymous_10)
FN:335,(anonymous_11)
FN:336,(anonymous_12)
FN:338,(anonymous_13)
FN:360,(anonymous_14)
FN:363,(anonymous_15)
FN:394,(anonymous_16)
FN:395,(anonymous_17)
FN:397,(anonymous_18)
FN:398,(anonymous_19)
FN:400,(anonymous_20)
FN:418,(anonymous_21)
FN:421,(anonymous_22)
FN:437,(anonymous_23)
FN:439,(anonymous_24)
FN:441,(anonymous_25)
FN:443,(anonymous_26)
FN:446,(anonymous_27)
FN:461,(anonymous_28)
FN:463,(anonymous_29)
FN:464,(anonymous_30)
FN:466,(anonymous_31)
FN:469,(anonymous_32)
FN:482,(anonymous_33)
FN:483,(anonymous_34)
FN:485,(anonymous_35)
FN:486,(anonymous_36)
FN:488,(anonymous_37)
FN:502,(anonymous_38)
FN:504,(anonymous_39)
FN:505,(anonymous_40)
FN:508,(anonymous_41)
FNF:42
FNH:25
FNDA:75,(anonymous_0)
FNDA:65,(anonymous_1)
FNDA:70,(anonymous_2)
FNDA:739,parseJSON
FNDA:250,serializeRow
FNDA:0,serializeEvaluation
FNDA:5,generateChecksum
FNDA:9,generateId
FNDA:0,(anonymous_8)
FNDA:0,(anonymous_9)
FNDA:2,(anonymous_10)
FNDA:0,(anonymous_11)
FNDA:2,(anonymous_12)
FNDA:1,(anonymous_13)
FNDA:0,(anonymous_14)
FNDA:2,(anonymous_15)
FNDA:1,(anonymous_16)
FNDA:5,(anonymous_17)
FNDA:0,(anonymous_18)
FNDA:8,(anonymous_19)
FNDA:3,(anonymous_20)
FNDA:1,(anonymous_21)
FNDA:0,(anonymous_22)
FNDA:0,(anonymous_23)
FNDA:1,(anonymous_24)
FNDA:0,(anonymous_25)
FNDA:0,(anonymous_26)
FNDA:0,(anonymous_27)
FNDA:0,(anonymous_28)
FNDA:1,(anonymous_29)
FNDA:0,(anonymous_30)
FNDA:0,(anonymous_31)
FNDA:3,(anonymous_32)
FNDA:9,(anonymous_33)
FNDA:0,(anonymous_34)
FNDA:1,(anonymous_35)
FNDA:0,(anonymous_36)
FNDA:2,(anonymous_37)
FNDA:2,(anonymous_38)
FNDA:19,(anonymous_39)
FNDA:19,(anonymous_40)
FNDA:0,(anonymous_41)
DA:7,5
DA:8,0
DA:9,0
DA:12,5
DA:14,5
DA:15,5
DA:16,5
DA:17,5
DA:20,5
DA:21,5
DA:22,5
DA:25,5
DA:26,0
DA:30,5
DA:31,0
DA:32,0
DA:33,0
DA:34,0
DA:38,5
DA:39,5
DA:40,5
DA:43,5
DA:121,5
DA:123,5
DA:124,75
DA:126,5
DA:127,0
DA:128,0
DA:132,5
DA:133,65
DA:135,5
DA:136,0
DA:137,0
DA:141,5
DA:142,5
DA:145,5
DA:146,70
DA:148,5
DA:149,0
DA:150,0
DA:153,0
DA:157,5
DA:162,5
DA:163,5
DA:164,5
DA:169,5
DA:172,5
DA:177,5
DA:178,5
DA:179,5
DA:190,5
DA:193,5
DA:198,5
DA:199,5
DA:200,5
DA:201,5
DA:204,5
DA:209,5
DA:210,5
DA:211,5
DA:212,5
DA:215,5
DA:220,5
DA:221,5
DA:222,5
DA:227,5
DA:228,5
DA:229,5
DA:233,739
DA:234,739
DA:236,0
DA:241,250
DA:242,245
DA:243,245
DA:251,245
DA:252,243
DA:255,243
DA:256,243
DA:257,243
DA:258,243
DA:259,243
DA:264,245
DA:265,2
DA:266,2
DA:267,2
DA:268,2
DA:269,2
DA:270,2
DA:271,2
DA:274,245
DA:278,0
DA:279,0
DA:290,5
DA:291,5
DA:292,5
DA:293,5
DA:298,9
DA:302,5
DA:310,0
DA:311,0
DA:312,0
DA:329,0
DA:332,0
DA:333,2
DA:335,0
DA:336,2
DA:339,1
DA:340,1
DA:341,1
DA:343,0
DA:357,0
DA:360,0
DA:364,2
DA:365,2
DA:368,2
DA:376,2
DA:391,2
DA:394,1
DA:395,5
DA:397,0
DA:398,8
DA:401,3
DA:402,3
DA:403,3
DA:405,2
DA:415,2
DA:418,1
DA:422,0
DA:423,0
DA:424,0
DA:434,0
DA:437,0
DA:439,1
DA:441,0
DA:443,0
DA:447,0
DA:448,0
DA:449,0
DA:458,0
DA:461,0
DA:463,1
DA:464,0
DA:466,0
DA:470,3
DA:471,3
DA:472,3
DA:479,3
DA:482,9
DA:483,0
DA:485,1
DA:486,0
DA:489,2
DA:490,2
DA:491,2
DA:493,1
DA:499,1
DA:502,2
DA:504,19
DA:505,19
DA:508,0
LF:160
LH:116
BRDA:7,0,0,0
BRDA:7,0,1,5
BRDA:25,1,0,0
BRDA:25,1,1,5
BRDA:30,2,0,0
BRDA:30,2,1,5
BRDA:126,3,0,0
BRDA:126,3,1,5
BRDA:135,4,0,0
BRDA:135,4,1,5
BRDA:148,5,0,0
BRDA:148,5,1,5
BRDA:234,6,0,492
BRDA:234,6,1,247
BRDA:241,7,0,5
BRDA:241,7,1,245
BRDA:251,8,0,243
BRDA:251,8,1,2
BRDA:255,9,0,243
BRDA:255,9,1,0
BRDA:256,10,0,243
BRDA:256,10,1,16
BRDA:257,11,0,243
BRDA:257,11,1,16
BRDA:258,12,0,243
BRDA:258,12,1,16
BRDA:259,13,0,243
BRDA:259,13,1,243
BRDA:264,14,0,2
BRDA:264,14,1,243
BRDA:264,15,0,245
BRDA:264,15,1,2
BRDA:267,16,0,2
BRDA:267,16,1,0
BRDA:270,17,0,2
BRDA:270,17,1,0
BRDA:271,18,0,2
BRDA:271,18,1,0
BRDA:278,19,0,0
BRDA:278,19,1,0
BRDA:311,20,0,0
BRDA:311,20,1,0
BRDA:315,21,0,0
BRDA:315,21,1,0
BRDA:316,22,0,0
BRDA:316,22,1,0
BRDA:316,22,2,0
BRDA:317,23,0,0
BRDA:317,23,1,0
BRDA:317,23,2,0
BRDA:318,24,0,0
BRDA:318,24,1,0
BRDA:318,24,2,0
BRDA:319,25,0,0
BRDA:319,25,1,0
BRDA:319,25,2,0
BRDA:320,26,0,0
BRDA:320,26,1,0
BRDA:321,27,0,0
BRDA:321,27,1,0
BRDA:322,28,0,0
BRDA:322,28,1,0
BRDA:323,29,0,0
BRDA:323,29,1,0
BRDA:324,30,0,0
BRDA:324,30,1,0
BRDA:325,31,0,0
BRDA:325,31,1,0
BRDA:325,31,2,0
BRDA:326,32,0,0
BRDA:326,32,1,0
BRDA:326,32,2,0
BRDA:341,33,0,1
BRDA:341,33,1,0
BRDA:344,34,0,0
BRDA:344,34,1,0
BRDA:345,35,0,0
BRDA:345,35,1,0
BRDA:346,36,0,0
BRDA:346,36,1,0
BRDA:346,36,2,0
BRDA:347,37,0,0
BRDA:347,37,1,0
BRDA:347,37,2,0
BRDA:348,38,0,0
BRDA:348,38,1,0
BRDA:348,39,0,0
BRDA:348,39,1,0
BRDA:349,40,0,0
BRDA:349,40,1,0
BRDA:349,41,0,0
BRDA:349,41,1,0
BRDA:350,42,0,0
BRDA:350,42,1,0
BRDA:351,43,0,0
BRDA:351,43,1,0
BRDA:352,44,0,0
BRDA:352,44,1,0
BRDA:353,45,0,0
BRDA:353,45,1,0
BRDA:365,46,0,2
BRDA:365,46,1,0
BRDA:369,47,0,2
BRDA:369,47,1,0
BRDA:379,48,0,2
BRDA:379,48,1,2
BRDA:380,49,0,2
BRDA:380,49,1,2
BRDA:380,49,2,2
BRDA:381,50,0,2
BRDA:381,50,1,0
BRDA:381,50,2,0
BRDA:382,51,0,2
BRDA:382,51,1,0
BRDA:384,52,0,2
BRDA:384,52,1,0
BRDA:385,53,0,2
BRDA:385,53,1,0
BRDA:386,54,0,2
BRDA:386,54,1,2
BRDA:386,54,2,0
BRDA:387,55,0,2
BRDA:387,55,1,0
BRDA:387,55,2,0
BRDA:388,56,0,2
BRDA:388,56,1,2
BRDA:388,56,2,2
BRDA:403,57,0,1
BRDA:403,57,1,2
BRDA:406,58,0,2
BRDA:406,58,1,1
BRDA:407,59,0,0
BRDA:407,59,1,2
BRDA:408,60,0,2
BRDA:408,60,1,0
BRDA:409,61,0,0
BRDA:409,61,1,2
BRDA:410,62,0,1
BRDA:410,62,1,1
BRDA:411,63,0,2
BRDA:411,63,1,2
BRDA:411,63,2,2
BRDA:423,64,0,0
BRDA:423,64,1,0
BRDA:426,65,0,0
BRDA:426,65,1,0
BRDA:428,66,0,0
BRDA:428,66,1,0
BRDA:429,67,0,0
BRDA:429,67,1,0
BRDA:430,68,0,0
BRDA:430,68,1,0
BRDA:431,69,0,0
BRDA:431,69,1,0
BRDA:432,70,0,0
BRDA:432,70,1,0
BRDA:432,70,2,0
BRDA:448,71,0,0
BRDA:448,71,1,0
BRDA:451,72,0,0
BRDA:451,72,1,0
BRDA:452,73,0,0
BRDA:452,73,1,0
BRDA:453,74,0,0
BRDA:453,74,1,0
BRDA:454,75,0,0
BRDA:454,75,1,0
BRDA:454,76,0,0
BRDA:454,76,1,0
BRDA:454,77,0,0
BRDA:454,77,1,0
BRDA:455,78,0,0
BRDA:455,78,1,0
BRDA:456,79,0,0
BRDA:456,79,1,0
BRDA:456,79,2,0
BRDA:471,80,0,3
BRDA:471,80,1,3
BRDA:475,81,0,3
BRDA:475,81,1,0
BRDA:476,82,0,3
BRDA:476,82,1,3
BRDA:476,82,2,3
BRDA:491,83,0,1
BRDA:491,83,1,1
BRDA:494,84,0,1
BRDA:494,84,1,0
BRDA:495,85,0,1
BRDA:495,85,1,0
BRF:189
BRH:68
end_of_record
TN:
SF:lib/evalHarness.js
FN:10,(anonymous_0)
FN:16,(anonymous_1)
FN:24,(anonymous_2)
FN:27,(anonymous_3)
FN:28,(anonymous_4)
FN:29,(anonymous_5)
FN:30,(anonymous_6)
FN:43,(anonymous_7)
FN:46,(anonymous_8)
FN:48,(anonymous_9)
FN:53,(anonymous_10)
FN:64,(anonymous_11)
FN:80,(anonymous_12)
FN:84,(anonymous_13)
FN:90,(anonymous_14)
FN:93,(anonymous_15)
FN:94,(anonymous_16)
FN:96,(anonymous_17)
FN:98,(anonymous_18)
FN:99,(anonymous_19)
FN:103,(anonymous_20)
FN:104,(anonymous_21)
FN:123,(anonymous_22)
FN:126,(anonymous_23)
FN:139,(anonymous_24)
FN:148,(anonymous_25)
FN:154,(anonymous_26)
FN:157,(anonymous_27)
FN:162,(anonymous_28)
FN:173,(anonymous_29)
FN:194,(anonymous_30)
FN:200,(anonymous_31)
FN:203,(anonymous_32)
FN:205,(anonymous_33)
FN:216,(anonymous_34)
FN:235,(anonymous_35)
FN:240,(anonymous_36)
FN:242,(anonymous_37)
FN:254,(anonymous_38)
FN:266,(anonymous_39)
FN:274,(anonymous_40)
FN:278,(anonymous_41)
FN:285,(anonymous_42)
FN:286,(anonymous_43)
FN:288,(anonymous_44)
FN:296,(anonymous_45)
FN:323,(anonymous_46)
FN:324,(anonymous_47)
FN:325,(anonymous_48)
FN:349,(anonymous_49)
FN:350,(anonymous_50)
FN:350,(anonymous_51)
FN:362,(anonymous_52)
FN:363,(anonymous_53)
FN:363,(anonymous_54)
FN:383,(anonymous_55)
FNF:56
FNH:0
FNDA:0,(anonymous_0)
FNDA:0,(anonymous_1)
FNDA:0,(anonymous_2)
FNDA:0,(anonymous_3)
FNDA:0,(anonymous_4)
FNDA:0,(anonymous_5)
FNDA:0,(anonymous_6)
FNDA:0,(anonymous_7)
FNDA:0,(anonymous_8)
FNDA:0,(anonymous_9)
FNDA:0,(anonymous_10)
FNDA:0,(anonymous_11)
FNDA:0,(anonymous_12)
FNDA:0,(anonymous_13)
FNDA:0,(anonymous_14)
FNDA:0,(anonymous_15)
FNDA:0,(anonymous_16)
FNDA:0,(anonymous_17)
FNDA:0,(anonymous_18)
FNDA:0,(anonymous_19)
FNDA:0,(anonymous_20)
FNDA:0,(anonymous_21)
FNDA:0,(anonymous_22)
FNDA:0,(anonymous_23)
FNDA:0,(anonymous_24)
FNDA:0,(anonymous_25)
FNDA:0,(anonymous_26)
FNDA:0,(anonymous_27)
FNDA:0,(anonymous_28)
FNDA:0,(anonymous_29)
FNDA:0,(anonymous_30)
FNDA:0,(anonymous_31)
FNDA:0,(anonymous_32)
FNDA:0,(anonymous_33)
FNDA:0,(anonymous_34)
FNDA:0,(anonymous_35)
FNDA:0,(anonymous_36)
FNDA:0,(anonymous_37)
FNDA:0,(anonymous_38)
FNDA:0,(anonymous_39)
FNDA:0,(anonymous_40)
FNDA:0,(anonymous_41)
FNDA:0,(anonymous_42)
FNDA:0,(anonymous_43)
FNDA:0,(anonymous_44)
FNDA:0,(anonymous_45)
FNDA:0,(anonymous_46)
FNDA:0,(anonymous_47)
FNDA:0,(anonymous_48)
FNDA:0,(anonymous_49)
FNDA:0,(anonymous_50)
FNDA:0,(anonymous_51)
FNDA:0,(anonymous_52)
FNDA:0,(anonymous_53)
FNDA:0,(anonymous_54)
FNDA:0,(anonymous_55)
DA:6,4
DA:7,4
DA:10,4
DA:11,0
DA:12,0
DA:15,0
DA:16,0
DA:17,0
DA:20,0
DA:24,4
DA:25,0
DA:27,0
DA:28,0
DA:29,0
DA:30,0
DA:32,0
DA:33,0
DA:34,0
DA:36,0
DA:39,0
DA:43,4
DA:44,0
DA:46,0
DA:47,0
DA:48,0
DA:49,0
DA:53,0
DA:54,0
DA:55,0
DA:56,0
DA:60,0
DA:64,4
DA:65,0
DA:66,0
DA:68,0
DA:70,0
DA:71,0
DA:72,0
DA:73,0
DA:77,0
DA:80,0
DA:82,0
DA:83,0
DA:84,0
DA:86,0
DA:90,4
DA:91,0
DA:93,0
DA:94,0
DA:96,0
DA:97,0
DA:98,0
DA:99,0
DA:101,0
DA:103,0
DA:104,0
DA:106,0
DA:108,0
DA:109,0
DA:119,0
DA:123,4
DA:124,0
DA:126,0
DA:127,0
DA:128,0
DA:139,0
DA:140,0
DA:141,0
DA:144,0
DA:148,4
DA:149,0
DA:150,0
DA:154,0
DA:157,0
DA:159,0
DA:160,0
DA:161,0
DA:162,0
DA:163,0
DA:165,0
DA:166,0
DA:169,0
DA:170,0
DA:171,0
DA:173,0
DA:174,0
DA:175,0
DA:177,0
DA:180,0
DA:181,0
DA:184,0
DA:186,0
DA:187,0
DA:190,0
DA:194,4
DA:195,0
DA:196,0
DA:200,0
DA:203,0
DA:205,0
DA:207,0
DA:208,0
DA:211,0
DA:212,0
DA:213,0
DA:214,0
DA:216,0
DA:217,0
DA:218,0
DA:220,0
DA:223,0
DA:224,0
DA:227,0
DA:228,0
DA:231,0
DA:235,4
DA:236,0
DA:237,0
DA:240,0
DA:242,0
DA:243,0
DA:244,0
DA:245,0
DA:246,0
DA:247,0
DA:251,0
DA:252,0
DA:254,0
DA:255,0
DA:256,0
DA:257,0
DA:258,0
DA:262,0
DA:266,4
DA:267,0
DA:268,0
DA:271,0
DA:274,0
DA:275,0
DA:278,0
DA:279,0
DA:282,0
DA:285,0
DA:286,0
DA:287,0
DA:288,0
DA:289,0
DA:290,0
DA:292,0
DA:296,4
DA:304,0
DA:306,0
DA:307,0
DA:315,0
DA:316,0
DA:317,0
DA:318,0
DA:319,0
DA:322,0
DA:323,0
DA:324,0
DA:325,0
DA:328,0
DA:336,0
DA:337,0
DA:338,0
DA:339,0
DA:341,0
DA:342,0
DA:343,0
DA:347,0
DA:349,0
DA:350,0
DA:355,0
DA:356,0
DA:357,0
DA:360,0
DA:362,0
DA:363,0
DA:370,0
DA:371,0
DA:375,0
DA:376,0
DA:379,0
DA:383,4
DA:384,0
DA:385,0
DA:389,0
DA:390,0
DA:399,0
DA:400,0
DA:401,0
DA:408,0
DA:409,0
DA:410,0
DA:417,0
DA:424,4
LF:197
LH:15
BRDA:11,0,0,0
BRDA:11,0,1,0
BRDA:17,1,0,0
BRDA:17,1,1,0
BRDA:28,2,0,0
BRDA:28,2,1,0
BRDA:29,3,0,0
BRDA:29,3,1,0
BRDA:30,4,0,0
BRDA:30,4,1,0
BRDA:32,5,0,0
BRDA:32,5,1,0
BRDA:33,6,0,0
BRDA:33,6,1,0
BRDA:34,7,0,0
BRDA:34,7,1,0
BRDA:55,8,0,0
BRDA:55,8,1,0
BRDA:55,9,0,0
BRDA:55,9,1,0
BRDA:64,10,0,0
BRDA:64,11,0,0
BRDA:98,12,0,0
BRDA:98,12,1,0
BRDA:101,13,0,0
BRDA:101,13,1,0
BRDA:123,14,0,0
BRDA:127,15,0,0
BRDA:127,15,1,0
BRDA:133,16,0,0
BRDA:133,16,1,0
BRDA:140,17,0,0
BRDA:140,17,1,0
BRDA:140,18,0,0
BRDA:140,18,1,0
BRDA:149,19,0,0
BRDA:149,19,1,0
BRDA:149,20,0,0
BRDA:149,20,1,0
BRDA:156,21,0,0
BRDA:156,21,1,0
BRDA:165,22,0,0
BRDA:165,22,1,0
BRDA:165,23,0,0
BRDA:165,23,1,0
BRDA:174,24,0,0
BRDA:174,24,1,0
BRDA:195,25,0,0
BRDA:195,25,1,0
BRDA:195,26,0,0
BRDA:195,26,1,0
BRDA:202,27,0,0
BRDA:202,27,1,0
BRDA:207,28,0,0
BRDA:207,28,1,0
BRDA:217,29,0,0
BRDA:217,29,1,0
BRDA:235,30,0,0
BRDA:236,31,0,0
BRDA:236,31,1,0
BRDA:236,32,0,0
BRDA:236,32,1,0
BRDA:246,33,0,0
BRDA:246,33,1,0
BRDA:255,34,0,0
BRDA:255,34,1,0
BRDA:267,35,0,0
BRDA:267,35,1,0
BRDA:296,36,0,0
BRDA:298,37,0,0
BRDA:299,38,0,0
BRDA:300,39,0,0
BRDA:301,40,0,0
BRDA:302,41,0,0
BRDA:303,42,0,0
BRDA:315,43,0,0
BRDA:315,43,1,0
BRDA:317,44,0,0
BRDA:317,44,1,0
BRDA:336,45,0,0
BRDA:336,45,1,0
BRDA:336,46,0,0
BRDA:336,46,1,0
BRDA:349,47,0,0
BRDA:349,47,1,0
BRDA:355,48,0,0
BRDA:355,48,1,0
BRDA:370,49,0,0
BRDA:370,49,1,0
BRDA:375,50,0,0
BRDA:375,50,1,0
BRDA:375,51,0,0
BRDA:375,51,1,0
BRDA:384,52,0,0
BRDA:384,52,1,0
BRDA:399,53,0,0
BRDA:399,53,1,0
BRDA:408,54,0,0
BRDA:408,54,1,0
BRDA:419,55,0,0
BRDA:419,55,1,0
BRDA:420,56,0,0
BRDA:420,56,1,0
BRF:103
BRH:0
end_of_record
TN:
SF:lib/latencyProfiler.js
FN:7,(anonymous_0)
FN:15,(anonymous_1)
FN:21,(anonymous_2)
FN:48,(anonymous_3)
FN:54,(anonymous_4)
FN:59,(anonymous_5)
FN:97,(anonymous_6)
FN:134,(anonymous_7)
FN:138,(anonymous_8)
FN:174,(anonymous_9)
FN:185,(anonymous_10)
FN:199,(anonymous_11)
FNF:12
FNH:0
FNDA:0,(anonymous_0)
FNDA:0,(anonymous_1)
FNDA:0,(anonymous_2)
FNDA:0,(anonymous_3)
FNDA:0,(anonymous_4)
FNDA:0,(anonymous_5)
FNDA:0,(anonymous_6)
FNDA:0,(anonymous_7)
FNDA:0,(anonymous_8)
FNDA:0,(anonymous_9)
FNDA:0,(anonymous_10)
FNDA:0,(anonymous_11)
DA:7,0
DA:8,0
DA:9,0
DA:10,0
DA:11,0
DA:15,0
DA:16,0
DA:17,0
DA:21,0
DA:26,0
DA:28,0
DA:31,0
DA:32,0
DA:33,0
DA:34,0
DA:38,0
DA:39,0
DA:41,0
DA:42,0
DA:43,0
DA:44,0
DA:48,0
DA:51,0
DA:52,0
DA:53,0
DA:54,0
DA:55,0
DA:56,0
DA:59,0
DA:60,0
DA:61,0
DA:63,0
DA:87,0
DA:88,0
DA:89,0
DA:90,0
DA:91,0
DA:93,0
DA:97,0
DA:102,0
DA:104,0
DA:107,0
DA:108,0
DA:109,0
DA:110,0
DA:114,0
DA:115,0
DA:117,0
DA:118,0
DA:119,0
DA:121,0
DA:122,0
DA:123,0
DA:125,0
DA:126,0
DA:129,0
DA:130,0
DA:134,0
DA:135,0
DA:136,0
DA:137,0
DA:138,0
DA:139,0
DA:140,0
DA:142,0
DA:165,0
DA:166,0
DA:167,0
DA:168,0
DA:170,0
DA:174,0
DA:176,0
DA:177,0
DA:178,0
DA:179,0
DA:181,0
DA:182,0
DA:183,0
DA:184,0
DA:185,0
DA:187,0
DA:197,0
DA:198,0
DA:199,0
DA:200,0
DA:206,0
DA:212,0
LF:87
LH:0
BRDA:21,0,0,0
BRDA:23,1,0,0
BRDA:24,2,0,0
BRDA:25,3,0,0
BRDA:97,4,0,0
BRDA:99,5,0,0
BRDA:100,6,0,0
BRDA:101,7,0,0
BRDA:121,8,0,0
BRDA:121,8,1,0
BRDA:185,9,0,0
BRDA:185,9,1,0
BRF:12
BRH:0
end_of_record
TN:
SF:lib/reproPack.js
FN:16,generateReproPack
FN:43,(anonymous_1)
FN:80,buildReproduceCommand
FN:112,buildInstallCommand
FN:130,generateReproduceMd
FN:214,(anonymous_5)
FN:236,exportReproPackZip
FN:239,(anonymous_7)
FN:245,(anonymous_8)
FN:249,(anonymous_9)
FNF:10
FNH:3
FNDA:1,generateReproPack
FNDA:0,(anonymous_1)
FNDA:1,buildReproduceCommand
FNDA:1,buildInstallCommand
FNDA:0,generateReproduceMd
FNDA:0,(anonymous_5)
FNDA:0,exportReproPackZip
FNDA:0,(anonymous_7)
FNDA:0,(anonymous_8)
FNDA:0,(anonymous_9)
DA:6,1
DA:7,1
DA:8,1
DA:9,1
DA:17,1
DA:18,1
DA:19,0
DA:22,1
DA:23,1
DA:26,1
DA:34,1
DA:37,1
DA:40,1
DA:43,1
DA:45,1
DA:81,1
DA:84,1
DA:87,1
DA:88,0
DA:92,1
DA:93,1
DA:94,2
DA:99,1
DA:100,1
DA:104,1
DA:106,1
DA:114,1
DA:120,1
DA:121,0
DA:124,1
DA:131,0
DA:133,0
DA:214,0
DA:227,0
DA:237,0
DA:239,0
DA:240,0
DA:241,0
DA:245,0
DA:246,0
DA:249,0
DA:250,0
DA:253,0
DA:256,0
DA:257,0
DA:260,0
DA:263,0
DA:264,0
DA:268,0
DA:278,0
DA:282,1
LF:51
LH:28
BRDA:18,0,0,0
BRDA:18,0,1,1
BRDA:22,1,0,0
BRDA:22,1,1,1
BRDA:40,2,0,0
BRDA:40,2,1,1
BRDA:59,3,0,0
BRDA:59,3,1,1
BRDA:87,4,0,0
BRDA:87,4,1,1
BRDA:92,5,0,1
BRDA:92,5,1,0
BRDA:99,6,0,1
BRDA:99,6,1,0
BRDA:99,7,0,1
BRDA:99,7,1,1
BRDA:120,8,0,0
BRDA:120,8,1,1
BRDA:120,9,0,1
BRDA:120,9,1,1
BRDA:142,10,0,0
BRDA:142,10,1,0
BRDA:143,11,0,0
BRDA:143,11,1,0
BRDA:144,12,0,0
BRDA:144,12,1,0
BRDA:154,13,0,0
BRDA:154,13,1,0
BRDA:167,14,0,0
BRDA:167,14,1,0
BRDA:173,15,0,0
BRDA:173,15,1,0
BRDA:196,16,0,0
BRDA:196,16,1,0
BRDA:197,17,0,0
BRDA:197,17,1,0
BRDA:214,18,0,0
BRDA:214,18,1,0
BRDA:263,19,0,0
BRDA:263,19,1,0
BRF:40
BRH:12
end_of_record
TN:
SF:lib/schemaDetector.js
FN:9,(anonymous_0)
FN:49,(anonymous_1)
FN:50,(anonymous_2)
FN:53,(anonymous_3)
FN:57,(anonymous_4)
FN:70,(anonymous_5)
FN:80,(anonymous_6)
FN:90,(anonymous_7)
FN:91,(anonymous_8)
FN:94,(anonymous_9)
FN:95,(anonymous_10)
FN:95,(anonymous_11)
FN:101,(anonymous_12)
FN:105,(anonymous_13)
FN:128,(anonymous_14)
FN:143,(anonymous_15)
FN:144,(anonymous_16)
FN:146,(anonymous_17)
FN:153,(anonymous_18)
FN:160,(anonymous_19)
FN:161,(anonymous_20)
FN:186,(anonymous_21)
FNF:22
FNH:0
FNDA:0,(anonymous_0)
FNDA:0,(anonymous_1)
FNDA:0,(anonymous_2)
FNDA:0,(anonymous_3)
FNDA:0,(anonymous_4)
FNDA:0,(anonymous_5)
FNDA:0,(anonymous_6)
FNDA:0,(anonymous_7)
FNDA:0,(anonymous_8)
FNDA:0,(anonymous_9)
FNDA:0,(anonymous_10)
FNDA:0,(anonymous_11)
FNDA:0,(anonymous_12)
FNDA:0,(anonymous_13)
FNDA:0,(anonymous_14)
FNDA:0,(anonymous_15)
FNDA:0,(anonymous_16)
FNDA:0,(anonymous_17)
FNDA:0,(anonymous_18)
FNDA:0,(anonymous_19)
FNDA:0,(anonymous_20)
FNDA:0,(anonymous_21)
DA:5,4
DA:6,4
DA:9,4
DA:10,0
DA:11,0
DA:14,0
DA:15,0
DA:18,0
DA:19,0
DA:22,0
DA:24,0
DA:25,0
DA:26,0
DA:30,0
DA:31,0
DA:34,0
DA:37,0
DA:38,0
DA:41,0
DA:42,0
DA:45,0
DA:49,4
DA:50,0
DA:51,0
DA:53,0
DA:54,0
DA:56,0
DA:57,0
DA:58,0
DA:60,0
DA:61,0
DA:64,0
DA:65,0
DA:66,0
DA:69,0
DA:70,0
DA:71,0
DA:73,0
DA:76,0
DA:80,4
DA:81,0
DA:82,0
DA:85,0
DA:86,0
DA:89,0
DA:90,0
DA:91,0
DA:94,0
DA:95,0
DA:96,0
DA:97,0
DA:100,0
DA:101,0
DA:102,0
DA:105,0
DA:106,0
DA:110,0
DA:111,0
DA:113,0
DA:124,0
DA:128,4
DA:129,0
DA:130,0
DA:132,0
DA:133,0
DA:134,0
DA:137,0
DA:138,0
DA:142,0
DA:143,0
DA:144,0
DA:146,0
DA:147,0
DA:148,0
DA:153,0
DA:154,0
DA:155,0
DA:160,0
DA:161,0
DA:162,0
DA:164,0
DA:170,0
DA:171,0
DA:178,0
DA:186,4
DA:187,0
DA:188,0
DA:191,0
DA:192,0
DA:193,0
DA:194,0
DA:196,0
DA:199,0
DA:206,4
LF:94
LH:8
BRDA:10,0,0,0
BRDA:10,0,1,0
BRDA:10,1,0,0
BRDA:10,1,1,0
BRDA:10,1,2,0
BRDA:14,2,0,0
BRDA:14,2,1,0
BRDA:18,3,0,0
BRDA:18,3,1,0
BRDA:19,4,0,0
BRDA:19,4,1,0
BRDA:22,5,0,0
BRDA:22,5,1,0
BRDA:25,6,0,0
BRDA:25,6,1,0
BRDA:30,7,0,0
BRDA:30,7,1,0
BRDA:30,8,0,0
BRDA:30,8,1,0
BRDA:31,9,0,0
BRDA:31,9,1,0
BRDA:37,10,0,0
BRDA:37,10,1,0
BRDA:41,11,0,0
BRDA:41,11,1,0
BRDA:51,12,0,0
BRDA:51,12,1,0
BRDA:60,13,0,0
BRDA:60,13,1,0
BRDA:60,14,0,0
BRDA:60,14,1,0
BRDA:64,15,0,0
BRDA:64,15,1,0
BRDA:65,16,0,0
BRDA:65,16,1,0
BRDA:71,17,0,0
BRDA:71,17,1,0
BRDA:81,18,0,0
BRDA:81,18,1,0
BRDA:81,19,0,0
BRDA:81,19,1,0
BRDA:95,20,0,0
BRDA:95,20,1,0
BRDA:102,21,0,0
BRDA:102,21,1,0
BRDA:106,22,0,0
BRDA:106,22,1,0
BRDA:132,23,0,0
BRDA:132,23,1,0
BRDA:137,24,0,0
BRDA:137,24,1,0
BRDA:147,25,0,0
BRDA:147,25,1,0
BRDA:154,26,0,0
BRDA:154,26,1,0
BRDA:162,27,0,0
BRDA:162,27,1,0
BRDA:162,28,0,0
BRDA:162,28,1,0
BRDA:170,29,0,0
BRDA:170,29,1,0
BRDA:191,30,0,0
BRDA:191,30,1,0
BRDA:193,31,0,0
BRDA:193,31,1,0
BRF:65
BRH:0
end_of_record
TN:
SF:lib/storage-adapter.js
FN:14,(anonymous_0)
FN:18,(anonymous_1)
FN:22,(anonymous_2)
FN:26,(anonymous_3)
FN:30,(anonymous_4)
FN:34,(anonymous_5)
FN:44,(anonymous_6)
FN:50,(anonymous_7)
FN:58,(anonymous_8)
FN:62,(anonymous_9)
FN:76,(anonymous_10)
FN:81,(anonymous_11)
FN:90,(anonymous_12)
FN:100,(anonymous_13)
FN:105,(anonymous_14)
FN:106,(anonymous_15)
FN:112,(anonymous_16)
FN:122,(anonymous_17)
FN:128,(anonymous_18)
FN:130,(anonymous_19)
FN:135,(anonymous_20)
FN:151,(anonymous_21)
FN:170,(anonymous_22)
FN:178,(anonymous_23)
FN:190,(anonymous_24)
FN:198,(anonymous_25)
FN:201,(anonymous_26)
FN:217,(anonymous_27)
FN:225,(anonymous_28)
FN:227,(anonymous_29)
FN:243,(anonymous_30)
FN:263,(anonymous_31)
FN:281,(anonymous_32)
FN:292,(anonymous_33)
FN:309,(anonymous_34)
FN:318,(anonymous_35)
FN:321,(anonymous_36)
FN:330,getStorageAdapter
FNF:38
FNH:0
FNDA:0,(anonymous_0)
FNDA:0,(anonymous_1)
FNDA:0,(anonymous_2)
FNDA:0,(anonymous_3)
FNDA:0,(anonymous_4)
FNDA:0,(anonymous_5)
FNDA:0,(anonymous_6)
FNDA:0,(anonymous_7)
FNDA:0,(anonymous_8)
FNDA:0,(anonymous_9)
FNDA:0,(anonymous_10)
FNDA:0,(anonymous_11)
FNDA:0,(anonymous_12)
FNDA:0,(anonymous_13)
FNDA:0,(anonymous_14)
FNDA:0,(anonymous_15)
FNDA:0,(anonymous_16)
FNDA:0,(anonymous_17)
FNDA:0,(anonymous_18)
FNDA:0,(anonymous_19)
FNDA:0,(anonymous_20)
FNDA:0,(anonymous_21)
FNDA:0,(anonymous_22)
FNDA:0,(anonymous_23)
FNDA:0,(anonymous_24)
FNDA:0,(anonymous_25)
FNDA:0,(anonymous_26)
FNDA:0,(anonymous_27)
FNDA:0,(anonymous_28)
FNDA:0,(anonymous_29)
FNDA:0,(anonymous_30)
FNDA:0,(anonymous_31)
FNDA:0,(anonymous_32)
FNDA:0,(anonymous_33)
FNDA:0,(anonymous_34)
FNDA:0,(anonymous_35)
FNDA:0,(anonymous_36)
FNDA:0,getStorageAdapter
DA:6,0
DA:7,0
DA:15,0
DA:19,0
DA:23,0
DA:27,0
DA:31,0
DA:35,0
DA:45,0
DA:46,0
DA:47,0
DA:51,0
DA:52,0
DA:54,0
DA:59,0
DA:63,0
DA:64,0
DA:66,0
DA:67,0
DA:69,0
DA:77,0
DA:78,0
DA:82,0
DA:83,0
DA:84,0
DA:86,0
DA:91,0
DA:92,0
DA:93,0
DA:94,0
DA:96,0
DA:101,0
DA:102,0
DA:103,0
DA:104,0
DA:105,0
DA:106,0
DA:108,0
DA:113,0
DA:123,0
DA:125,0
DA:129,0
DA:130,0
DA:132,0
DA:136,0
DA:138,0
DA:144,0
DA:152,0
DA:154,0
DA:158,0
DA:159,0
DA:162,0
DA:163,0
DA:164,0
DA:167,0
DA:171,0
DA:173,0
DA:179,0
DA:180,0
DA:181,0
DA:184,0
DA:186,0
DA:191,0
DA:193,0
DA:198,0
DA:202,0
DA:204,0
DA:208,0
DA:218,0
DA:220,0
DA:221,0
DA:222,0
DA:226,0
DA:227,0
DA:228,0
DA:230,0
DA:240,0
DA:244,0
DA:246,0
DA:254,0
DA:256,0
DA:264,0
DA:266,0
DA:271,0
DA:274,0
DA:275,0
DA:276,0
DA:278,0
DA:282,0
DA:284,0
DA:289,0
DA:293,0
DA:294,0
DA:296,0
DA:301,0
DA:302,0
DA:304,0
DA:305,0
DA:310,0
DA:312,0
DA:317,0
DA:318,0
DA:322,0
DA:331,0
DA:333,0
DA:336,0
DA:337,0
DA:339,0
DA:340,0
DA:344,0
DA:345,0
DA:347,0
DA:348,0
DA:353,0
DA:354,0
DA:355,0
DA:360,0
LF:117
LH:0
BRDA:14,0,0,0
BRDA:44,1,0,0
BRDA:54,2,0,0
BRDA:54,2,1,0
BRDA:62,3,0,0
BRDA:86,4,0,0
BRDA:86,4,1,0
BRDA:129,5,0,0
BRDA:129,5,1,0
BRDA:135,6,0,0
BRDA:158,7,0,0
BRDA:158,7,1,0
BRDA:163,8,0,0
BRDA:163,8,1,0
BRDA:222,9,0,0
BRDA:222,9,1,0
BRDA:226,10,0,0
BRDA:226,10,1,0
BRDA:243,11,0,0
BRDA:250,12,0,0
BRDA:250,12,1,0
BRDA:304,13,0,0
BRDA:304,13,1,0
BRDA:318,14,0,0
BRDA:318,14,1,0
BRDA:331,15,0,0
BRDA:331,15,1,0
BRDA:333,16,0,0
BRDA:333,16,1,0
BRDA:333,16,2,0
BRDA:333,16,3,0
BRDA:333,16,4,0
BRDA:333,16,5,0
BRDA:333,16,6,0
BRDA:336,17,0,0
BRDA:336,17,1,0
BRDA:344,18,0,0
BRDA:344,18,1,0
BRDA:353,19,0,0
BRDA:353,19,1,0
BRF:40
BRH:0
end_of_record
TN:
SF:lib/storage.js
FN:14,(anonymous_0)
FN:35,(anonymous_1)
FN:42,(anonymous_2)
FN:48,(anonymous_3)
FN:56,(anonymous_4)
FN:61,(anonymous_5)
FN:74,(anonymous_6)
FN:79,(anonymous_7)
FN:81,(anonymous_8)
FN:84,(anonymous_9)
FN:86,(anonymous_10)
FN:99,(anonymous_11)
FN:101,(anonymous_12)
FN:111,(anonymous_13)
FN:124,(anonymous_14)
FN:129,(anonymous_15)
FN:131,(anonymous_16)
FN:134,(anonymous_17)
FN:136,(anonymous_18)
FN:149,(anonymous_19)
FN:151,(anonymous_20)
FN:161,(anonymous_21)
FN:173,(anonymous_22)
FN:178,(anonymous_23)
FN:180,(anonymous_24)
FNF:25
FNH:0
FNDA:0,(anonymous_0)
FNDA:0,(anonymous_1)
FNDA:0,(anonymous_2)
FNDA:0,(anonymous_3)
FNDA:0,(anonymous_4)
FNDA:0,(anonymous_5)
FNDA:0,(anonymous_6)
FNDA:0,(anonymous_7)
FNDA:0,(anonymous_8)
FNDA:0,(anonymous_9)
FNDA:0,(anonymous_10)
FNDA:0,(anonymous_11)
FNDA:0,(anonymous_12)
FNDA:0,(anonymous_13)
FNDA:0,(anonymous_14)
FNDA:0,(anonymous_15)
FNDA:0,(anonymous_16)
FNDA:0,(anonymous_17)
FNDA:0,(anonymous_18)
FNDA:0,(anonymous_19)
FNDA:0,(anonymous_20)
FNDA:0,(anonymous_21)
FNDA:0,(anonymous_22)
FNDA:0,(anonymous_23)
FNDA:0,(anonymous_24)
DA:6,0
DA:7,0
DA:8,0
DA:10,0
DA:11,0
DA:14,0
DA:15,0
DA:16,0
DA:17,0
DA:18,0
DA:19,0
DA:22,0
DA:23,0
DA:30,0
DA:35,0
DA:36,0
DA:37,0
DA:38,0
DA:42,0
DA:43,0
DA:44,0
DA:48,0
DA:49,0
DA:50,0
DA:51,0
DA:52,0
DA:56,0
DA:57,0
DA:61,0
DA:62,0
DA:63,0
DA:69,0
DA:70,0
DA:71,0
DA:74,0
DA:75,0
DA:76,0
DA:79,0
DA:80,0
DA:81,0
DA:84,0
DA:85,0
DA:86,0
DA:87,0
DA:88,0
DA:93,0
DA:94,0
DA:96,0
DA:99,0
DA:100,0
DA:101,0
DA:102,0
DA:103,0
DA:104,0
DA:105,0
DA:107,0
DA:111,0
DA:112,0
DA:113,0
DA:119,0
DA:120,0
DA:121,0
DA:124,0
DA:125,0
DA:126,0
DA:129,0
DA:130,0
DA:131,0
DA:134,0
DA:135,0
DA:136,0
DA:137,0
DA:138,0
DA:143,0
DA:144,0
DA:146,0
DA:149,0
DA:150,0
DA:151,0
DA:152,0
DA:153,0
DA:154,0
DA:155,0
DA:157,0
DA:161,0
DA:162,0
DA:163,0
DA:168,0
DA:169,0
DA:170,0
DA:173,0
DA:174,0
DA:175,0
DA:178,0
DA:179,0
DA:180,0
DA:183,0
LF:97
LH:0
BRDA:15,0,0,0
BRDA:15,0,1,0
BRDA:22,1,0,0
BRDA:22,1,1,0
BRDA:87,2,0,0
BRDA:87,2,1,0
BRDA:102,3,0,0
BRDA:102,3,1,0
BRDA:137,4,0,0
BRDA:137,4,1,0
BRDA:152,5,0,0
BRDA:152,5,1,0
BRF:12
BRH:0
end_of_record
TN:
SF:lib/validation.js
FN:101,(anonymous_0)
FN:102,(anonymous_1)
FN:109,(anonymous_2)
FN:128,(anonymous_3)
FN:129,(anonymous_4)
FNF:5
FNH:5
FNDA:36,(anonymous_0)
FNDA:14,(anonymous_1)
FNDA:3,(anonymous_2)
FNDA:91,(anonymous_3)
FNDA:36,(anonymous_4)
DA:6,5
DA:9,5
DA:26,5
DA:75,5
DA:88,5
DA:101,5
DA:102,36
DA:103,14
DA:108,14
DA:109,3
DA:114,3
DA:122,11
DA:123,11
DA:128,5
DA:129,91
DA:130,36
DA:135,36
DA:136,36
DA:138,36
DA:139,2
DA:145,34
DA:146,9
DA:152,25
DA:156,5
LF:24
LH:24
BRDA:108,0,0,3
BRDA:108,0,1,11
BRDA:128,1,0,0
BRDA:138,2,0,2
BRDA:138,2,1,34
BRDA:138,3,0,36
BRDA:138,3,1,35
BRDA:145,4,0,9
BRDA:145,4,1,25
BRDA:145,5,0,34
BRDA:145,5,1,9
BRF:11
BRH:10
end_of_record
TN:
SF:lib/evalHarness/outputWriter.js
FN:15,(anonymous_0)
FN:54,(anonymous_1)
FN:63,(anonymous_2)
FN:72,(anonymous_3)
FN:81,(anonymous_4)
FN:93,(anonymous_5)
FN:119,(anonymous_6)
FN:129,(anonymous_7)
FN:161,(anonymous_8)
FNF:9
FNH:0
FNDA:0,(anonymous_0)
FNDA:0,(anonymous_1)
FNDA:0,(anonymous_2)
FNDA:0,(anonymous_3)
FNDA:0,(anonymous_4)
FNDA:0,(anonymous_5)
FNDA:0,(anonymous_6)
FNDA:0,(anonymous_7)
FNDA:0,(anonymous_8)
DA:6,0
DA:7,0
DA:15,0
DA:17,0
DA:18,0
DA:20,0
DA:21,0
DA:25,0
DA:28,0
DA:29,0
DA:33,0
DA:34,0
DA:38,0
DA:39,0
DA:43,0
DA:46,0
DA:48,0
DA:54,0
DA:55,0
DA:56,0
DA:57,0
DA:63,0
DA:64,0
DA:65,0
DA:66,0
DA:72,0
DA:73,0
DA:74,0
DA:75,0
DA:81,0
DA:82,0
DA:83,0
DA:87,0
DA:93,0
DA:94,0
DA:97,0
DA:98,0
DA:99,0
DA:100,0
DA:101,0
DA:103,0
DA:107,0
DA:108,0
DA:109,0
DA:110,0
DA:111,0
DA:113,0
DA:117,0
DA:118,0
DA:119,0
DA:120,0
DA:121,0
DA:122,0
DA:124,0
DA:128,0
DA:129,0
DA:130,0
DA:131,0
DA:133,0
DA:136,0
DA:140,0
DA:141,0
DA:142,0
DA:143,0
DA:144,0
DA:146,0
DA:149,0
DA:152,0
DA:153,0
DA:154,0
DA:155,0
DA:161,0
DA:162,0
DA:163,0
DA:164,0
DA:167,0
LF:76
LH:0
BRDA:20,0,0,0
BRDA:20,0,1,0
BRDA:28,1,0,0
BRDA:28,1,1,0
BRDA:33,2,0,0
BRDA:33,2,1,0
BRDA:38,3,0,0
BRDA:38,3,1,0
BRDA:97,4,0,0
BRDA:97,4,1,0
BRDA:100,5,0,0
BRDA:100,5,1,0
BRDA:107,6,0,0
BRDA:107,6,1,0
BRDA:107,7,0,0
BRDA:107,7,1,0
BRDA:117,8,0,0
BRDA:117,8,1,0
BRDA:117,9,0,0
BRDA:117,9,1,0
BRDA:128,10,0,0
BRDA:128,10,1,0
BRDA:128,11,0,0
BRDA:128,11,1,0
BRDA:129,12,0,0
BRDA:129,12,1,0
BRDA:130,13,0,0
BRDA:130,13,1,0
BRDA:140,14,0,0
BRDA:140,14,1,0
BRDA:141,15,0,0
BRDA:141,15,1,0
BRDA:143,16,0,0
BRDA:143,16,1,0
BRF:34
BRH:0
end_of_record
TN:
SF:lib/evalHarness/stressTests.js
FN:12,(anonymous_0)
FN:35,(anonymous_1)
FN:48,(anonymous_2)
FN:62,(anonymous_3)
FN:67,(anonymous_4)
FN:76,(anonymous_5)
FN:82,(anonymous_6)
FN:82,(anonymous_7)
FN:85,(anonymous_8)
FN:86,(anonymous_9)
FN:89,(anonymous_10)
FN:109,(anonymous_11)
FN:126,(anonymous_12)
FN:146,(anonymous_13)
FN:184,(anonymous_14)
FN:185,(anonymous_15)
FNF:16
FNH:0
FNDA:0,(anonymous_0)
FNDA:0,(anonymous_1)
FNDA:0,(anonymous_2)
FNDA:0,(anonymous_3)
FNDA:0,(anonymous_4)
FNDA:0,(anonymous_5)
FNDA:0,(anonymous_6)
FNDA:0,(anonymous_7)
FNDA:0,(anonymous_8)
FNDA:0,(anonymous_9)
FNDA:0,(anonymous_10)
FNDA:0,(anonymous_11)
FNDA:0,(anonymous_12)
FNDA:0,(anonymous_13)
FNDA:0,(anonymous_14)
FNDA:0,(anonymous_15)
DA:12,0
DA:13,0
DA:14,0
DA:15,0
DA:17,0
DA:18,0
DA:19,0
DA:20,0
DA:21,0
DA:22,0
DA:26,0
DA:35,0
DA:36,0
DA:37,0
DA:39,0
DA:40,0
DA:43,0
DA:45,0
DA:46,0
DA:47,0
DA:48,0
DA:49,0
DA:52,0
DA:62,0
DA:63,0
DA:65,0
DA:67,0
DA:70,0
DA:71,0
DA:72,0
DA:76,0
DA:77,0
DA:80,0
DA:82,0
DA:83,0
DA:85,0
DA:86,0
DA:87,0
DA:89,0
DA:90,0
DA:91,0
DA:92,0
DA:97,0
DA:109,0
DA:116,0
DA:118,0
DA:121,0
DA:122,0
DA:125,0
DA:126,0
DA:127,0
DA:128,0
DA:129,0
DA:130,0
DA:132,0
DA:143,0
DA:144,0
DA:146,0
DA:147,0
DA:150,0
DA:151,0
DA:152,0
DA:153,0
DA:155,0
DA:164,0
DA:165,0
DA:166,0
DA:167,0
DA:168,0
DA:170,0
DA:182,0
DA:184,0
DA:185,0
DA:189,0
DA:195,0
LF:75
LH:0
BRDA:12,0,0,0
BRDA:14,1,0,0
BRDA:14,1,1,0
BRDA:20,2,0,0
BRDA:20,2,1,0
BRDA:35,3,0,0
BRDA:39,4,0,0
BRDA:39,4,1,0
BRDA:62,5,0,0
BRDA:65,6,0,0
BRDA:65,6,1,0
BRDA:80,7,0,0
BRDA:80,7,1,0
BRDA:83,8,0,0
BRDA:83,8,1,0
BRDA:90,9,0,0
BRDA:90,9,1,0
BRDA:109,10,0,0
BRDA:111,11,0,0
BRDA:112,12,0,0
BRDA:113,13,0,0
BRDA:114,14,0,0
BRDA:115,15,0,0
BRDA:125,16,0,0
BRDA:125,16,1,0
BRDA:143,17,0,0
BRDA:143,17,1,0
BRDA:144,18,0,0
BRDA:144,18,1,0
BRDA:144,19,0,0
BRDA:144,19,1,0
BRDA:147,20,0,0
BRDA:147,20,1,0
BRDA:147,21,0,0
BRDA:147,21,1,0
BRDA:164,22,0,0
BRDA:164,22,1,0
BRF:37
BRH:0
end_of_record
TN:
SF:routes/modellab/artifacts.js
FN:17,(anonymous_0)
FN:31,(anonymous_1)
FN:33,(anonymous_2)
FN:65,(anonymous_3)
FN:101,(anonymous_4)
FN:119,(anonymous_5)
FN:180,(anonymous_6)
FN:229,(anonymous_7)
FNF:8
FNH:0
FNDA:0,(anonymous_0)
FNDA:0,(anonymous_1)
FNDA:0,(anonymous_2)
FNDA:0,(anonymous_3)
FNDA:0,(anonymous_4)
FNDA:0,(anonymous_5)
FNDA:0,(anonymous_6)
FNDA:0,(anonymous_7)
DA:6,4
DA:7,4
DA:8,4
DA:9,4
DA:10,4
DA:11,4
DA:13,4
DA:14,4
DA:17,4
DA:18,0
DA:19,0
DA:20,0
DA:21,0
DA:24,0
DA:25,0
DA:26,0
DA:30,0
DA:31,0
DA:32,0
DA:33,0
DA:34,0
DA:35,0
DA:36,0
DA:38,0
DA:39,0
DA:41,0
DA:54,0
DA:56,0
DA:59,0
DA:60,0
DA:65,4
DA:66,0
DA:67,0
DA:69,0
DA:70,0
DA:73,0
DA:74,0
DA:75,0
DA:79,0
DA:89,0
DA:95,0
DA:96,0
DA:101,4
DA:102,0
DA:103,0
DA:104,0
DA:107,0
DA:108,0
DA:109,0
DA:112,0
DA:119,0
DA:120,0
DA:121,0
DA:124,0
DA:125,0
DA:126,0
DA:127,0
DA:130,0
DA:131,0
DA:134,0
DA:135,0
DA:136,0
DA:137,0
DA:141,0
DA:142,0
DA:144,0
DA:146,0
DA:147,0
DA:148,0
DA:149,0
DA:150,0
DA:152,0
DA:156,0
DA:167,0
DA:173,0
DA:174,0
DA:180,4
DA:181,0
DA:182,0
DA:183,0
DA:184,0
DA:187,0
DA:188,0
DA:189,0
DA:192,0
DA:193,0
DA:194,0
DA:197,0
DA:211,0
DA:213,0
DA:219,0
DA:220,0
DA:223,0
DA:224,0
DA:229,4
DA:230,0
DA:231,0
DA:232,0
DA:233,0
DA:236,0
DA:237,0
DA:238,0
DA:241,0
DA:243,0
DA:246,0
DA:247,0
DA:251,4
LF:107
LH:14
BRDA:20,0,0,0
BRDA:20,0,1,0
BRDA:25,1,0,0
BRDA:25,1,1,0
BRDA:38,2,0,0
BRDA:38,2,1,0
BRDA:69,3,0,0
BRDA:69,3,1,0
BRDA:69,4,0,0
BRDA:69,4,1,0
BRDA:74,5,0,0
BRDA:74,5,1,0
BRDA:82,6,0,0
BRDA:82,6,1,0
BRDA:83,7,0,0
BRDA:83,7,1,0
BRDA:84,8,0,0
BRDA:84,8,1,0
BRDA:85,9,0,0
BRDA:85,9,1,0
BRDA:103,10,0,0
BRDA:103,10,1,0
BRDA:108,11,0,0
BRDA:108,11,1,0
BRDA:120,12,0,0
BRDA:120,12,1,0
BRDA:126,13,0,0
BRDA:126,13,1,0
BRDA:130,14,0,0
BRDA:130,14,1,0
BRDA:131,15,0,0
BRDA:131,15,1,0
BRDA:134,16,0,0
BRDA:134,16,1,0
BRDA:134,17,0,0
BRDA:134,17,1,0
BRDA:136,18,0,0
BRDA:136,18,1,0
BRDA:147,19,0,0
BRDA:147,19,1,0
BRDA:148,20,0,0
BRDA:148,20,1,0
BRDA:183,21,0,0
BRDA:183,21,1,0
BRDA:188,22,0,0
BRDA:188,22,1,0
BRDA:211,23,0,0
BRDA:211,23,1,0
BRDA:232,24,0,0
BRDA:232,24,1,0
BRDA:237,25,0,0
BRDA:237,25,1,0
BRF:52
BRH:0
end_of_record
TN:
SF:routes/modellab/datasets.js
FN:19,(anonymous_0)
FN:32,(anonymous_1)
FN:45,(anonymous_2)
FN:53,(anonymous_3)
FN:79,(anonymous_4)
FN:160,(anonymous_5)
FN:174,(anonymous_6)
FN:197,(anonymous_7)
FNF:8
FNH:4
FNDA:2,(anonymous_0)
FNDA:1,(anonymous_1)
FNDA:0,(anonymous_2)
FNDA:0,(anonymous_3)
FNDA:0,(anonymous_4)
FNDA:1,(anonymous_5)
FNDA:0,(anonymous_6)
FNDA:1,(anonymous_7)
DA:6,4
DA:7,4
DA:8,4
DA:9,4
DA:10,4
DA:11,4
DA:14,4
DA:15,4
DA:16,4
DA:19,4
DA:20,2
DA:21,2
DA:23,2
DA:24,2
DA:26,0
DA:27,0
DA:32,4
DA:33,1
DA:34,1
DA:35,1
DA:36,1
DA:38,0
DA:40,0
DA:45,4
DA:46,0
DA:53,0
DA:54,0
DA:55,0
DA:58,0
DA:60,0
DA:61,0
DA:62,0
DA:66,0
DA:73,0
DA:78,0
DA:79,0
DA:83,0
DA:91,0
DA:92,0
DA:95,0
DA:98,0
DA:101,0
DA:102,0
DA:103,0
DA:104,0
DA:107,0
DA:110,0
DA:111,0
DA:113,0
DA:114,0
DA:115,0
DA:116,0
DA:118,0
DA:122,0
DA:123,0
DA:124,0
DA:125,0
DA:127,0
DA:132,0
DA:147,0
DA:153,0
DA:154,0
DA:160,4
DA:161,1
DA:162,1
DA:163,1
DA:164,1
DA:166,0
DA:168,0
DA:169,0
DA:174,4
DA:175,0
DA:176,0
DA:177,0
DA:178,0
DA:182,0
DA:183,0
DA:185,0
DA:191,0
DA:192,0
DA:197,4
DA:198,1
DA:199,1
DA:200,1
DA:201,1
DA:205,0
DA:206,0
DA:209,0
DA:211,0
DA:213,0
DA:214,0
DA:218,4
LF:92
LH:32
BRDA:23,0,0,2
BRDA:23,0,1,0
BRDA:35,1,0,1
BRDA:35,1,1,0
BRDA:54,2,0,0
BRDA:54,2,1,0
BRDA:61,3,0,0
BRDA:61,3,1,0
BRDA:67,4,0,0
BRDA:67,4,1,0
BRDA:68,5,0,0
BRDA:68,5,1,0
BRDA:69,6,0,0
BRDA:69,6,1,0
BRDA:70,7,0,0
BRDA:70,7,1,0
BRDA:78,8,0,0
BRDA:78,8,1,0
BRDA:91,9,0,0
BRDA:91,9,1,0
BRDA:92,10,0,0
BRDA:92,10,1,0
BRDA:113,11,0,0
BRDA:113,11,1,0
BRDA:114,12,0,0
BRDA:114,12,1,0
BRDA:122,13,0,0
BRDA:122,13,1,0
BRDA:123,14,0,0
BRDA:123,14,1,0
BRDA:133,15,0,0
BRDA:133,15,1,0
BRDA:133,16,0,0
BRDA:133,16,1,0
BRDA:134,17,0,0
BRDA:134,17,1,0
BRDA:134,18,0,0
BRDA:134,18,1,0
BRDA:163,19,0,1
BRDA:163,19,1,0
BRDA:177,20,0,0
BRDA:177,20,1,0
BRDA:200,21,0,1
BRDA:200,21,1,0
BRDA:205,22,0,0
BRDA:205,22,1,0
BRDA:205,23,0,0
BRDA:205,23,1,0
BRF:48
BRH:4
end_of_record
TN:
SF:routes/modellab/projects.js
FN:15,(anonymous_0)
FN:20,(anonymous_1)
FN:41,(anonymous_2)
FN:56,(anonymous_3)
FN:57,(anonymous_4)
FN:58,(anonymous_5)
FN:59,(anonymous_6)
FN:77,(anonymous_7)
FN:93,(anonymous_8)
FN:113,(anonymous_9)
FN:140,(anonymous_10)
FN:155,(anonymous_11)
FNF:12
FNH:8
FNDA:1,(anonymous_0)
FNDA:14,(anonymous_1)
FNDA:3,(anonymous_2)
FNDA:0,(anonymous_3)
FNDA:0,(anonymous_4)
FNDA:0,(anonymous_5)
FNDA:0,(anonymous_6)
FNDA:3,(anonymous_7)
FNDA:2,(anonymous_8)
FNDA:4,(anonymous_9)
FNDA:1,(anonymous_10)
FNDA:1,(anonymous_11)
DA:6,4
DA:7,4
DA:8,4
DA:11,4
DA:12,4
DA:15,4
DA:16,1
DA:17,1
DA:20,1
DA:21,14
DA:22,14
DA:24,14
DA:34,1
DA:36,0
DA:41,4
DA:42,3
DA:43,3
DA:44,3
DA:45,2
DA:49,1
DA:50,1
DA:53,1
DA:56,0
DA:57,0
DA:58,0
DA:59,0
DA:65,1
DA:72,0
DA:77,4
DA:78,3
DA:79,3
DA:81,3
DA:86,3
DA:88,0
DA:93,4
DA:94,2
DA:95,2
DA:97,2
DA:102,2
DA:103,1
DA:106,1
DA:108,0
DA:113,4
DA:114,4
DA:115,4
DA:116,4
DA:117,1
DA:121,3
DA:122,3
DA:124,3
DA:125,1
DA:132,2
DA:133,2
DA:135,0
DA:140,4
DA:141,1
DA:142,1
DA:143,1
DA:144,0
DA:147,1
DA:148,1
DA:150,0
DA:155,4
DA:156,1
DA:157,1
DA:158,1
DA:159,0
DA:162,1
DA:163,1
DA:165,0
DA:169,4
LF:71
LH:58
BRDA:28,0,0,11
BRDA:28,0,1,3
BRDA:30,1,0,0
BRDA:30,1,1,3
BRDA:44,2,0,2
BRDA:44,2,1,1
BRDA:59,3,0,0
BRDA:59,3,1,0
BRDA:60,4,0,0
BRDA:60,4,1,1
BRDA:62,5,0,0
BRDA:62,5,1,1
BRDA:83,6,0,3
BRDA:83,6,1,0
BRDA:102,7,0,1
BRDA:102,7,1,1
BRDA:116,8,0,1
BRDA:116,8,1,3
BRDA:124,9,0,1
BRDA:124,9,1,2
BRDA:124,10,0,3
BRDA:124,10,1,3
BRDA:143,11,0,0
BRDA:143,11,1,1
BRDA:158,12,0,0
BRDA:158,12,1,1
BRF:26
BRH:18
end_of_record
TN:
SF:routes/modellab/runs.js
FN:21,(anonymous_0)
FN:31,(anonymous_1)
FN:41,(anonymous_2)
FN:44,(anonymous_3)
FN:47,(anonymous_4)
FN:50,(anonymous_5)
FN:61,(anonymous_6)
FN:78,(anonymous_7)
FN:133,(anonymous_8)
FN:150,(anonymous_9)
FN:172,(anonymous_10)
FN:213,(anonymous_11)
FN:255,(anonymous_12)
FN:267,(anonymous_13)
FN:287,(anonymous_14)
FNF:15
FNH:10
FNDA:2,(anonymous_0)
FNDA:4,(anonymous_1)
FNDA:29,(anonymous_2)
FNDA:29,(anonymous_3)
FNDA:29,(anonymous_4)
FNDA:0,(anonymous_5)
FNDA:3,(anonymous_6)
FNDA:2,(anonymous_7)
FNDA:3,(anonymous_8)
FNDA:2,(anonymous_9)
FNDA:0,(anonymous_10)
FNDA:0,(anonymous_11)
FNDA:1,(anonymous_12)
FNDA:0,(anonymous_13)
FNDA:0,(anonymous_14)
DA:6,4
DA:7,4
DA:8,4
DA:9,4
DA:10,4
DA:11,4
DA:12,4
DA:14,4
DA:16,4
DA:17,4
DA:18,4
DA:21,4
DA:22,2
DA:23,2
DA:24,2
DA:26,0
DA:31,4
DA:32,4
DA:33,4
DA:35,4
DA:38,4
DA:40,4
DA:41,29
DA:43,4
DA:44,29
DA:46,4
DA:47,29
DA:49,4
DA:50,0
DA:53,4
DA:55,0
DA:56,0
DA:61,4
DA:62,3
DA:63,3
DA:64,3
DA:65,2
DA:69,1
DA:71,1
DA:73,0
DA:78,4
DA:79,2
DA:80,2
DA:83,2
DA:86,2
DA:87,0
DA:88,0
DA:89,0
DA:94,2
DA:95,2
DA:96,2
DA:99,2
DA:121,2
DA:127,0
DA:128,0
DA:133,4
DA:134,3
DA:135,3
DA:136,3
DA:137,1
DA:139,2
DA:141,0
DA:142,0
DA:146,4
DA:147,4
DA:150,4
DA:151,2
DA:152,2
DA:153,2
DA:154,1
DA:158,1
DA:159,1
DA:162,1
DA:164,1
DA:166,0
DA:167,0
DA:172,4
DA:173,0
DA:174,0
DA:175,0
DA:177,0
DA:178,0
DA:182,0
DA:185,0
DA:186,0
DA:189,0
DA:196,0
DA:201,0
DA:207,0
DA:208,0
DA:213,4
DA:214,0
DA:215,0
DA:216,0
DA:218,0
DA:219,0
DA:223,0
DA:224,0
DA:228,0
DA:229,0
DA:232,0
DA:242,0
DA:249,0
DA:250,0
DA:255,4
DA:256,1
DA:257,1
DA:258,1
DA:259,1
DA:261,0
DA:262,0
DA:267,4
DA:268,0
DA:269,0
DA:270,0
DA:272,0
DA:273,0
DA:277,0
DA:278,0
DA:279,0
DA:282,0
DA:284,0
DA:287,0
DA:289,0
DA:290,0
DA:293,0
DA:294,0
DA:295,0
DA:296,0
DA:302,0
DA:303,0
DA:307,4
LF:132
LH:71
BRDA:35,0,0,4
BRDA:35,0,1,0
BRDA:40,1,0,1
BRDA:40,1,1,3
BRDA:43,2,0,1
BRDA:43,2,1,3
BRDA:46,3,0,1
BRDA:46,3,1,3
BRDA:49,4,0,0
BRDA:49,4,1,4
BRDA:64,5,0,2
BRDA:64,5,1,1
BRDA:86,6,0,0
BRDA:86,6,1,2
BRDA:88,7,0,0
BRDA:88,7,1,0
BRDA:101,8,0,2
BRDA:101,8,1,0
BRDA:102,9,0,2
BRDA:102,9,1,2
BRDA:103,10,0,2
BRDA:103,10,1,2
BRDA:104,11,0,2
BRDA:104,11,1,1
BRDA:106,12,0,2
BRDA:106,12,1,0
BRDA:106,12,2,0
BRDA:107,13,0,2
BRDA:107,13,1,0
BRDA:107,13,2,0
BRDA:108,14,0,2
BRDA:108,14,1,2
BRDA:108,14,2,2
BRDA:109,15,0,2
BRDA:109,15,1,2
BRDA:109,15,2,2
BRDA:110,16,0,2
BRDA:110,16,1,2
BRDA:111,17,0,2
BRDA:111,17,1,0
BRDA:111,17,2,0
BRDA:112,18,0,2
BRDA:112,18,1,0
BRDA:112,18,2,0
BRDA:113,19,0,2
BRDA:113,19,1,1
BRDA:114,20,0,2
BRDA:114,20,1,2
BRDA:115,21,0,2
BRDA:115,21,1,1
BRDA:117,22,0,2
BRDA:117,22,1,2
BRDA:118,23,0,2
BRDA:118,23,1,2
BRDA:136,24,0,1
BRDA:136,24,1,2
BRDA:153,25,0,1
BRDA:153,25,1,1
BRDA:158,26,0,1
BRDA:158,26,1,0
BRDA:158,27,0,1
BRDA:158,27,1,1
BRDA:177,28,0,0
BRDA:177,28,1,0
BRDA:218,29,0,0
BRDA:218,29,1,0
BRDA:223,30,0,0
BRDA:223,30,1,0
BRDA:223,31,0,0
BRDA:223,31,1,0
BRDA:234,32,0,0
BRDA:234,32,1,0
BRDA:235,33,0,0
BRDA:235,33,1,0
BRDA:236,34,0,0
BRDA:236,34,1,0
BRDA:237,35,0,0
BRDA:237,35,1,0
BRDA:238,36,0,0
BRDA:238,36,1,0
BRDA:272,37,0,0
BRDA:272,37,1,0
BRDA:278,38,0,0
BRDA:278,38,1,0
BRDA:289,39,0,0
BRDA:289,39,1,0
BRDA:293,40,0,0
BRDA:293,40,1,0
BRDA:295,41,0,0
BRDA:295,41,1,0
BRF:90
BRH:47
end_of_record
